[Licensing::Module] Trying to connect to existing licensing client channel...
Built from '6000.3/staging' branch; Version is '6000.3.13f1 (8c4f11e4fb20) revision 9195281'; Using compiler version '194234433'; Build Type 'Release'
[Licensing::IpcConnector] Successfully connected to: "LicenseClient-Administrator" at "2026-04-20T14:53:09.3055157Z"
OS: 'Windows 11  (10.0.26200) Professional' Language: 'ko' Physical Memory: 32694 MB
BatchMode: 1, IsHumanControllingUs: 0, StartBugReporterOnCrash: 0, Is64bit: 1
System  architecture: x64
Process architecture: x64
Date: 2026-04-20T14:53:09Z

COMMAND LINE ARGUMENTS:
D:\unity\6000.3.13f1\Editor\Unity.exe
-adb2
-batchMode
-noUpm
-name
AssetImportWorker6
-projectPath
D:/UnityGame/UnityGame/My project
-logFile
Logs/AssetImportWorker6.log
-srvPort
8031
-licensingIpc
LicenseClient-Administrator
-job-worker-count
5
-background-job-worker-count
8
-gc-helper-count
1
-name
AssetImport
Successfully changed project path to: D:/UnityGame/UnityGame/My project
D:/UnityGame/UnityGame/My project
[UnityMemory] Configuration Parameters - Can be set up in boot.config
    "memorysetup-temp-allocator-size-nav-mesh-worker=65536"
    "memorysetup-temp-allocator-size-audio-worker=65536"
    "memorysetup-temp-allocator-size-gfx=262144"
    "memorysetup-allocator-temp-initial-block-size-main=262144"
    "memorysetup-allocator-temp-initial-block-size-worker=262144"
    "memorysetup-temp-allocator-size-background-worker=32768"
    "memorysetup-temp-allocator-size-job-worker=262144"
    "memorysetup-temp-allocator-size-preload-manager=33554432"
    "memorysetup-temp-allocator-size-gi-baking-worker=262144"
    "memorysetup-temp-allocator-size-gi-baking-worker=262144"
    "memorysetup-temp-allocator-size-gi-baking-worker=262144"
    "memorysetup-temp-allocator-size-gi-baking-worker=262144"
    "memorysetup-temp-allocator-size-gi-baking-worker=262144"
    "memorysetup-bucket-allocator-granularity=16"
    "memorysetup-bucket-allocator-bucket-count=8"
    "memorysetup-bucket-allocator-block-size=33554432"
    "memorysetup-bucket-allocator-block-count=8"
    "memorysetup-main-allocator-block-size=16777216"
    "memorysetup-thread-allocator-block-size=16777216"
    "memorysetup-gfx-main-allocator-block-size=16777216"
    "memorysetup-gfx-thread-allocator-block-size=16777216"
    "memorysetup-cache-allocator-block-size=4194304"
    "memorysetup-typetree-allocator-block-size=2097152"
    "memorysetup-profiler-bucket-allocator-granularity=16"
    "memorysetup-profiler-bucket-allocator-bucket-count=8"
    "memorysetup-profiler-bucket-allocator-block-size=33554432"
    "memorysetup-profiler-bucket-allocator-block-count=8"
    "memorysetup-profiler-allocator-block-size=16777216"
    "memorysetup-profiler-editor-allocator-block-size=1048576"
    "memorysetup-temp-allocator-size-main=16777216"
    "memorysetup-job-temp-allocator-block-size=2097152"
    "memorysetup-job-temp-allocator-block-size-background=1048576"
    "memorysetup-job-temp-allocator-reduction-small-platforms=262144"
    "memorysetup-temp-allocator-size-cloud-worker=32768"
Player connection [32712]  Target information:

Player connection [32712]  * "[IP] 192.168.219.123 [Port] 0 [Flags] 2 [Guid] 1265441433 [EditorId] 1265441433 [Version] 1048832 [Id] WindowsEditor(7,DESKTOP-L44KHL9) [Debug] 1 [PackageName] WindowsEditor [ProjectName] Editor" 

Player connection [32712]  * "[IP] 25.17.133.27 [Port] 0 [Flags] 2 [Guid] 1265441433 [EditorId] 1265441433 [Version] 1048832 [Id] WindowsEditor(7,DESKTOP-L44KHL9) [Debug] 1 [PackageName] WindowsEditor [ProjectName] Editor" 

Player connection [32712] Host joined multi-casting on [225.0.0.222:54997]...
Player connection [32712] Host joined alternative multi-casting on [225.0.0.222:34997]...
JobSystem: Creating JobQueue using job-worker-count value 5
Input System module state changed to: Initialized.
[Physics::Module] Initialized fallback backend.
[Physics::Module] Id: 0xdecafbad
Library Redirect Path: Library/
[Physics::Module] Selected backend.
[Physics::Module] Name: PhysX
[Physics::Module] Id: 0xf2b8ea05
[Physics::Module] SDK Version: 4.1.2
[Physics::Module] Integration Version: 1.0.0
[Physics::Module] Threading Mode: Multi-Threaded
Refreshing native plugins compatible for Editor in 7.09 ms, found 5 plugins.
Preloading 0 native plugins for Editor in 0.00 ms.
Initialize engine version: 6000.3.13f1 (8c4f11e4fb20)
[Subsystems] Discovering subsystems at path D:/unity/6000.3.13f1/Editor/Data/Resources/UnitySubsystems
[Subsystems] Discovering subsystems at path D:/UnityGame/UnityGame/My project/Assets
GfxDevice: creating device client; kGfxThreadingModeNonThreaded
Direct3D:
    Version:  Direct3D 11.0 [level 11.1]
    Renderer: NVIDIA GeForce GTX 1060 6GB (ID=0x1c03)
    Vendor:   NVIDIA
    VRAM:     6029 MB
    Driver:   32.0.15.6094
Initialize mono
Mono path[0] = 'D:/unity/6000.3.13f1/Editor/Data/Managed'
Mono path[1] = 'D:/unity/6000.3.13f1/Editor/Data/MonoBleedingEdge/lib/mono/unityjit-win32'
Mono config path = 'D:/unity/6000.3.13f1/Editor/Data/MonoBleedingEdge/etc'
Using monoOptions --debugger-agent=transport=dt_socket,embedding=1,server=y,suspend=n,address=127.0.0.1:56996
Begin MonoManager ReloadAssembly
Registering precompiled unity dll's ...
Register platform support module: D:/unity/6000.3.13f1/Editor/Data/PlaybackEngines/WindowsStandaloneSupport/UnityEditor.WindowsStandalone.Extensions.dll
Registered in 0.002074 seconds.
- Loaded All Assemblies, in  0.425 seconds
Native extension for WindowsStandalone target not found
[Licensing::Client] Error: HandshakeResponse reported an error:
	ResponseCode: 505
	ResponseStatus: Unsupported protocol version '1.18.1'.
[Licensing::Module] Error: Failed to handshake to channel: "LicenseClient-Administrator"
[Licensing::IpcConnector] LicenseClient-Administrator channel disconnected successfully.
[Licensing::IpcConnector] Successfully connected to: "LicenseClient-Administrator-6000.3.13" at "2026-04-20T14:53:10.6024908Z"
Package Manager log level set to [2]
[Package Manager] Failed to launch server process. Reason: Unity was launched with the -noUpm command-line argument
[Package Manager] Unable to send message (not connected to server process).
[Package Manager] Cannot connect to Unity Package Manager local server
ScheduleIndexationOnStartup MainProcess:False IndexOnStartup:True
Mono: successfully reloaded assembly
- Finished resetting the current domain, in  0.363 seconds
Domain Reload Profiling: 788ms
	BeginReloadAssembly (182ms)
		ExecutionOrderSort (0ms)
		DisableScriptedObjects (0ms)
		BackupInstance (0ms)
		ReleaseScriptingObjects (0ms)
		CreateAndSetChildDomain (1ms)
	RebuildCommonClasses (34ms)
	RebuildNativeTypeToScriptingClass (11ms)
	initialDomainReloadingComplete (37ms)
	LoadAllAssembliesAndSetupDomain (160ms)
		LoadAssemblies (181ms)
		RebuildTransferFunctionScriptingTraits (0ms)
		AnalyzeDomain (156ms)
			TypeCache.Refresh (154ms)
				TypeCache.ScanAssembly (141ms)
			BuildScriptInfoCaches (0ms)
			ResolveRequiredComponents (0ms)
	FinalizeReload (363ms)
		ReleaseScriptCaches (0ms)
		RebuildScriptCaches (0ms)
		SetupLoadedEditorAssemblies (320ms)
			LogAssemblyErrors (0ms)
			InitializePlatformSupportModulesInManaged (40ms)
			SetLoadedEditorAssemblies (3ms)
			BeforeProcessingInitializeOnLoad (73ms)
			ProcessInitializeOnLoadAttributes (130ms)
			ProcessInitializeOnLoadMethodAttributes (74ms)
			AfterProcessingInitializeOnLoad (0ms)
			EditorAssembliesLoaded (0ms)
		ExecutionOrderSort2 (0ms)
		AwakeInstancesAfterBackupRestoration (0ms)
========================================================================
Worker process is ready to serve import requests
Import Worker Mode flag is 0x00
Begin MonoManager ReloadAssembly
[Licensing::Module] Licensing is not yet initialized.
[Licensing::Client] Handshaking with LicensingClient:
  Version:                 1.18.1+9fbee8e
  Session Id:              60aa5923349d47d8a6f64758591759bb
  Correlation Id:          a4d537091b3b0e314779dfe46d735f54
  External correlation Id: 8968273237437219405
  Machine Id:              FmvuUOVJH7MiGQAp1/hAZogbUYs=
[Licensing::Module] Successfully connected to LicensingClient on channel: "LicenseClient-Administrator-6000.3.13" (connect: 0.00s, validation: 0.00s, handshake: 1.08s)
[Licensing::IpcConnector] Successfully connected to: "LicenseClient-Administrator-6000.3.13-notifications" at "2026-04-20T14:53:11.6848059Z"
[Licensing::Module] Licensing Background thread has ended after 2.38s
[Licensing::Module] Licensing is initialized (took 0.64s).
[Licensing::Client] Successfully resolved entitlement details
[Licensing::Module] License group:
  Id: F4-BXM4-VMG8-FPK6-3WUH-XXXX
  Product: Unity Personal
  Type: ULF
  Expiration: 2026-05-27T11:57:23Z
[Licensing::Module] License group:
  Id: 14569718489684-UnityPersXXXX
  Product: Unity Personal
  Type: Assigned
  Expiration: Unlimited
- Loaded All Assemblies, in  1.442 seconds
Refreshing native plugins compatible for Editor in 3.27 ms, found 5 plugins.
Native extension for WindowsStandalone target not found
[Package Manager] Failed to launch server process. Reason: Unity was launched with the -noUpm command-line argument
[Package Manager] Unable to send message (not connected to server process).
[Package Manager] Cannot connect to Unity Package Manager local server
Refreshing native plugins compatible for Editor in 3.99 ms, found 5 plugins.
[Package Manager] Failed to launch server process. Reason: Unity was launched with the -noUpm command-line argument
[Package Manager] Unable to send message (not connected to server process).
[Package Manager] Cannot connect to Unity Package Manager local server
ScheduleIndexationOnStartup MainProcess:False IndexOnStartup:True
Mono: successfully reloaded assembly
- Finished resetting the current domain, in  0.890 seconds
Domain Reload Profiling: 2331ms
	BeginReloadAssembly (860ms)
		ExecutionOrderSort (0ms)
		DisableScriptedObjects (5ms)
		BackupInstance (0ms)
		ReleaseScriptingObjects (0ms)
		CreateAndSetChildDomain (28ms)
	RebuildCommonClasses (34ms)
	RebuildNativeTypeToScriptingClass (11ms)
	initialDomainReloadingComplete (34ms)
	LoadAllAssembliesAndSetupDomain (500ms)
		LoadAssemblies (413ms)
		RebuildTransferFunctionScriptingTraits (0ms)
		AnalyzeDomain (241ms)
			TypeCache.Refresh (169ms)
				TypeCache.ScanAssembly (156ms)
			BuildScriptInfoCaches (60ms)
			ResolveRequiredComponents (8ms)
	FinalizeReload (890ms)
		ReleaseScriptCaches (0ms)
		RebuildScriptCaches (0ms)
		SetupLoadedEditorAssemblies (742ms)
			LogAssemblyErrors (0ms)
			InitializePlatformSupportModulesInManaged (1ms)
			SetLoadedEditorAssemblies (3ms)
			BeforeProcessingInitializeOnLoad (130ms)
			ProcessInitializeOnLoadAttributes (468ms)
			ProcessInitializeOnLoadMethodAttributes (136ms)
			AfterProcessingInitializeOnLoad (2ms)
			EditorAssembliesLoaded (0ms)
		ExecutionOrderSort2 (0ms)
		AwakeInstancesAfterBackupRestoration (15ms)
Launched and connected shader compiler UnityShaderCompiler.exe after 0.02 seconds
Refreshing native plugins compatible for Editor in 22.15 ms, found 5 plugins.
Preloading 0 native plugins for Editor in 0.00 ms.
Unloading 16 Unused Serialized files (Serialized files now loaded: 0)
Unloading 7175 unused Assets / (4.3 MB). Loaded Objects now: 8000.
Memory consumption went from 157.1 MB to 152.8 MB.
Total: 11.295600 ms (FindLiveObjects: 1.981200 ms CreateObjectMapping: 0.926400 ms MarkObjects: 5.790500 ms  DeleteObjects: 2.596000 ms)

========================================================================
Received Import Request.
  Time since last request: 22309.964668 seconds.
  path: Assets/Asset1/CodeRedCat/4kVectorLandscape/Night/CloudsN2BGMain.png
  artifactKey: Guid(361bd6ab5e65257428d48d0797282674) Importer(815301076,1909f56bfc062723c751e8b465ee728b)
Start importing Assets/Asset1/CodeRedCat/4kVectorLandscape/Night/CloudsN2BGMain.png using Guid(361bd6ab5e65257428d48d0797282674) Importer(815301076,1909f56bfc062723c751e8b465ee728b) (PreviewImporter) -> (artifact id: 'cae0f233a8078aaa2ed3f9e2c773b6cd') in 0.08221 seconds
Number of updated asset objects reloaded before import = 0Number of asset objects unloaded after import = 3

========================================================================
Received Import Request.
  Time since last request: 0.000017 seconds.
  path: Assets/Asset1/CodeRedCat/4kVectorLandscape/Night/Moon1.png
  artifactKey: Guid(2a8a5ec716afd004f9bd7407906fc948) Importer(815301076,1909f56bfc062723c751e8b465ee728b)
Start importing Assets/Asset1/CodeRedCat/4kVectorLandscape/Night/Moon1.png using Guid(2a8a5ec716afd004f9bd7407906fc948) Importer(815301076,1909f56bfc062723c751e8b465ee728b) (PreviewImporter) -> (artifact id: '71a7fa0c249d8244e15bd14b4e75ce6f') in 0.039304 seconds
Number of updated asset objects reloaded before import = 0Number of asset objects unloaded after import = 3

========================================================================
Received Import Request.
  Time since last request: 0.000020 seconds.
  path: Assets/Asset1/CodeRedCat/4kVectorLandscape/Night/Moon2.png
  artifactKey: Guid(b0d20210f7e73a54b935ad8aa7423006) Importer(815301076,1909f56bfc062723c751e8b465ee728b)
Start importing Assets/Asset1/CodeRedCat/4kVectorLandscape/Night/Moon2.png using Guid(b0d20210f7e73a54b935ad8aa7423006) Importer(815301076,1909f56bfc062723c751e8b465ee728b) (PreviewImporter) -> (artifact id: 'b7a27642047af2dba75fc68cd31e57b1') in 0.0204665 seconds
Number of updated asset objects reloaded before import = 0Number of asset objects unloaded after import = 3

========================================================================
Received Import Request.
  Time since last request: 0.000025 seconds.
  path: Assets/Asset1/CodeRedCat/4kVectorLandscape/Night/MountainN1BGMain.png
  artifactKey: Guid(0b8108767c0eac14e95e718f18fee7df) Importer(815301076,1909f56bfc062723c751e8b465ee728b)
Start importing Assets/Asset1/CodeRedCat/4kVectorLandscape/Night/MountainN1BGMain.png using Guid(0b8108767c0eac14e95e718f18fee7df) Importer(815301076,1909f56bfc062723c751e8b465ee728b) (PreviewImporter) -> (artifact id: '92f5afe1e365e3f95e684adcf675d199') in 0.0189234 seconds
Number of updated asset objects reloaded before import = 0Number of asset objects unloaded after import = 3

========================================================================
Received Import Request.
  Time since last request: 0.000017 seconds.
  path: Assets/Asset1/CodeRedCat/4kVectorLandscape/Night/HillsNBGTop.png
  artifactKey: Guid(b2669eafd49fd2247a0969ea7ee870fe) Importer(815301076,1909f56bfc062723c751e8b465ee728b)
Start importing Assets/Asset1/CodeRedCat/4kVectorLandscape/Night/HillsNBGTop.png using Guid(b2669eafd49fd2247a0969ea7ee870fe) Importer(815301076,1909f56bfc062723c751e8b465ee728b) (PreviewImporter) -> (artifact id: '69083c0ed7ce905de1542a48b1765af9') in 0.0200608 seconds
Number of updated asset objects reloaded before import = 0Number of asset objects unloaded after import = 3

========================================================================
Received Import Request.
  Time since last request: 0.000015 seconds.
  path: Assets/Asset1/CodeRedCat/4kVectorLandscape/Night/DeciduousTreesNBGTop.png
  artifactKey: Guid(c8dca5efd64cf4d46a35e9869247dbaf) Importer(815301076,1909f56bfc062723c751e8b465ee728b)
Start importing Assets/Asset1/CodeRedCat/4kVectorLandscape/Night/DeciduousTreesNBGTop.png using Guid(c8dca5efd64cf4d46a35e9869247dbaf) Importer(815301076,1909f56bfc062723c751e8b465ee728b) (PreviewImporter) -> (artifact id: 'f35a4dba75b919a7e26d3df654126dd8') in 0.0174557 seconds
Number of updated asset objects reloaded before import = 0Number of asset objects unloaded after import = 3

========================================================================
Received Import Request.
  Time since last request: 0.000028 seconds.
  path: Assets/Asset1/CodeRedCat/4kVectorLandscape/Night/GroundN2BGTop.png
  artifactKey: Guid(b1934b5be205a6340b6acdef90ff412d) Importer(815301076,1909f56bfc062723c751e8b465ee728b)
Start importing Assets/Asset1/CodeRedCat/4kVectorLandscape/Night/GroundN2BGTop.png using Guid(b1934b5be205a6340b6acdef90ff412d) Importer(815301076,1909f56bfc062723c751e8b465ee728b) (PreviewImporter) -> (artifact id: '11c23a22d475c654f36fc1dcc28784e1') in 0.019882 seconds
Number of updated asset objects reloaded before import = 0Number of asset objects unloaded after import = 3

========================================================================
Received Import Request.
  Time since last request: 0.000029 seconds.
  path: Assets/Asset1/CodeRedCat/4kVectorLandscape/Night/MountainN1BGTop.png
  artifactKey: Guid(1d6155ebc1514e44f9a16e13785ed299) Importer(815301076,1909f56bfc062723c751e8b465ee728b)
Start importing Assets/Asset1/CodeRedCat/4kVectorLandscape/Night/MountainN1BGTop.png using Guid(1d6155ebc1514e44f9a16e13785ed299) Importer(815301076,1909f56bfc062723c751e8b465ee728b) (PreviewImporter) -> (artifact id: '0c123bcba3c16c7fefd957b5cf769aeb') in 0.0231438 seconds
Number of updated asset objects reloaded before import = 0Number of asset objects unloaded after import = 3

========================================================================
Received Import Request.
  Time since last request: 132.153216 seconds.
  path: Assets/Asset1/CodeRedCat/4kVectorLandscape/Night/PinetreesNBGMain 1.png
  artifactKey: Guid(83602277e6a17264a984c5dea826a87f) Importer(815301076,1909f56bfc062723c751e8b465ee728b)
Start importing Assets/Asset1/CodeRedCat/4kVectorLandscape/Night/PinetreesNBGMain 1.png using Guid(83602277e6a17264a984c5dea826a87f) Importer(815301076,1909f56bfc062723c751e8b465ee728b) (PreviewImporter) -> (artifact id: 'eb79b24e5508bc01c59635f5023bed21') in 0.0099993 seconds
Number of updated asset objects reloaded before import = 0Number of asset objects unloaded after import = 3

========================================================================
Received Import Request.
  Time since last request: 16.752834 seconds.
  path: Assets/Asset1/CodeRedCat/4kVectorLandscape/Night/MountainN1BGTop 1.png
  artifactKey: Guid(4d32d36059c485b44b5b3f1ffc36dceb) Importer(815301076,1909f56bfc062723c751e8b465ee728b)
Start importing Assets/Asset1/CodeRedCat/4kVectorLandscape/Night/MountainN1BGTop 1.png using Guid(4d32d36059c485b44b5b3f1ffc36dceb) Importer(815301076,1909f56bfc062723c751e8b465ee728b) (PreviewImporter) -> (artifact id: '6ad56e846622891772829c238f657979') in 0.0116955 seconds
Number of updated asset objects reloaded before import = 0Number of asset objects unloaded after import = 3

========================================================================
Received Import Request.
  Time since last request: 24.055444 seconds.
  path: Assets/Scenes/Level_5.unity
  artifactKey: Guid(c99c736539ae6ac479aa45107a33e342) Importer(2089858483,b0f066a214c2f5e87bad3c948f4d605d)
Start importing Assets/Scenes/Level_5.unity using Guid(c99c736539ae6ac479aa45107a33e342) Importer(2089858483,b0f066a214c2f5e87bad3c948f4d605d) (ScriptedImporter) -> (artifact id: 'f244a0fe97c5d0da316ac5ccb0954e59') in 0.0587187 seconds
Number of updated asset objects reloaded before import = 0Number of asset objects unloaded after import = 1

========================================================================
Received Import Request.
  Time since last request: 4.793578 seconds.
  path: Assets/Asset1/CodeRedCat/4kVectorLandscape/Morning/CloudsM1BGMain.png
  artifactKey: Guid(0478fa1eb3cbe874bbd0b0fc9a56e225) Importer(815301076,1909f56bfc062723c751e8b465ee728b)
Start importing Assets/Asset1/CodeRedCat/4kVectorLandscape/Morning/CloudsM1BGMain.png using Guid(0478fa1eb3cbe874bbd0b0fc9a56e225) Importer(815301076,1909f56bfc062723c751e8b465ee728b) (PreviewImporter) -> (artifact id: '4eb6a5e41430a0aa2923b0a3c61e5672') in 0.0181495 seconds
Number of updated asset objects reloaded before import = 0Number of asset objects unloaded after import = 3

========================================================================
Received Import Request.
  Time since last request: 0.000021 seconds.
  path: Assets/Asset1/CodeRedCat/4kVectorLandscape/Morning/DeciduousTreesMBGMain.png
  artifactKey: Guid(1489c666be3fd1349a2bbc4d994c51d8) Importer(815301076,1909f56bfc062723c751e8b465ee728b)
Start importing Assets/Asset1/CodeRedCat/4kVectorLandscape/Morning/DeciduousTreesMBGMain.png using Guid(1489c666be3fd1349a2bbc4d994c51d8) Importer(815301076,1909f56bfc062723c751e8b465ee728b) (PreviewImporter) -> (artifact id: '0dce6b138d3c6bd55293c6c27f25a752') in 0.0190048 seconds
Number of updated asset objects reloaded before import = 0Number of asset objects unloaded after import = 3

========================================================================
Received Import Request.
  Time since last request: 0.000021 seconds.
  path: Assets/Asset1/CodeRedCat/4kVectorLandscape/Morning/GroundM2BGTop.png
  artifactKey: Guid(c3cd56e751e7d5242ad9b96b9f95b77d) Importer(815301076,1909f56bfc062723c751e8b465ee728b)
Start importing Assets/Asset1/CodeRedCat/4kVectorLandscape/Morning/GroundM2BGTop.png using Guid(c3cd56e751e7d5242ad9b96b9f95b77d) Importer(815301076,1909f56bfc062723c751e8b465ee728b) (PreviewImporter) -> (artifact id: 'bb0ee98109028fdebfe8ba72bb707f52') in 0.0219251 seconds
Number of updated asset objects reloaded before import = 0Number of asset objects unloaded after import = 3

========================================================================
Received Import Request.
  Time since last request: 0.000019 seconds.
  path: Assets/Asset1/CodeRedCat/4kVectorLandscape/Morning/MountainM2BGMain.png
  artifactKey: Guid(51848781e142d5348804383b406dfced) Importer(815301076,1909f56bfc062723c751e8b465ee728b)
Start importing Assets/Asset1/CodeRedCat/4kVectorLandscape/Morning/MountainM2BGMain.png using Guid(51848781e142d5348804383b406dfced) Importer(815301076,1909f56bfc062723c751e8b465ee728b) (PreviewImporter) -> (artifact id: '6b1b553feef27c73d10c62f06abd57ca') in 0.0187965 seconds
Number of updated asset objects reloaded before import = 0Number of asset objects unloaded after import = 3

========================================================================
Received Import Request.
  Time since last request: 0.000026 seconds.
  path: Assets/Asset1/CodeRedCat/4kVectorLandscape/Morning/TopImage.prefab
  artifactKey: Guid(ae555ca13aeb9bd419e7dbb91c96573b) Importer(815301076,1909f56bfc062723c751e8b465ee728b)
Start importing Assets/Asset1/CodeRedCat/4kVectorLandscape/Morning/TopImage.prefab using Guid(ae555ca13aeb9bd419e7dbb91c96573b) Importer(815301076,1909f56bfc062723c751e8b465ee728b) (PreviewImporter) -> (artifact id: 'b67c67f191d1f994c3779bef109ba3f5') in 0.4402132 seconds
Number of updated asset objects reloaded before import = 0Number of asset objects unloaded after import = 7

========================================================================
Received Import Request.
  Time since last request: 0.000042 seconds.
  path: Assets/Asset1/CodeRedCat/4kVectorLandscape/Morning/MorningSun1BG.png
  artifactKey: Guid(6d9aaceee19b3ee4f9035576301f5520) Importer(815301076,1909f56bfc062723c751e8b465ee728b)
Start importing Assets/Asset1/CodeRedCat/4kVectorLandscape/Morning/MorningSun1BG.png using Guid(6d9aaceee19b3ee4f9035576301f5520) Importer(815301076,1909f56bfc062723c751e8b465ee728b) (PreviewImporter) -> (artifact id: 'a6ae585fc7d23174a5260ee533e00892') in 0.0175056 seconds
Number of updated asset objects reloaded before import = 0Number of asset objects unloaded after import = 3

========================================================================
Received Import Request.
  Time since last request: 0.000036 seconds.
  path: Assets/Asset1/CodeRedCat/4kVectorLandscape/Morning/HillsMBGMain.png
  artifactKey: Guid(2aaff0abbdd6002429958e41133acfb8) Importer(815301076,1909f56bfc062723c751e8b465ee728b)
Start importing Assets/Asset1/CodeRedCat/4kVectorLandscape/Morning/HillsMBGMain.png using Guid(2aaff0abbdd6002429958e41133acfb8) Importer(815301076,1909f56bfc062723c751e8b465ee728b) (PreviewImporter) -> (artifact id: '3be3c39954fde76ad6a761d1f116f1c4') in 0.0153284 seconds
Number of updated asset objects reloaded before import = 0Number of asset objects unloaded after import = 3

========================================================================
Received Import Request.
  Time since last request: 0.000022 seconds.
  path: Assets/Asset1/CodeRedCat/4kVectorLandscape/Morning/DeciduousTreesMBGTop.png
  artifactKey: Guid(f59a945e21159124492d01e5b4fa91e6) Importer(815301076,1909f56bfc062723c751e8b465ee728b)
Start importing Assets/Asset1/CodeRedCat/4kVectorLandscape/Morning/DeciduousTreesMBGTop.png using Guid(f59a945e21159124492d01e5b4fa91e6) Importer(815301076,1909f56bfc062723c751e8b465ee728b) (PreviewImporter) -> (artifact id: 'd97745d722eb6bc725c76b032bd7e978') in 0.017453 seconds
Number of updated asset objects reloaded before import = 0Number of asset objects unloaded after import = 3

========================================================================
Received Import Request.
  Time since last request: 2.475998 seconds.
  path: Assets/Asset1/CodeRedCat/4kVectorLandscape/NormalDay/Clouds1BGMain.png
  artifactKey: Guid(90562b7a0a585564c87148168beef512) Importer(815301076,1909f56bfc062723c751e8b465ee728b)
Start importing Assets/Asset1/CodeRedCat/4kVectorLandscape/NormalDay/Clouds1BGMain.png using Guid(90562b7a0a585564c87148168beef512) Importer(815301076,1909f56bfc062723c751e8b465ee728b) (PreviewImporter) -> (artifact id: '6412517a1e1936bf4096ba3dbbb213e1') in 0.0155815 seconds
Number of updated asset objects reloaded before import = 0Number of asset objects unloaded after import = 3

========================================================================
Received Import Request.
  Time since last request: 0.000026 seconds.
  path: Assets/Asset1/CodeRedCat/4kVectorLandscape/NormalDay/DaySkyBG.png
  artifactKey: Guid(6a29e27a6f9c2ef45b4372137f9f5fb2) Importer(815301076,1909f56bfc062723c751e8b465ee728b)
Start importing Assets/Asset1/CodeRedCat/4kVectorLandscape/NormalDay/DaySkyBG.png using Guid(6a29e27a6f9c2ef45b4372137f9f5fb2) Importer(815301076,1909f56bfc062723c751e8b465ee728b) (PreviewImporter) -> (artifact id: '78d13d65b2a56d46db3f4f4d77d8f653') in 0.0152396 seconds
Number of updated asset objects reloaded before import = 0Number of asset objects unloaded after import = 3

========================================================================
Received Import Request.
  Time since last request: 0.000030 seconds.
  path: Assets/Asset1/CodeRedCat/4kVectorLandscape/NormalDay/DeciduousTreesTBGop.png
  artifactKey: Guid(c6092220801452947904f02a6eb1aed7) Importer(815301076,1909f56bfc062723c751e8b465ee728b)
Start importing Assets/Asset1/CodeRedCat/4kVectorLandscape/NormalDay/DeciduousTreesTBGop.png using Guid(c6092220801452947904f02a6eb1aed7) Importer(815301076,1909f56bfc062723c751e8b465ee728b) (PreviewImporter) -> (artifact id: '2a09b01b8a10b941a2cf278438be25e7') in 0.016059 seconds
Number of updated asset objects reloaded before import = 0Number of asset objects unloaded after import = 3

========================================================================
Received Import Request.
  Time since last request: 0.000021 seconds.
  path: Assets/Asset1/CodeRedCat/4kVectorLandscape/NormalDay/Sun2BG.png
  artifactKey: Guid(04c9eb32b38c89f4eb533c63cf5e754f) Importer(815301076,1909f56bfc062723c751e8b465ee728b)
Start importing Assets/Asset1/CodeRedCat/4kVectorLandscape/NormalDay/Sun2BG.png using Guid(04c9eb32b38c89f4eb533c63cf5e754f) Importer(815301076,1909f56bfc062723c751e8b465ee728b) (PreviewImporter) -> (artifact id: 'dce3a395982d7ded5579bf6761d2a810') in 0.0173363 seconds
Number of updated asset objects reloaded before import = 0Number of asset objects unloaded after import = 3

========================================================================
Received Import Request.
  Time since last request: 0.000026 seconds.
  path: Assets/Asset1/CodeRedCat/4kVectorLandscape/NormalDay/HillsBGMain.png
  artifactKey: Guid(ec4de465ad8b0484f9c37dc425001380) Importer(815301076,1909f56bfc062723c751e8b465ee728b)
Start importing Assets/Asset1/CodeRedCat/4kVectorLandscape/NormalDay/HillsBGMain.png using Guid(ec4de465ad8b0484f9c37dc425001380) Importer(815301076,1909f56bfc062723c751e8b465ee728b) (PreviewImporter) -> (artifact id: '15c36d6740783e577adcf5f3b650b09d') in 0.0147399 seconds
Number of updated asset objects reloaded before import = 0Number of asset objects unloaded after import = 3

========================================================================
Received Import Request.
  Time since last request: 0.000032 seconds.
  path: Assets/Asset1/CodeRedCat/4kVectorLandscape/NormalDay/HillsBGTop.png
  artifactKey: Guid(464341ed1f02165429d1c747ef16f11f) Importer(815301076,1909f56bfc062723c751e8b465ee728b)
Start importing Assets/Asset1/CodeRedCat/4kVectorLandscape/NormalDay/HillsBGTop.png using Guid(464341ed1f02165429d1c747ef16f11f) Importer(815301076,1909f56bfc062723c751e8b465ee728b) (PreviewImporter) -> (artifact id: 'f5354e972284687109aa703738994b7d') in 0.0161655 seconds
Number of updated asset objects reloaded before import = 0Number of asset objects unloaded after import = 3

========================================================================
Received Import Request.
  Time since last request: 0.000032 seconds.
  path: Assets/Asset1/CodeRedCat/4kVectorLandscape/NormalDay/Mountains1BGTop.png
  artifactKey: Guid(0cbf57d4cf719a245af67ff8aed58e49) Importer(815301076,1909f56bfc062723c751e8b465ee728b)
Start importing Assets/Asset1/CodeRedCat/4kVectorLandscape/NormalDay/Mountains1BGTop.png using Guid(0cbf57d4cf719a245af67ff8aed58e49) Importer(815301076,1909f56bfc062723c751e8b465ee728b) (PreviewImporter) -> (artifact id: '200f51b4a54ecb751efb7405555b3589') in 0.0173036 seconds
Number of updated asset objects reloaded before import = 0Number of asset objects unloaded after import = 3

========================================================================
Received Import Request.
  Time since last request: 0.000020 seconds.
  path: Assets/Asset1/CodeRedCat/4kVectorLandscape/NormalDay/PinetreesBGTop.png
  artifactKey: Guid(caecadcc42deabd42a905e7dd90f0b0f) Importer(815301076,1909f56bfc062723c751e8b465ee728b)
Start importing Assets/Asset1/CodeRedCat/4kVectorLandscape/NormalDay/PinetreesBGTop.png using Guid(caecadcc42deabd42a905e7dd90f0b0f) Importer(815301076,1909f56bfc062723c751e8b465ee728b) (PreviewImporter) -> (artifact id: '2b59e51635eec99f970512be24847325') in 0.0180829 seconds
Number of updated asset objects reloaded before import = 0Number of asset objects unloaded after import = 3

========================================================================
Received Import Request.
  Time since last request: 0.000021 seconds.
  path: Assets/Asset1/CodeRedCat/4kVectorLandscape/NormalDay/Ground2BGTop.png
  artifactKey: Guid(99396f7866e8582489516e4ebd6e42d5) Importer(815301076,1909f56bfc062723c751e8b465ee728b)
Start importing Assets/Asset1/CodeRedCat/4kVectorLandscape/NormalDay/Ground2BGTop.png using Guid(99396f7866e8582489516e4ebd6e42d5) Importer(815301076,1909f56bfc062723c751e8b465ee728b) (PreviewImporter) -> (artifact id: '3b0e41f45f3faeee784ff279b057d704') in 0.0198423 seconds
Number of updated asset objects reloaded before import = 0Number of asset objects unloaded after import = 3

========================================================================
Received Import Request.
  Time since last request: 0.000023 seconds.
  path: Assets/Asset1/CodeRedCat/4kVectorLandscape/NormalDay/Mountains2BGMain.png
  artifactKey: Guid(82186887fe049964c9b38117a118a36f) Importer(815301076,1909f56bfc062723c751e8b465ee728b)
Start importing Assets/Asset1/CodeRedCat/4kVectorLandscape/NormalDay/Mountains2BGMain.png using Guid(82186887fe049964c9b38117a118a36f) Importer(815301076,1909f56bfc062723c751e8b465ee728b) (PreviewImporter) -> (artifact id: '005a2699869faf96e16ba697b595b37b') in 0.0145207 seconds
Number of updated asset objects reloaded before import = 0Number of asset objects unloaded after import = 3

========================================================================
Received Import Request.
  Time since last request: 8.145558 seconds.
  path: Assets/Asset1/CodeRedCat/4kVectorLandscape/Winter/CloudsW1BGMain.png
  artifactKey: Guid(8d0babe2fb4f2e74985e27c11972b587) Importer(815301076,1909f56bfc062723c751e8b465ee728b)
Start importing Assets/Asset1/CodeRedCat/4kVectorLandscape/Winter/CloudsW1BGMain.png using Guid(8d0babe2fb4f2e74985e27c11972b587) Importer(815301076,1909f56bfc062723c751e8b465ee728b) (PreviewImporter) -> (artifact id: '30f1fabfa7550ea677794365a4eb5f83') in 0.0171573 seconds
Number of updated asset objects reloaded before import = 0Number of asset objects unloaded after import = 3

========================================================================
Received Import Request.
  Time since last request: 0.000025 seconds.
  path: Assets/Asset1/CodeRedCat/4kVectorLandscape/Winter/DeciduousTreesWBGTop.png
  artifactKey: Guid(d16ae4689f801a347a3c0f7c24bfc797) Importer(815301076,1909f56bfc062723c751e8b465ee728b)
Start importing Assets/Asset1/CodeRedCat/4kVectorLandscape/Winter/DeciduousTreesWBGTop.png using Guid(d16ae4689f801a347a3c0f7c24bfc797) Importer(815301076,1909f56bfc062723c751e8b465ee728b) (PreviewImporter) -> (artifact id: '0db4ebda866f4803cb9f7b25737175c0') in 0.017417 seconds
Number of updated asset objects reloaded before import = 0Number of asset objects unloaded after import = 3

========================================================================
Received Import Request.
  Time since last request: 0.000032 seconds.
  path: Assets/Asset1/CodeRedCat/4kVectorLandscape/Winter/GroundW2BGTop.png
  artifactKey: Guid(f5c9e63cc8069c94491559794d3f44a4) Importer(815301076,1909f56bfc062723c751e8b465ee728b)
Start importing Assets/Asset1/CodeRedCat/4kVectorLandscape/Winter/GroundW2BGTop.png using Guid(f5c9e63cc8069c94491559794d3f44a4) Importer(815301076,1909f56bfc062723c751e8b465ee728b) (PreviewImporter) -> (artifact id: '038f1c7c2bb5928692d814213146bc3a') in 0.0204516 seconds
Number of updated asset objects reloaded before import = 0Number of asset objects unloaded after import = 3

========================================================================
Received Import Request.
  Time since last request: 0.000027 seconds.
  path: Assets/Asset1/CodeRedCat/4kVectorLandscape/Winter/WinterSkyBG.png
  artifactKey: Guid(02a88e9d22e5d914c88d8b0d3f846c58) Importer(815301076,1909f56bfc062723c751e8b465ee728b)
Start importing Assets/Asset1/CodeRedCat/4kVectorLandscape/Winter/WinterSkyBG.png using Guid(02a88e9d22e5d914c88d8b0d3f846c58) Importer(815301076,1909f56bfc062723c751e8b465ee728b) (PreviewImporter) -> (artifact id: '51372f3fc51e764cd385f3cd391883d8') in 0.0179515 seconds
Number of updated asset objects reloaded before import = 0Number of asset objects unloaded after import = 3

========================================================================
Received Import Request.
  Time since last request: 0.000020 seconds.
  path: Assets/Asset1/CodeRedCat/4kVectorLandscape/Winter/PinetreesWBGMain.png
  artifactKey: Guid(49213eefca1278c49beecdca2812e83a) Importer(815301076,1909f56bfc062723c751e8b465ee728b)
Start importing Assets/Asset1/CodeRedCat/4kVectorLandscape/Winter/PinetreesWBGMain.png using Guid(49213eefca1278c49beecdca2812e83a) Importer(815301076,1909f56bfc062723c751e8b465ee728b) (PreviewImporter) -> (artifact id: '1ba9b990b0c881150843a4489562fd6e') in 0.0412026 seconds
Number of updated asset objects reloaded before import = 0Number of asset objects unloaded after import = 3

========================================================================
Received Import Request.
  Time since last request: 0.000024 seconds.
  path: Assets/Asset1/CodeRedCat/4kVectorLandscape/Winter/HillsWBGTop.png
  artifactKey: Guid(c069ef529d24ca8489de2d5def21b2cb) Importer(815301076,1909f56bfc062723c751e8b465ee728b)
Start importing Assets/Asset1/CodeRedCat/4kVectorLandscape/Winter/HillsWBGTop.png using Guid(c069ef529d24ca8489de2d5def21b2cb) Importer(815301076,1909f56bfc062723c751e8b465ee728b) (PreviewImporter) -> (artifact id: 'f4d12981a20772c1c2aad5ceb006c87c') in 0.0237964 seconds
Number of updated asset objects reloaded before import = 0Number of asset objects unloaded after import = 3

========================================================================
Received Import Request.
  Time since last request: 0.000027 seconds.
  path: Assets/Asset1/CodeRedCat/4kVectorLandscape/Winter/WinterSun2BG.png
  artifactKey: Guid(aad53130be3434e4db51512cb63b3010) Importer(815301076,1909f56bfc062723c751e8b465ee728b)
Start importing Assets/Asset1/CodeRedCat/4kVectorLandscape/Winter/WinterSun2BG.png using Guid(aad53130be3434e4db51512cb63b3010) Importer(815301076,1909f56bfc062723c751e8b465ee728b) (PreviewImporter) -> (artifact id: '5b590c1189ea3f73c7e7d42799e4f3a3') in 0.0180448 seconds
Number of updated asset objects reloaded before import = 0Number of asset objects unloaded after import = 3

