[Licensing::Module] Trying to connect to existing licensing client channel...
Built from '6000.3/staging' branch; Version is '6000.3.13f1 (8c4f11e4fb20) revision 9195281'; Using compiler version '194234433'; Build Type 'Release'
[Licensing::IpcConnector] Successfully connected to: "LicenseClient-Administrator" at "2026-04-17T12:55:54.4152304Z"
OS: 'Windows 11  (10.0.26200) Professional' Language: 'ko' Physical Memory: 32694 MB
BatchMode: 1, IsHumanControllingUs: 0, StartBugReporterOnCrash: 0, Is64bit: 1
System  architecture: x64
Process architecture: x64
Date: 2026-04-17T12:55:54Z

COMMAND LINE ARGUMENTS:
D:\unity\6000.3.13f1\Editor\Unity.exe
-adb2
-batchMode
-noUpm
-name
AssetImportWorker3
-projectPath
D:/UnityGame/UnityGame/My project
-logFile
Logs/AssetImportWorker3.log
-srvPort
14869
-licensingIpc
LicenseClient-Administrator
-job-worker-count
5
-background-job-worker-count
8
-gc-helper-count
1
-name
AssetImport
Successfully changed project path to: D:/UnityGame/UnityGame/My project
D:/UnityGame/UnityGame/My project
[UnityMemory] Configuration Parameters - Can be set up in boot.config
    "memorysetup-temp-allocator-size-nav-mesh-worker=65536"
    "memorysetup-temp-allocator-size-audio-worker=65536"
    "memorysetup-temp-allocator-size-gfx=262144"
    "memorysetup-allocator-temp-initial-block-size-main=262144"
    "memorysetup-allocator-temp-initial-block-size-worker=262144"
    "memorysetup-temp-allocator-size-background-worker=32768"
    "memorysetup-temp-allocator-size-job-worker=262144"
    "memorysetup-temp-allocator-size-preload-manager=33554432"
    "memorysetup-temp-allocator-size-gi-baking-worker=262144"
    "memorysetup-temp-allocator-size-gi-baking-worker=262144"
    "memorysetup-temp-allocator-size-gi-baking-worker=262144"
    "memorysetup-temp-allocator-size-gi-baking-worker=262144"
    "memorysetup-temp-allocator-size-gi-baking-worker=262144"
    "memorysetup-bucket-allocator-granularity=16"
    "memorysetup-bucket-allocator-bucket-count=8"
    "memorysetup-bucket-allocator-block-size=33554432"
    "memorysetup-bucket-allocator-block-count=8"
    "memorysetup-main-allocator-block-size=16777216"
    "memorysetup-thread-allocator-block-size=16777216"
    "memorysetup-gfx-main-allocator-block-size=16777216"
    "memorysetup-gfx-thread-allocator-block-size=16777216"
    "memorysetup-cache-allocator-block-size=4194304"
    "memorysetup-typetree-allocator-block-size=2097152"
    "memorysetup-profiler-bucket-allocator-granularity=16"
    "memorysetup-profiler-bucket-allocator-bucket-count=8"
    "memorysetup-profiler-bucket-allocator-block-size=33554432"
    "memorysetup-profiler-bucket-allocator-block-count=8"
    "memorysetup-profiler-allocator-block-size=16777216"
    "memorysetup-profiler-editor-allocator-block-size=1048576"
    "memorysetup-temp-allocator-size-main=16777216"
    "memorysetup-job-temp-allocator-block-size=2097152"
    "memorysetup-job-temp-allocator-block-size-background=1048576"
    "memorysetup-job-temp-allocator-reduction-small-platforms=262144"
    "memorysetup-temp-allocator-size-cloud-worker=32768"
Player connection [21900]  Target information:

Player connection [21900]  * "[IP] 192.168.219.123 [Port] 0 [Flags] 2 [Guid] 728006576 [EditorId] 728006576 [Version] 1048832 [Id] WindowsEditor(7,DESKTOP-L44KHL9) [Debug] 1 [PackageName] WindowsEditor [ProjectName] Editor" 

Player connection [21900]  * "[IP] 25.17.133.27 [Port] 0 [Flags] 2 [Guid] 728006576 [EditorId] 728006576 [Version] 1048832 [Id] WindowsEditor(7,DESKTOP-L44KHL9) [Debug] 1 [PackageName] WindowsEditor [ProjectName] Editor" 

Player connection [21900] Host joined multi-casting on [225.0.0.222:54997]...
Player connection [21900] Host joined alternative multi-casting on [225.0.0.222:34997]...
JobSystem: Creating JobQueue using job-worker-count value 5
Input System module state changed to: Initialized.
[Physics::Module] Initialized fallback backend.
[Physics::Module] Id: 0xdecafbad
Library Redirect Path: Library/
[Physics::Module] Selected backend.
[Physics::Module] Name: PhysX
[Physics::Module] Id: 0xf2b8ea05
[Physics::Module] SDK Version: 4.1.2
[Physics::Module] Integration Version: 1.0.0
[Physics::Module] Threading Mode: Multi-Threaded
Refreshing native plugins compatible for Editor in 7.53 ms, found 5 plugins.
Preloading 0 native plugins for Editor in 0.00 ms.
Initialize engine version: 6000.3.13f1 (8c4f11e4fb20)
[Subsystems] Discovering subsystems at path D:/unity/6000.3.13f1/Editor/Data/Resources/UnitySubsystems
[Subsystems] Discovering subsystems at path D:/UnityGame/UnityGame/My project/Assets
GfxDevice: creating device client; kGfxThreadingModeNonThreaded
Direct3D:
    Version:  Direct3D 11.0 [level 11.1]
    Renderer: NVIDIA GeForce GTX 1060 6GB (ID=0x1c03)
    Vendor:   NVIDIA
    VRAM:     6029 MB
    Driver:   32.0.15.6094
Initialize mono
Mono path[0] = 'D:/unity/6000.3.13f1/Editor/Data/Managed'
Mono path[1] = 'D:/unity/6000.3.13f1/Editor/Data/MonoBleedingEdge/lib/mono/unityjit-win32'
Mono config path = 'D:/unity/6000.3.13f1/Editor/Data/MonoBleedingEdge/etc'
Using monoOptions --debugger-agent=transport=dt_socket,embedding=1,server=y,suspend=n,address=127.0.0.1:56992
Begin MonoManager ReloadAssembly
Registering precompiled unity dll's ...
Register platform support module: D:/unity/6000.3.13f1/Editor/Data/PlaybackEngines/WindowsStandaloneSupport/UnityEditor.WindowsStandalone.Extensions.dll
Registered in 0.003070 seconds.
- Loaded All Assemblies, in  0.568 seconds
Native extension for WindowsStandalone target not found
[Licensing::Client] Error: HandshakeResponse reported an error:
	ResponseCode: 505
	ResponseStatus: Unsupported protocol version '1.18.1'.
[Licensing::Module] Error: Failed to handshake to channel: "LicenseClient-Administrator"
[Licensing::IpcConnector] LicenseClient-Administrator channel disconnected successfully.
[Licensing::IpcConnector] Successfully connected to: "LicenseClient-Administrator-6000.3.13" at "2026-04-17T12:55:55.9217825Z"
Package Manager log level set to [2]
[Package Manager] Failed to launch server process. Reason: Unity was launched with the -noUpm command-line argument
[Package Manager] Unable to send message (not connected to server process).
[Package Manager] Cannot connect to Unity Package Manager local server
ScheduleIndexationOnStartup MainProcess:False IndexOnStartup:True
Mono: successfully reloaded assembly
- Finished resetting the current domain, in  0.418 seconds
Domain Reload Profiling: 985ms
	BeginReloadAssembly (230ms)
		ExecutionOrderSort (0ms)
		DisableScriptedObjects (0ms)
		BackupInstance (0ms)
		ReleaseScriptingObjects (0ms)
		CreateAndSetChildDomain (1ms)
	RebuildCommonClasses (45ms)
	RebuildNativeTypeToScriptingClass (13ms)
	initialDomainReloadingComplete (47ms)
	LoadAllAssembliesAndSetupDomain (232ms)
		LoadAssemblies (230ms)
		RebuildTransferFunctionScriptingTraits (0ms)
		AnalyzeDomain (228ms)
			TypeCache.Refresh (226ms)
				TypeCache.ScanAssembly (207ms)
			BuildScriptInfoCaches (0ms)
			ResolveRequiredComponents (0ms)
	FinalizeReload (419ms)
		ReleaseScriptCaches (0ms)
		RebuildScriptCaches (0ms)
		SetupLoadedEditorAssemblies (368ms)
			LogAssemblyErrors (0ms)
			InitializePlatformSupportModulesInManaged (47ms)
			SetLoadedEditorAssemblies (3ms)
			BeforeProcessingInitializeOnLoad (93ms)
			ProcessInitializeOnLoadAttributes (149ms)
			ProcessInitializeOnLoadMethodAttributes (76ms)
			AfterProcessingInitializeOnLoad (0ms)
			EditorAssembliesLoaded (0ms)
		ExecutionOrderSort2 (0ms)
		AwakeInstancesAfterBackupRestoration (0ms)
========================================================================
Worker process is ready to serve import requests
Import Worker Mode flag is 0x00
Begin MonoManager ReloadAssembly
[Licensing::Module] Licensing is not yet initialized.
[Licensing::Client] Handshaking with LicensingClient:
  Version:                 1.18.1+9fbee8e
  Session Id:              8006cae2a7854eb1a954ff51b9707ec3
  Correlation Id:          498924d18a6d73af3ce3764996f6e254
  External correlation Id: 8719414206828113164
  Machine Id:              FmvuUOVJH7MiGQAp1/hAZogbUYs=
[Licensing::Module] Successfully connected to LicensingClient on channel: "LicenseClient-Administrator-6000.3.13" (connect: 0.00s, validation: 0.00s, handshake: 1.43s)
[Licensing::IpcConnector] Successfully connected to: "LicenseClient-Administrator-6000.3.13-notifications" at "2026-04-17T12:55:57.3585818Z"
[Licensing::Module] Licensing Background thread has ended after 2.94s
[Licensing::Module] Licensing is initialized (took 0.79s).
[Licensing::Client] Successfully resolved entitlement details
[Licensing::Module] License group:
  Id: F4-BXM4-VMG8-FPK6-3WUH-XXXX
  Product: Unity Personal
  Type: ULF
  Expiration: 2026-05-25T13:34:02Z
[Licensing::Module] License group:
  Id: 14569718489684-UnityPersXXXX
  Product: Unity Personal
  Type: Assigned
  Expiration: Unlimited
- Loaded All Assemblies, in  1.738 seconds
Refreshing native plugins compatible for Editor in 4.00 ms, found 5 plugins.
Native extension for WindowsStandalone target not found
[Package Manager] Failed to launch server process. Reason: Unity was launched with the -noUpm command-line argument
[Package Manager] Unable to send message (not connected to server process).
[Package Manager] Cannot connect to Unity Package Manager local server
Refreshing native plugins compatible for Editor in 3.66 ms, found 5 plugins.
[Package Manager] Failed to launch server process. Reason: Unity was launched with the -noUpm command-line argument
[Package Manager] Unable to send message (not connected to server process).
[Package Manager] Cannot connect to Unity Package Manager local server
ScheduleIndexationOnStartup MainProcess:False IndexOnStartup:True
Mono: successfully reloaded assembly
- Finished resetting the current domain, in  0.961 seconds
Domain Reload Profiling: 2698ms
	BeginReloadAssembly (1040ms)
		ExecutionOrderSort (0ms)
		DisableScriptedObjects (5ms)
		BackupInstance (0ms)
		ReleaseScriptingObjects (0ms)
		CreateAndSetChildDomain (36ms)
	RebuildCommonClasses (42ms)
	RebuildNativeTypeToScriptingClass (11ms)
	initialDomainReloadingComplete (38ms)
	LoadAllAssembliesAndSetupDomain (605ms)
		LoadAssemblies (490ms)
		RebuildTransferFunctionScriptingTraits (0ms)
		AnalyzeDomain (290ms)
			TypeCache.Refresh (201ms)
				TypeCache.ScanAssembly (185ms)
			BuildScriptInfoCaches (75ms)
			ResolveRequiredComponents (9ms)
	FinalizeReload (962ms)
		ReleaseScriptCaches (0ms)
		RebuildScriptCaches (0ms)
		SetupLoadedEditorAssemblies (791ms)
			LogAssemblyErrors (0ms)
			InitializePlatformSupportModulesInManaged (1ms)
			SetLoadedEditorAssemblies (4ms)
			BeforeProcessingInitializeOnLoad (146ms)
			ProcessInitializeOnLoadAttributes (501ms)
			ProcessInitializeOnLoadMethodAttributes (134ms)
			AfterProcessingInitializeOnLoad (4ms)
			EditorAssembliesLoaded (0ms)
		ExecutionOrderSort2 (0ms)
		AwakeInstancesAfterBackupRestoration (11ms)
Launched and connected shader compiler UnityShaderCompiler.exe after 0.02 seconds
Refreshing native plugins compatible for Editor in 4.81 ms, found 5 plugins.
Preloading 0 native plugins for Editor in 0.00 ms.
Unloading 16 Unused Serialized files (Serialized files now loaded: 0)
Unloading 7167 unused Assets / (5.1 MB). Loaded Objects now: 7992.
Memory consumption went from 154.6 MB to 149.4 MB.
Total: 10.782200 ms (FindLiveObjects: 0.749100 ms CreateObjectMapping: 0.840700 ms MarkObjects: 5.972300 ms  DeleteObjects: 3.219500 ms)

========================================================================
Received Import Request.
  Time since last request: 37102.900837 seconds.
  path: Assets/Resources/UI/PNG/grey_checkmarkWhite.png
  artifactKey: Guid(2bd0373ebe9b9a849b70759f1c7beb77) Importer(2089858483,b0f066a214c2f5e87bad3c948f4d605d)
Start importing Assets/Resources/UI/PNG/grey_checkmarkWhite.png using Guid(2bd0373ebe9b9a849b70759f1c7beb77) Importer(2089858483,b0f066a214c2f5e87bad3c948f4d605d) (ScriptedImporter) -> (artifact id: '315b8d98f3a4cfa0cfe3a8f11cc6ab75') in 0.1295633 seconds
Number of updated asset objects reloaded before import = 0Number of asset objects unloaded after import = 3

========================================================================
Received Import Request.
  Time since last request: 0.000015 seconds.
  path: Assets/Resources/Platformer/Tiles/tile_0087.png
  artifactKey: Guid(4fcb57027d550ca4e9047bde9e1cdf17) Importer(2089858483,b0f066a214c2f5e87bad3c948f4d605d)
Start importing Assets/Resources/Platformer/Tiles/tile_0087.png using Guid(4fcb57027d550ca4e9047bde9e1cdf17) Importer(2089858483,b0f066a214c2f5e87bad3c948f4d605d) (ScriptedImporter) -> (artifact id: 'aa7bc273d3ea24a1f44e9c9e20bb7513') in 0.0153694 seconds
Number of updated asset objects reloaded before import = 0Number of asset objects unloaded after import = 3

========================================================================
Received Import Request.
  Time since last request: 0.000017 seconds.
  path: Assets/Resources/UI/PNG/yellow_boxCross.png
  artifactKey: Guid(c878410574589e5408c6397dedf5afa4) Importer(2089858483,b0f066a214c2f5e87bad3c948f4d605d)
Start importing Assets/Resources/UI/PNG/yellow_boxCross.png using Guid(c878410574589e5408c6397dedf5afa4) Importer(2089858483,b0f066a214c2f5e87bad3c948f4d605d) (ScriptedImporter) -> (artifact id: 'e5bbf66fcf6f3c69c2fe047700d93542') in 0.0152374 seconds
Number of updated asset objects reloaded before import = 0Number of asset objects unloaded after import = 3

========================================================================
Received Import Request.
  Time since last request: 0.000022 seconds.
  path: Assets/Resources/Platformer/Tiles/tile_0000.png
  artifactKey: Guid(38af2b50b6c73e94aa337d80b396ad50) Importer(2089858483,b0f066a214c2f5e87bad3c948f4d605d)
Start importing Assets/Resources/Platformer/Tiles/tile_0000.png using Guid(38af2b50b6c73e94aa337d80b396ad50) Importer(2089858483,b0f066a214c2f5e87bad3c948f4d605d) (ScriptedImporter) -> (artifact id: '92698e8746c50dad45156638f74107b2') in 0.0142639 seconds
Number of updated asset objects reloaded before import = 0Number of asset objects unloaded after import = 3

========================================================================
Received Import Request.
  Time since last request: 0.000014 seconds.
  path: Assets/Resources/Platformer/Characters/character_0020.png
  artifactKey: Guid(fbdae9b648a346f4ca2cde0f16eec716) Importer(2089858483,b0f066a214c2f5e87bad3c948f4d605d)
Start importing Assets/Resources/Platformer/Characters/character_0020.png using Guid(fbdae9b648a346f4ca2cde0f16eec716) Importer(2089858483,b0f066a214c2f5e87bad3c948f4d605d) (ScriptedImporter) -> (artifact id: 'e539d19aa3ed366b04266e56d20c079f') in 0.016324 seconds
Number of updated asset objects reloaded before import = 0Number of asset objects unloaded after import = 3

========================================================================
Received Import Request.
  Time since last request: 0.000016 seconds.
  path: Assets/Resources/UI/PNG/grey_button03.png
  artifactKey: Guid(0f028e905ad6cd445b9d55c7a7e13a44) Importer(2089858483,b0f066a214c2f5e87bad3c948f4d605d)
Start importing Assets/Resources/UI/PNG/grey_button03.png using Guid(0f028e905ad6cd445b9d55c7a7e13a44) Importer(2089858483,b0f066a214c2f5e87bad3c948f4d605d) (ScriptedImporter) -> (artifact id: '2cd03520f2de1ecd82eb4cec0cb42c90') in 0.0157148 seconds
Number of updated asset objects reloaded before import = 0Number of asset objects unloaded after import = 3

========================================================================
Received Import Request.
  Time since last request: 0.000017 seconds.
  path: Assets/Resources/UI/PNG/blue_button05.png
  artifactKey: Guid(a43fbf1b0dcbf414ba2de5540eb2bb86) Importer(2089858483,b0f066a214c2f5e87bad3c948f4d605d)
Start importing Assets/Resources/UI/PNG/blue_button05.png using Guid(a43fbf1b0dcbf414ba2de5540eb2bb86) Importer(2089858483,b0f066a214c2f5e87bad3c948f4d605d) (ScriptedImporter) -> (artifact id: 'ad0f06a6f6995a84d8cf5776e9b249ec') in 0.014039 seconds
Number of updated asset objects reloaded before import = 0Number of asset objects unloaded after import = 3

========================================================================
Received Import Request.
  Time since last request: 0.000028 seconds.
  path: Assets/Resources/UI/PNG/green_boxCheckmark.png
  artifactKey: Guid(77114ec11f9ebe0408bed7184f231f52) Importer(2089858483,b0f066a214c2f5e87bad3c948f4d605d)
Start importing Assets/Resources/UI/PNG/green_boxCheckmark.png using Guid(77114ec11f9ebe0408bed7184f231f52) Importer(2089858483,b0f066a214c2f5e87bad3c948f4d605d) (ScriptedImporter) -> (artifact id: '9a04e0ffecc22d6ac8bc04edf09c2cab') in 0.0142995 seconds
Number of updated asset objects reloaded before import = 0Number of asset objects unloaded after import = 3

========================================================================
Received Import Request.
  Time since last request: 0.000015 seconds.
  path: Assets/Resources/Platformer/Characters/character_0015.png
  artifactKey: Guid(7ecc991cb2f01234ba558c8724b89c31) Importer(2089858483,b0f066a214c2f5e87bad3c948f4d605d)
Start importing Assets/Resources/Platformer/Characters/character_0015.png using Guid(7ecc991cb2f01234ba558c8724b89c31) Importer(2089858483,b0f066a214c2f5e87bad3c948f4d605d) (ScriptedImporter) -> (artifact id: '1a5552818b632f398b7a1ec4ea03078c') in 0.016772 seconds
Number of updated asset objects reloaded before import = 0Number of asset objects unloaded after import = 3

========================================================================
Received Import Request.
  Time since last request: 0.000017 seconds.
  path: Assets/Resources/UI/PNG/yellow_button08.png
  artifactKey: Guid(93cc4a6a08a058944bb5b0ff944bc21c) Importer(2089858483,b0f066a214c2f5e87bad3c948f4d605d)
Start importing Assets/Resources/UI/PNG/yellow_button08.png using Guid(93cc4a6a08a058944bb5b0ff944bc21c) Importer(2089858483,b0f066a214c2f5e87bad3c948f4d605d) (ScriptedImporter) -> (artifact id: '89acf02975bf9fa90ad0c96af033a088') in 0.0147479 seconds
Number of updated asset objects reloaded before import = 0Number of asset objects unloaded after import = 3

========================================================================
Received Import Request.
  Time since last request: 0.000016 seconds.
  path: Assets/Resources/UI/PNG/red_boxTick.png
  artifactKey: Guid(590cf91c3e00c8d4ca9ca817a8f75a2c) Importer(2089858483,b0f066a214c2f5e87bad3c948f4d605d)
Start importing Assets/Resources/UI/PNG/red_boxTick.png using Guid(590cf91c3e00c8d4ca9ca817a8f75a2c) Importer(2089858483,b0f066a214c2f5e87bad3c948f4d605d) (ScriptedImporter) -> (artifact id: '4d08a87ef48d550c08406e1d20f18d93') in 0.0160986 seconds
Number of updated asset objects reloaded before import = 0Number of asset objects unloaded after import = 3

========================================================================
Received Import Request.
  Time since last request: 0.000028 seconds.
  path: Assets/Resources/Platformer/Tiles/tile_0081.png
  artifactKey: Guid(06926c8d35b5d994786bbc251d57def6) Importer(2089858483,b0f066a214c2f5e87bad3c948f4d605d)
Start importing Assets/Resources/Platformer/Tiles/tile_0081.png using Guid(06926c8d35b5d994786bbc251d57def6) Importer(2089858483,b0f066a214c2f5e87bad3c948f4d605d) (ScriptedImporter) -> (artifact id: 'a2b7f71c2db5e24cad50e3fe97c12a91') in 0.0137267 seconds
Number of updated asset objects reloaded before import = 0Number of asset objects unloaded after import = 3

========================================================================
Received Import Request.
  Time since last request: 0.000021 seconds.
  path: Assets/Resources/UI/PNG/blue_button06.png
  artifactKey: Guid(815d814466a67ac49a4ad9971e80bce3) Importer(2089858483,b0f066a214c2f5e87bad3c948f4d605d)
Start importing Assets/Resources/UI/PNG/blue_button06.png using Guid(815d814466a67ac49a4ad9971e80bce3) Importer(2089858483,b0f066a214c2f5e87bad3c948f4d605d) (ScriptedImporter) -> (artifact id: '0eaaf601e263a4074006796ebade988e') in 0.0180914 seconds
Number of updated asset objects reloaded before import = 0Number of asset objects unloaded after import = 3

========================================================================
Received Import Request.
  Time since last request: 0.000017 seconds.
  path: Assets/Resources/Platformer/Tiles/tile_0172.png
  artifactKey: Guid(c81515a396ae47143abf776aba918976) Importer(2089858483,b0f066a214c2f5e87bad3c948f4d605d)
Start importing Assets/Resources/Platformer/Tiles/tile_0172.png using Guid(c81515a396ae47143abf776aba918976) Importer(2089858483,b0f066a214c2f5e87bad3c948f4d605d) (ScriptedImporter) -> (artifact id: '67d974ef4fbfe39de7b4b8cf47be61ab') in 0.0159663 seconds
Number of updated asset objects reloaded before import = 0Number of asset objects unloaded after import = 3

========================================================================
Received Import Request.
  Time since last request: 0.000018 seconds.
  path: Assets/Resources/UI/PNG/red_button01.png
  artifactKey: Guid(b4f90deb00266d34b853fd1510a601bc) Importer(2089858483,b0f066a214c2f5e87bad3c948f4d605d)
Start importing Assets/Resources/UI/PNG/red_button01.png using Guid(b4f90deb00266d34b853fd1510a601bc) Importer(2089858483,b0f066a214c2f5e87bad3c948f4d605d) (ScriptedImporter) -> (artifact id: 'a1ea81826361ea0272582d560269a52e') in 0.0172695 seconds
Number of updated asset objects reloaded before import = 0Number of asset objects unloaded after import = 3

========================================================================
Received Import Request.
  Time since last request: 0.000029 seconds.
  path: Assets/Resources/Platformer/Tiles/tile_0064.png
  artifactKey: Guid(9e6dcd83a6d8f104d84392aea6fab21d) Importer(2089858483,b0f066a214c2f5e87bad3c948f4d605d)
Start importing Assets/Resources/Platformer/Tiles/tile_0064.png using Guid(9e6dcd83a6d8f104d84392aea6fab21d) Importer(2089858483,b0f066a214c2f5e87bad3c948f4d605d) (ScriptedImporter) -> (artifact id: '4d79db446141b26ccd7c0cd606763bc7') in 0.0161905 seconds
Number of updated asset objects reloaded before import = 0Number of asset objects unloaded after import = 3

========================================================================
Received Import Request.
  Time since last request: 0.000014 seconds.
  path: Assets/Resources/Platformer/Tiles/tile_0162.png
  artifactKey: Guid(b67678b23bead524295fc6df52b70abc) Importer(2089858483,b0f066a214c2f5e87bad3c948f4d605d)
Start importing Assets/Resources/Platformer/Tiles/tile_0162.png using Guid(b67678b23bead524295fc6df52b70abc) Importer(2089858483,b0f066a214c2f5e87bad3c948f4d605d) (ScriptedImporter) -> (artifact id: '6142e3fd4abe52cddc1bd835066759e3') in 0.0222368 seconds
Number of updated asset objects reloaded before import = 0Number of asset objects unloaded after import = 3

========================================================================
Received Import Request.
  Time since last request: 0.000019 seconds.
  path: Assets/Resources/Platformer/Characters/character_0021.png
  artifactKey: Guid(063af18260d72134ea8bdeba730dee1f) Importer(2089858483,b0f066a214c2f5e87bad3c948f4d605d)
Start importing Assets/Resources/Platformer/Characters/character_0021.png using Guid(063af18260d72134ea8bdeba730dee1f) Importer(2089858483,b0f066a214c2f5e87bad3c948f4d605d) (ScriptedImporter) -> (artifact id: '907af4b592bb86a5aaf1e0f632ace364') in 0.020179 seconds
Number of updated asset objects reloaded before import = 0Number of asset objects unloaded after import = 3

========================================================================
Received Import Request.
  Time since last request: 0.000021 seconds.
  path: Assets/Resources/Platformer/Tiles/tile_0079.png
  artifactKey: Guid(c2f9ec2cf7fa45e4da4287da118d52b3) Importer(2089858483,b0f066a214c2f5e87bad3c948f4d605d)
Start importing Assets/Resources/Platformer/Tiles/tile_0079.png using Guid(c2f9ec2cf7fa45e4da4287da118d52b3) Importer(2089858483,b0f066a214c2f5e87bad3c948f4d605d) (ScriptedImporter) -> (artifact id: 'fff11a52e80bc6d6617edc336ec0ab92') in 0.0192396 seconds
Number of updated asset objects reloaded before import = 0Number of asset objects unloaded after import = 3

========================================================================
Received Import Request.
  Time since last request: 0.000031 seconds.
  path: Assets/Resources/Platformer/Tiles/tile_0095.png
  artifactKey: Guid(9f6a0760c20143e43a48d9b3d7e0c0f7) Importer(2089858483,b0f066a214c2f5e87bad3c948f4d605d)
Start importing Assets/Resources/Platformer/Tiles/tile_0095.png using Guid(9f6a0760c20143e43a48d9b3d7e0c0f7) Importer(2089858483,b0f066a214c2f5e87bad3c948f4d605d) (ScriptedImporter) -> (artifact id: '8cce93530cff75c37b6108aa41e1513c') in 0.0155618 seconds
Number of updated asset objects reloaded before import = 0Number of asset objects unloaded after import = 3

========================================================================
Received Import Request.
  Time since last request: 0.000015 seconds.
  path: Assets/Resources/Platformer/Tiles/tile_0027.png
  artifactKey: Guid(1cd3288b33bee244788ee40600bfb749) Importer(2089858483,b0f066a214c2f5e87bad3c948f4d605d)
Start importing Assets/Resources/Platformer/Tiles/tile_0027.png using Guid(1cd3288b33bee244788ee40600bfb749) Importer(2089858483,b0f066a214c2f5e87bad3c948f4d605d) (ScriptedImporter) -> (artifact id: 'a7a8a211d36b51a04e7244d6bc8d446b') in 0.0138581 seconds
Number of updated asset objects reloaded before import = 0Number of asset objects unloaded after import = 3

========================================================================
Received Import Request.
  Time since last request: 0.000016 seconds.
  path: Assets/Resources/UI/PNG/blue_cross.png
  artifactKey: Guid(717d7c18b7e31064aab4f450b8cd51f3) Importer(2089858483,b0f066a214c2f5e87bad3c948f4d605d)
Start importing Assets/Resources/UI/PNG/blue_cross.png using Guid(717d7c18b7e31064aab4f450b8cd51f3) Importer(2089858483,b0f066a214c2f5e87bad3c948f4d605d) (ScriptedImporter) -> (artifact id: 'de7207a754bf282f4dd5edc15c57e4f5') in 0.0258516 seconds
Number of updated asset objects reloaded before import = 0Number of asset objects unloaded after import = 3

========================================================================
Received Import Request.
  Time since last request: 0.000015 seconds.
  path: Assets/Resources/UI/PNG/green_button06.png
  artifactKey: Guid(af4a24295235c7b4fb7171d87eb6b7bc) Importer(2089858483,b0f066a214c2f5e87bad3c948f4d605d)
Start importing Assets/Resources/UI/PNG/green_button06.png using Guid(af4a24295235c7b4fb7171d87eb6b7bc) Importer(2089858483,b0f066a214c2f5e87bad3c948f4d605d) (ScriptedImporter) -> (artifact id: 'a7c12a018b0d491918897e662aa2787c') in 0.015539 seconds
Number of updated asset objects reloaded before import = 0Number of asset objects unloaded after import = 3

========================================================================
Received Import Request.
  Time since last request: 0.000021 seconds.
  path: Assets/Resources/Platformer/Background/background_0004.png
  artifactKey: Guid(5901f8a7f81a17f4ab0287a098f7d3dd) Importer(2089858483,b0f066a214c2f5e87bad3c948f4d605d)
Start importing Assets/Resources/Platformer/Background/background_0004.png using Guid(5901f8a7f81a17f4ab0287a098f7d3dd) Importer(2089858483,b0f066a214c2f5e87bad3c948f4d605d) (ScriptedImporter) -> (artifact id: '704353f06e5e2028b4e3a53a3f85ea1a') in 0.0360141 seconds
Number of updated asset objects reloaded before import = 0Number of asset objects unloaded after import = 3

========================================================================
Received Import Request.
  Time since last request: 0.000013 seconds.
  path: Assets/Resources/UI/PNG/blue_button12.png
  artifactKey: Guid(5f94f284b45295c47998bd961d07a361) Importer(2089858483,b0f066a214c2f5e87bad3c948f4d605d)
Start importing Assets/Resources/UI/PNG/blue_button12.png using Guid(5f94f284b45295c47998bd961d07a361) Importer(2089858483,b0f066a214c2f5e87bad3c948f4d605d) (ScriptedImporter) -> (artifact id: '82ba4941b9d5431af758b11f21c6e91d') in 0.0510727 seconds
Number of updated asset objects reloaded before import = 0Number of asset objects unloaded after import = 3

========================================================================
Received Import Request.
  Time since last request: 0.000016 seconds.
  path: Assets/Resources/UI/PNG/red_button11.png
  artifactKey: Guid(1eb19c1a2538be942a5539bb6187dca0) Importer(2089858483,b0f066a214c2f5e87bad3c948f4d605d)
Start importing Assets/Resources/UI/PNG/red_button11.png using Guid(1eb19c1a2538be942a5539bb6187dca0) Importer(2089858483,b0f066a214c2f5e87bad3c948f4d605d) (ScriptedImporter) -> (artifact id: 'ab1862d2ea99c12d0846becb0244455b') in 0.0448579 seconds
Number of updated asset objects reloaded before import = 0Number of asset objects unloaded after import = 3

========================================================================
Received Import Request.
  Time since last request: 0.000019 seconds.
  path: Assets/Resources/Platformer/Tiles/tile_0047.png
  artifactKey: Guid(2e03dc488f37cd940b77a667b21cbf51) Importer(2089858483,b0f066a214c2f5e87bad3c948f4d605d)
Start importing Assets/Resources/Platformer/Tiles/tile_0047.png using Guid(2e03dc488f37cd940b77a667b21cbf51) Importer(2089858483,b0f066a214c2f5e87bad3c948f4d605d) (ScriptedImporter) -> (artifact id: 'ecdf6927ffcb76d120b08a51d83c49d5') in 0.0157768 seconds
Number of updated asset objects reloaded before import = 0Number of asset objects unloaded after import = 3

========================================================================
Received Import Request.
  Time since last request: 0.000021 seconds.
  path: Assets/Resources/Platformer/Characters/character_0008.png
  artifactKey: Guid(5031f2635b530024993e78009cdc100e) Importer(2089858483,b0f066a214c2f5e87bad3c948f4d605d)
Start importing Assets/Resources/Platformer/Characters/character_0008.png using Guid(5031f2635b530024993e78009cdc100e) Importer(2089858483,b0f066a214c2f5e87bad3c948f4d605d) (ScriptedImporter) -> (artifact id: 'cf7748659120ed5294219fbb4ab39eea') in 0.0198663 seconds
Number of updated asset objects reloaded before import = 0Number of asset objects unloaded after import = 3

========================================================================
Received Import Request.
  Time since last request: 0.000014 seconds.
  path: Assets/Resources/Platformer/Tiles/tile_0029.png
  artifactKey: Guid(2d536026986601a4d969a87aad248e9c) Importer(2089858483,b0f066a214c2f5e87bad3c948f4d605d)
Start importing Assets/Resources/Platformer/Tiles/tile_0029.png using Guid(2d536026986601a4d969a87aad248e9c) Importer(2089858483,b0f066a214c2f5e87bad3c948f4d605d) (ScriptedImporter) -> (artifact id: 'af1ff64fa08cad8a442a2d00670c6fea') in 0.0226598 seconds
Number of updated asset objects reloaded before import = 0Number of asset objects unloaded after import = 3

========================================================================
Received Import Request.
  Time since last request: 0.000017 seconds.
  path: Assets/Resources/UI/PNG/grey_button12.png
  artifactKey: Guid(251938b22f4df7d42b02d0f9e4e935de) Importer(2089858483,b0f066a214c2f5e87bad3c948f4d605d)
Start importing Assets/Resources/UI/PNG/grey_button12.png using Guid(251938b22f4df7d42b02d0f9e4e935de) Importer(2089858483,b0f066a214c2f5e87bad3c948f4d605d) (ScriptedImporter) -> (artifact id: 'd65d6e6caae4242e125182eb560ba0a0') in 0.0336692 seconds
Number of updated asset objects reloaded before import = 0Number of asset objects unloaded after import = 3

========================================================================
Received Import Request.
  Time since last request: 0.000025 seconds.
  path: Assets/Resources/Platformer/Tiles/tile_0044.png
  artifactKey: Guid(9386fa49ce6efd146bdd5b9608f80acb) Importer(2089858483,b0f066a214c2f5e87bad3c948f4d605d)
Start importing Assets/Resources/Platformer/Tiles/tile_0044.png using Guid(9386fa49ce6efd146bdd5b9608f80acb) Importer(2089858483,b0f066a214c2f5e87bad3c948f4d605d) (ScriptedImporter) -> (artifact id: 'd8bdbf29fe3b501801f49a788021f2d5') in 0.2590786 seconds
Number of updated asset objects reloaded before import = 0Number of asset objects unloaded after import = 3

========================================================================
Received Prepare
Refreshing native plugins compatible for Editor in 4.41 ms, found 5 plugins.
Preloading 0 native plugins for Editor in 0.00 ms.
Unloading 16 Unused Serialized files (Serialized files now loaded: 0)
Unloading 7151 unused Assets / (4.4 MB). Loaded Objects now: 7995.
Memory consumption went from 153.1 MB to 148.7 MB.
Total: 13.283500 ms (FindLiveObjects: 0.906600 ms CreateObjectMapping: 0.427100 ms MarkObjects: 8.792700 ms  DeleteObjects: 3.155800 ms)

Prepare: number of updated asset objects reloaded= 0
========================================================================
Received Import Request.
  Time since last request: 0.920086 seconds.
  path: Assets/Resources/Platformer/Tiles/tile_0119.png
  artifactKey: Guid(7bfcc83030f6dba46a3f4625967c12f3) Importer(2089858483,b0f066a214c2f5e87bad3c948f4d605d)
Start importing Assets/Resources/Platformer/Tiles/tile_0119.png using Guid(7bfcc83030f6dba46a3f4625967c12f3) Importer(2089858483,b0f066a214c2f5e87bad3c948f4d605d) (ScriptedImporter) -> (artifact id: '672cb1872f70db0ae7aa986125014695') in 0.0411144 seconds
Number of updated asset objects reloaded before import = 0Number of asset objects unloaded after import = 3

========================================================================
Received Import Request.
  Time since last request: 0.000022 seconds.
  path: Assets/Resources/Platformer/Tiles/tile_0089.png
  artifactKey: Guid(e22a951527591764ba5c4b1da7682db1) Importer(2089858483,b0f066a214c2f5e87bad3c948f4d605d)
Start importing Assets/Resources/Platformer/Tiles/tile_0089.png using Guid(e22a951527591764ba5c4b1da7682db1) Importer(2089858483,b0f066a214c2f5e87bad3c948f4d605d) (ScriptedImporter) -> (artifact id: 'b861cd0c0ef3900ca7b8ffc2592cf9f4') in 0.0172375 seconds
Number of updated asset objects reloaded before import = 0Number of asset objects unloaded after import = 3

========================================================================
Received Import Request.
  Time since last request: 0.000035 seconds.
  path: Assets/Resources/UI/PNG/grey_button10.png
  artifactKey: Guid(fcece57477817c24e978a5f0ead9c106) Importer(2089858483,b0f066a214c2f5e87bad3c948f4d605d)
Start importing Assets/Resources/UI/PNG/grey_button10.png using Guid(fcece57477817c24e978a5f0ead9c106) Importer(2089858483,b0f066a214c2f5e87bad3c948f4d605d) (ScriptedImporter) -> (artifact id: '9e7eb01431cac1a8c40d48580e022636') in 0.0170599 seconds
Number of updated asset objects reloaded before import = 0Number of asset objects unloaded after import = 3

========================================================================
Received Import Request.
  Time since last request: 0.000017 seconds.
  path: Assets/Resources/UI/PNG/blue_sliderUp.png
  artifactKey: Guid(d589e4abb1beeaf4fae65c5c3ba098f0) Importer(2089858483,b0f066a214c2f5e87bad3c948f4d605d)
Start importing Assets/Resources/UI/PNG/blue_sliderUp.png using Guid(d589e4abb1beeaf4fae65c5c3ba098f0) Importer(2089858483,b0f066a214c2f5e87bad3c948f4d605d) (ScriptedImporter) -> (artifact id: 'f6650fcac3c5ffa6e60f57d239aa3476') in 0.0176607 seconds
Number of updated asset objects reloaded before import = 0Number of asset objects unloaded after import = 3

========================================================================
Received Import Request.
  Time since last request: 0.000015 seconds.
  path: Assets/Resources/UI/PNG/red_circle.png
  artifactKey: Guid(0c4b0bbfe7666d24cbc283f6d6689a5d) Importer(2089858483,b0f066a214c2f5e87bad3c948f4d605d)
Start importing Assets/Resources/UI/PNG/red_circle.png using Guid(0c4b0bbfe7666d24cbc283f6d6689a5d) Importer(2089858483,b0f066a214c2f5e87bad3c948f4d605d) (ScriptedImporter) -> (artifact id: 'd8c0742217d6e6356cef95140e9ac8e5') in 0.0198112 seconds
Number of updated asset objects reloaded before import = 0Number of asset objects unloaded after import = 3

========================================================================
Received Import Request.
  Time since last request: 0.000017 seconds.
  path: Assets/Resources/Platformer/Tiles/tile_0146.png
  artifactKey: Guid(45f817846a1f31241b1560fe59283282) Importer(2089858483,b0f066a214c2f5e87bad3c948f4d605d)
Start importing Assets/Resources/Platformer/Tiles/tile_0146.png using Guid(45f817846a1f31241b1560fe59283282) Importer(2089858483,b0f066a214c2f5e87bad3c948f4d605d) (ScriptedImporter) -> (artifact id: '3de56b15ecdae38aa2ee3e242ee227fd') in 0.0159701 seconds
Number of updated asset objects reloaded before import = 0Number of asset objects unloaded after import = 3

========================================================================
Received Import Request.
  Time since last request: 0.000026 seconds.
  path: Assets/Resources/UI/PNG/blue_boxCheckmark.png
  artifactKey: Guid(fa9977bc3df92cc4197dadbb2285bf75) Importer(2089858483,b0f066a214c2f5e87bad3c948f4d605d)
Start importing Assets/Resources/UI/PNG/blue_boxCheckmark.png using Guid(fa9977bc3df92cc4197dadbb2285bf75) Importer(2089858483,b0f066a214c2f5e87bad3c948f4d605d) (ScriptedImporter) -> (artifact id: '5f4c39279b3362497de42989738cde7e') in 0.0422262 seconds
Number of updated asset objects reloaded before import = 0Number of asset objects unloaded after import = 3

========================================================================
Received Import Request.
  Time since last request: 0.011138 seconds.
  path: Assets/Resources/UI/PNG/grey_button09.png
  artifactKey: Guid(2ba0c7b1cb64e4d43b69923bfde76656) Importer(2089858483,b0f066a214c2f5e87bad3c948f4d605d)
Start importing Assets/Resources/UI/PNG/grey_button09.png using Guid(2ba0c7b1cb64e4d43b69923bfde76656) Importer(2089858483,b0f066a214c2f5e87bad3c948f4d605d) (ScriptedImporter) -> (artifact id: 'ffaaca82e6f0d45307ef1b2ad1b5bfe7') in 0.0349093 seconds
Number of updated asset objects reloaded before import = 0Number of asset objects unloaded after import = 3

========================================================================
Received Import Request.
  Time since last request: 0.000021 seconds.
  path: Assets/Resources/Platformer/Background
  artifactKey: Guid(e6c79510e129c454d9b90311dde2ad2d) Importer(2089858483,b0f066a214c2f5e87bad3c948f4d605d)
Start importing Assets/Resources/Platformer/Background using Guid(e6c79510e129c454d9b90311dde2ad2d) Importer(2089858483,b0f066a214c2f5e87bad3c948f4d605d) (ScriptedImporter) -> (artifact id: '6e1081f658910139b1ff63ce48a25490') in 0.0123661 seconds
Number of updated asset objects reloaded before import = 0Number of asset objects unloaded after import = 1

========================================================================
Received Import Request.
  Time since last request: 0.000027 seconds.
  path: Assets/Resources/UI/PNG/red_button02.png
  artifactKey: Guid(9e542d6645352ec4da24c20a98d6a76a) Importer(2089858483,b0f066a214c2f5e87bad3c948f4d605d)
Start importing Assets/Resources/UI/PNG/red_button02.png using Guid(9e542d6645352ec4da24c20a98d6a76a) Importer(2089858483,b0f066a214c2f5e87bad3c948f4d605d) (ScriptedImporter) -> (artifact id: 'ac526c3d5e4be76231974e1fcbf6327e') in 0.0174788 seconds
Number of updated asset objects reloaded before import = 0Number of asset objects unloaded after import = 3

========================================================================
Received Import Request.
  Time since last request: 0.000017 seconds.
  path: Assets/Resources/UI/PNG/blue_button02.png
  artifactKey: Guid(8fe674cbe8b6f3a46a0eecbcfe786d0a) Importer(2089858483,b0f066a214c2f5e87bad3c948f4d605d)
Start importing Assets/Resources/UI/PNG/blue_button02.png using Guid(8fe674cbe8b6f3a46a0eecbcfe786d0a) Importer(2089858483,b0f066a214c2f5e87bad3c948f4d605d) (ScriptedImporter) -> (artifact id: '50657eedfa49c0ae8de4de2fea97667a') in 0.0168843 seconds
Number of updated asset objects reloaded before import = 0Number of asset objects unloaded after import = 3

========================================================================
Received Import Request.
  Time since last request: 0.000017 seconds.
  path: Assets/Resources/Platformer/Tiles/tile_0118.png
  artifactKey: Guid(ed023615fd27d1f4fb6f7e20807322aa) Importer(2089858483,b0f066a214c2f5e87bad3c948f4d605d)
Start importing Assets/Resources/Platformer/Tiles/tile_0118.png using Guid(ed023615fd27d1f4fb6f7e20807322aa) Importer(2089858483,b0f066a214c2f5e87bad3c948f4d605d) (ScriptedImporter) -> (artifact id: 'e70acf263cc166bc82b8e9680a59b54d') in 0.0165506 seconds
Number of updated asset objects reloaded before import = 0Number of asset objects unloaded after import = 3

========================================================================
Received Import Request.
  Time since last request: 0.000020 seconds.
  path: Assets/Resources/Platformer/Tilemap/tiles.png
  artifactKey: Guid(85ae1bc982946f14badf1c73ff342d4b) Importer(2089858483,b0f066a214c2f5e87bad3c948f4d605d)
Start importing Assets/Resources/Platformer/Tilemap/tiles.png using Guid(85ae1bc982946f14badf1c73ff342d4b) Importer(2089858483,b0f066a214c2f5e87bad3c948f4d605d) (ScriptedImporter) -> (artifact id: 'f214f9b498003e19a7d159468114c4c1') in 0.2496025 seconds
Number of updated asset objects reloaded before import = 0Number of asset objects unloaded after import = 182

========================================================================
Received Import Request.
  Time since last request: 0.000028 seconds.
  path: Assets/Resources/UI/PNG/green_checkmark.png
  artifactKey: Guid(3bea7935b83f6f54a96d830f87164418) Importer(2089858483,b0f066a214c2f5e87bad3c948f4d605d)
Start importing Assets/Resources/UI/PNG/green_checkmark.png using Guid(3bea7935b83f6f54a96d830f87164418) Importer(2089858483,b0f066a214c2f5e87bad3c948f4d605d) (ScriptedImporter) -> (artifact id: '2b985c65778bf43437d81da86dc26c4a') in 0.014698 seconds
Number of updated asset objects reloaded before import = 0Number of asset objects unloaded after import = 3

========================================================================
Received Import Request.
  Time since last request: 0.000020 seconds.
  path: Assets/Resources/Platformer/Tiles/tile_0035.png
  artifactKey: Guid(37acfa73a20bf24418b80c23219b4efe) Importer(2089858483,b0f066a214c2f5e87bad3c948f4d605d)
Start importing Assets/Resources/Platformer/Tiles/tile_0035.png using Guid(37acfa73a20bf24418b80c23219b4efe) Importer(2089858483,b0f066a214c2f5e87bad3c948f4d605d) (ScriptedImporter) -> (artifact id: '83da47dc0004e926fa656a62b3280687') in 0.0157997 seconds
Number of updated asset objects reloaded before import = 0Number of asset objects unloaded after import = 3

========================================================================
Received Import Request.
  Time since last request: 0.000019 seconds.
  path: Assets/Resources/Platformer/Tiles/tile_0001.png
  artifactKey: Guid(ea50765e34a97db4e91eb0efbf620b63) Importer(2089858483,b0f066a214c2f5e87bad3c948f4d605d)
Start importing Assets/Resources/Platformer/Tiles/tile_0001.png using Guid(ea50765e34a97db4e91eb0efbf620b63) Importer(2089858483,b0f066a214c2f5e87bad3c948f4d605d) (ScriptedImporter) -> (artifact id: '5d070ec18ee1a37d016b223734e869ba') in 0.0584949 seconds
Number of updated asset objects reloaded before import = 0Number of asset objects unloaded after import = 3

========================================================================
Received Import Request.
  Time since last request: 0.000016 seconds.
  path: Assets/Resources/UI/PNG/green_button07.png
  artifactKey: Guid(bf6e0f732ecd361458f4859d003b46f3) Importer(2089858483,b0f066a214c2f5e87bad3c948f4d605d)
Start importing Assets/Resources/UI/PNG/green_button07.png using Guid(bf6e0f732ecd361458f4859d003b46f3) Importer(2089858483,b0f066a214c2f5e87bad3c948f4d605d) (ScriptedImporter) -> (artifact id: '7b513085ba90e171d20cbc800f67ef56') in 0.030656 seconds
Number of updated asset objects reloaded before import = 0Number of asset objects unloaded after import = 3

========================================================================
Received Import Request.
  Time since last request: 0.000021 seconds.
  path: Assets/Resources/Platformer/Tiles/tile_0071.png
  artifactKey: Guid(6d0d1441c26d31a4795f8b9e92195639) Importer(2089858483,b0f066a214c2f5e87bad3c948f4d605d)
Start importing Assets/Resources/Platformer/Tiles/tile_0071.png using Guid(6d0d1441c26d31a4795f8b9e92195639) Importer(2089858483,b0f066a214c2f5e87bad3c948f4d605d) (ScriptedImporter) -> (artifact id: 'b3fd54a77537f2f6c78e433ee0514fb1') in 0.0176848 seconds
Number of updated asset objects reloaded before import = 0Number of asset objects unloaded after import = 3

========================================================================
Received Import Request.
  Time since last request: 0.000015 seconds.
  path: Assets/Resources/Platformer/Background/background_0000.png
  artifactKey: Guid(18b721a75916894438a964f5cb33d821) Importer(2089858483,b0f066a214c2f5e87bad3c948f4d605d)
Start importing Assets/Resources/Platformer/Background/background_0000.png using Guid(18b721a75916894438a964f5cb33d821) Importer(2089858483,b0f066a214c2f5e87bad3c948f4d605d) (ScriptedImporter) -> (artifact id: 'cde5d12ca310c0ecf1d13551565faeb0') in 0.0174631 seconds
Number of updated asset objects reloaded before import = 0Number of asset objects unloaded after import = 3

========================================================================
Received Import Request.
  Time since last request: 0.000015 seconds.
  path: Assets/Resources/Platformer/Tiles/tile_0006.png
  artifactKey: Guid(736047d9012097c4ebf69140465d406c) Importer(2089858483,b0f066a214c2f5e87bad3c948f4d605d)
Start importing Assets/Resources/Platformer/Tiles/tile_0006.png using Guid(736047d9012097c4ebf69140465d406c) Importer(2089858483,b0f066a214c2f5e87bad3c948f4d605d) (ScriptedImporter) -> (artifact id: '751fce1cf38c40d55b72892d2d9e2c71') in 0.0814989 seconds
Number of updated asset objects reloaded before import = 0Number of asset objects unloaded after import = 3

========================================================================
Received Import Request.
  Time since last request: 0.000023 seconds.
  path: Assets/Resources/Platformer/Tiles/tile_0022.png
  artifactKey: Guid(c0c8c727da9b03b49b3857159f9c1f24) Importer(2089858483,b0f066a214c2f5e87bad3c948f4d605d)
Start importing Assets/Resources/Platformer/Tiles/tile_0022.png using Guid(c0c8c727da9b03b49b3857159f9c1f24) Importer(2089858483,b0f066a214c2f5e87bad3c948f4d605d) (ScriptedImporter) -> (artifact id: '3f9d890a9dd9b6d1abc13cd24ad5afd2') in 0.0156512 seconds
Number of updated asset objects reloaded before import = 0Number of asset objects unloaded after import = 3

========================================================================
Received Import Request.
  Time since last request: 0.000030 seconds.
  path: Assets/Resources/UI/PNG/grey_sliderUp.png
  artifactKey: Guid(24a1b6ebe9f066444bbd814e97c4c1ad) Importer(2089858483,b0f066a214c2f5e87bad3c948f4d605d)
Start importing Assets/Resources/UI/PNG/grey_sliderUp.png using Guid(24a1b6ebe9f066444bbd814e97c4c1ad) Importer(2089858483,b0f066a214c2f5e87bad3c948f4d605d) (ScriptedImporter) -> (artifact id: '8e41b45c70cd0a95109977b78ff62d4e') in 0.015462 seconds
Number of updated asset objects reloaded before import = 0Number of asset objects unloaded after import = 3

========================================================================
Received Import Request.
  Time since last request: 0.000023 seconds.
  path: Assets/Resources/Platformer/Tiles/tile_0018.png
  artifactKey: Guid(c8296d041f5275b438e484a3e152b536) Importer(2089858483,b0f066a214c2f5e87bad3c948f4d605d)
Start importing Assets/Resources/Platformer/Tiles/tile_0018.png using Guid(c8296d041f5275b438e484a3e152b536) Importer(2089858483,b0f066a214c2f5e87bad3c948f4d605d) (ScriptedImporter) -> (artifact id: 'c457f81af292ef10dacb106927542574') in 0.0173775 seconds
Number of updated asset objects reloaded before import = 0Number of asset objects unloaded after import = 3

========================================================================
Received Import Request.
  Time since last request: 0.000023 seconds.
  path: Assets/Resources/Platformer/Tiles/tile_0096.png
  artifactKey: Guid(6923e79affe76aa489bd6c5c028b417e) Importer(2089858483,b0f066a214c2f5e87bad3c948f4d605d)
Start importing Assets/Resources/Platformer/Tiles/tile_0096.png using Guid(6923e79affe76aa489bd6c5c028b417e) Importer(2089858483,b0f066a214c2f5e87bad3c948f4d605d) (ScriptedImporter) -> (artifact id: '4285afd418831e4782aef131ade277dd') in 0.0564941 seconds
Number of updated asset objects reloaded before import = 0Number of asset objects unloaded after import = 3

========================================================================
Received Prepare
Begin MonoManager ReloadAssembly
- Loaded All Assemblies, in  1.135 seconds
Refreshing native plugins compatible for Editor in 3.78 ms, found 5 plugins.
Native extension for WindowsStandalone target not found
[Package Manager] Failed to launch server process. Reason: Unity was launched with the -noUpm command-line argument
[Package Manager] Unable to send message (not connected to server process).
[Package Manager] Cannot connect to Unity Package Manager local server
[Package Manager] Failed to launch server process. Reason: Unity was launched with the -noUpm command-line argument
[Package Manager] Unable to send message (not connected to server process).
[Package Manager] Cannot connect to Unity Package Manager local server
ScheduleIndexationOnStartup MainProcess:False IndexOnStartup:True
Mono: successfully reloaded assembly
- Finished resetting the current domain, in  0.926 seconds
Domain Reload Profiling: 2064ms
	BeginReloadAssembly (404ms)
		ExecutionOrderSort (0ms)
		DisableScriptedObjects (18ms)
		BackupInstance (0ms)
		ReleaseScriptingObjects (0ms)
		CreateAndSetChildDomain (76ms)
	RebuildCommonClasses (53ms)
	RebuildNativeTypeToScriptingClass (16ms)
	initialDomainReloadingComplete (37ms)
	LoadAllAssembliesAndSetupDomain (628ms)
		LoadAssemblies (594ms)
		RebuildTransferFunctionScriptingTraits (0ms)
		AnalyzeDomain (273ms)
			TypeCache.Refresh (12ms)
				TypeCache.ScanAssembly (0ms)
			BuildScriptInfoCaches (245ms)
			ResolveRequiredComponents (10ms)
	FinalizeReload (927ms)
		ReleaseScriptCaches (0ms)
		RebuildScriptCaches (0ms)
		SetupLoadedEditorAssemblies (727ms)
			LogAssemblyErrors (0ms)
			InitializePlatformSupportModulesInManaged (2ms)
			SetLoadedEditorAssemblies (4ms)
			BeforeProcessingInitializeOnLoad (167ms)
			ProcessInitializeOnLoadAttributes (465ms)
			ProcessInitializeOnLoadMethodAttributes (84ms)
			AfterProcessingInitializeOnLoad (5ms)
			EditorAssembliesLoaded (0ms)
		ExecutionOrderSort2 (0ms)
		AwakeInstancesAfterBackupRestoration (27ms)
Refreshing native plugins compatible for Editor in 5.00 ms, found 5 plugins.
Preloading 0 native plugins for Editor in 0.00 ms.
Unloading 16 Unused Serialized files (Serialized files now loaded: 0)
Unloading 7166 unused Assets / (4.6 MB). Loaded Objects now: 7999.
Memory consumption went from 156.2 MB to 151.6 MB.
Total: 13.598200 ms (FindLiveObjects: 1.216000 ms CreateObjectMapping: 1.498400 ms MarkObjects: 7.978100 ms  DeleteObjects: 2.904600 ms)

Prepare: number of updated asset objects reloaded= 0
Editor requested this worker to shutdown with reason: Scaling down because of idle timeout
AssetImportWorker is now disconnected from the server
Process exiting
Exiting without the bug reporter. Application will terminate with return code 0