[Licensing::Module] Trying to connect to existing licensing client channel...
Built from '6000.3/staging' branch; Version is '6000.3.13f1 (8c4f11e4fb20) revision 9195281'; Using compiler version '194234433'; Build Type 'Release'
[Licensing::IpcConnector] Successfully connected to: "LicenseClient-Administrator" at "2026-04-17T13:23:30.5457681Z"
OS: 'Windows 11  (10.0.26200) Professional' Language: 'ko' Physical Memory: 32694 MB
BatchMode: 1, IsHumanControllingUs: 0, StartBugReporterOnCrash: 0, Is64bit: 1
System  architecture: x64
Process architecture: x64
Date: 2026-04-17T13:23:30Z

COMMAND LINE ARGUMENTS:
D:\unity\6000.3.13f1\Editor\Unity.exe
-adb2
-batchMode
-noUpm
-name
AssetImportWorker6
-projectPath
D:/UnityGame/UnityGame/My project
-logFile
Logs/AssetImportWorker6.log
-srvPort
14869
-licensingIpc
LicenseClient-Administrator
-job-worker-count
5
-background-job-worker-count
8
-gc-helper-count
1
-name
AssetImport
Successfully changed project path to: D:/UnityGame/UnityGame/My project
D:/UnityGame/UnityGame/My project
[UnityMemory] Configuration Parameters - Can be set up in boot.config
    "memorysetup-temp-allocator-size-nav-mesh-worker=65536"
    "memorysetup-temp-allocator-size-audio-worker=65536"
    "memorysetup-temp-allocator-size-gfx=262144"
    "memorysetup-allocator-temp-initial-block-size-main=262144"
    "memorysetup-allocator-temp-initial-block-size-worker=262144"
    "memorysetup-temp-allocator-size-background-worker=32768"
    "memorysetup-temp-allocator-size-job-worker=262144"
    "memorysetup-temp-allocator-size-preload-manager=33554432"
    "memorysetup-temp-allocator-size-gi-baking-worker=262144"
    "memorysetup-temp-allocator-size-gi-baking-worker=262144"
    "memorysetup-temp-allocator-size-gi-baking-worker=262144"
    "memorysetup-temp-allocator-size-gi-baking-worker=262144"
    "memorysetup-temp-allocator-size-gi-baking-worker=262144"
    "memorysetup-bucket-allocator-granularity=16"
    "memorysetup-bucket-allocator-bucket-count=8"
    "memorysetup-bucket-allocator-block-size=33554432"
    "memorysetup-bucket-allocator-block-count=8"
    "memorysetup-main-allocator-block-size=16777216"
    "memorysetup-thread-allocator-block-size=16777216"
    "memorysetup-gfx-main-allocator-block-size=16777216"
    "memorysetup-gfx-thread-allocator-block-size=16777216"
    "memorysetup-cache-allocator-block-size=4194304"
    "memorysetup-typetree-allocator-block-size=2097152"
    "memorysetup-profiler-bucket-allocator-granularity=16"
    "memorysetup-profiler-bucket-allocator-bucket-count=8"
    "memorysetup-profiler-bucket-allocator-block-size=33554432"
    "memorysetup-profiler-bucket-allocator-block-count=8"
    "memorysetup-profiler-allocator-block-size=16777216"
    "memorysetup-profiler-editor-allocator-block-size=1048576"
    "memorysetup-temp-allocator-size-main=16777216"
    "memorysetup-job-temp-allocator-block-size=2097152"
    "memorysetup-job-temp-allocator-block-size-background=1048576"
    "memorysetup-job-temp-allocator-reduction-small-platforms=262144"
    "memorysetup-temp-allocator-size-cloud-worker=32768"
Player connection [30252]  Target information:

Player connection [30252]  * "[IP] 192.168.219.123 [Port] 0 [Flags] 2 [Guid] 1244540519 [EditorId] 1244540519 [Version] 1048832 [Id] WindowsEditor(7,DESKTOP-L44KHL9) [Debug] 1 [PackageName] WindowsEditor [ProjectName] Editor" 

Player connection [30252]  * "[IP] 25.17.133.27 [Port] 0 [Flags] 2 [Guid] 1244540519 [EditorId] 1244540519 [Version] 1048832 [Id] WindowsEditor(7,DESKTOP-L44KHL9) [Debug] 1 [PackageName] WindowsEditor [ProjectName] Editor" 

Player connection [30252] Host joined multi-casting on [225.0.0.222:54997]...
Player connection [30252] Host joined alternative multi-casting on [225.0.0.222:34997]...
JobSystem: Creating JobQueue using job-worker-count value 5
Input System module state changed to: Initialized.
[Physics::Module] Initialized fallback backend.
[Physics::Module] Id: 0xdecafbad
Library Redirect Path: Library/
[Physics::Module] Selected backend.
[Physics::Module] Name: PhysX
[Physics::Module] Id: 0xf2b8ea05
[Physics::Module] SDK Version: 4.1.2
[Physics::Module] Integration Version: 1.0.0
[Physics::Module] Threading Mode: Multi-Threaded
Refreshing native plugins compatible for Editor in 12.85 ms, found 5 plugins.
Preloading 0 native plugins for Editor in 0.00 ms.
Initialize engine version: 6000.3.13f1 (8c4f11e4fb20)
[Subsystems] Discovering subsystems at path D:/unity/6000.3.13f1/Editor/Data/Resources/UnitySubsystems
[Subsystems] Discovering subsystems at path D:/UnityGame/UnityGame/My project/Assets
GfxDevice: creating device client; kGfxThreadingModeNonThreaded
Direct3D:
    Version:  Direct3D 11.0 [level 11.1]
    Renderer: NVIDIA GeForce GTX 1060 6GB (ID=0x1c03)
    Vendor:   NVIDIA
    VRAM:     6029 MB
    Driver:   32.0.15.6094
Initialize mono
Mono path[0] = 'D:/unity/6000.3.13f1/Editor/Data/Managed'
Mono path[1] = 'D:/unity/6000.3.13f1/Editor/Data/MonoBleedingEdge/lib/mono/unityjit-win32'
Mono config path = 'D:/unity/6000.3.13f1/Editor/Data/MonoBleedingEdge/etc'
Using monoOptions --debugger-agent=transport=dt_socket,embedding=1,server=y,suspend=n,address=127.0.0.1:56568
Begin MonoManager ReloadAssembly
Registering precompiled unity dll's ...
Register platform support module: D:/unity/6000.3.13f1/Editor/Data/PlaybackEngines/WindowsStandaloneSupport/UnityEditor.WindowsStandalone.Extensions.dll
Registered in 0.002044 seconds.
- Loaded All Assemblies, in  0.420 seconds
Native extension for WindowsStandalone target not found
[Licensing::Client] Error: HandshakeResponse reported an error:
	ResponseCode: 505
	ResponseStatus: Unsupported protocol version '1.18.1'.
[Licensing::Module] Error: Failed to handshake to channel: "LicenseClient-Administrator"
[Licensing::IpcConnector] LicenseClient-Administrator channel disconnected successfully.
[Licensing::IpcConnector] Successfully connected to: "LicenseClient-Administrator-6000.3.13" at "2026-04-17T13:23:31.9372431Z"
Package Manager log level set to [2]
[Package Manager] Failed to launch server process. Reason: Unity was launched with the -noUpm command-line argument
[Package Manager] Unable to send message (not connected to server process).
[Package Manager] Cannot connect to Unity Package Manager local server
ScheduleIndexationOnStartup MainProcess:False IndexOnStartup:True
Mono: successfully reloaded assembly
- Finished resetting the current domain, in  0.347 seconds
Domain Reload Profiling: 766ms
	BeginReloadAssembly (180ms)
		ExecutionOrderSort (0ms)
		DisableScriptedObjects (0ms)
		BackupInstance (0ms)
		ReleaseScriptingObjects (0ms)
		CreateAndSetChildDomain (1ms)
	RebuildCommonClasses (37ms)
	RebuildNativeTypeToScriptingClass (11ms)
	initialDomainReloadingComplete (39ms)
	LoadAllAssembliesAndSetupDomain (151ms)
		LoadAssemblies (180ms)
		RebuildTransferFunctionScriptingTraits (0ms)
		AnalyzeDomain (146ms)
			TypeCache.Refresh (144ms)
				TypeCache.ScanAssembly (132ms)
			BuildScriptInfoCaches (0ms)
			ResolveRequiredComponents (0ms)
	FinalizeReload (347ms)
		ReleaseScriptCaches (0ms)
		RebuildScriptCaches (0ms)
		SetupLoadedEditorAssemblies (304ms)
			LogAssemblyErrors (0ms)
			InitializePlatformSupportModulesInManaged (38ms)
			SetLoadedEditorAssemblies (3ms)
			BeforeProcessingInitializeOnLoad (68ms)
			ProcessInitializeOnLoadAttributes (123ms)
			ProcessInitializeOnLoadMethodAttributes (73ms)
			AfterProcessingInitializeOnLoad (0ms)
			EditorAssembliesLoaded (0ms)
		ExecutionOrderSort2 (0ms)
		AwakeInstancesAfterBackupRestoration (0ms)
========================================================================
Worker process is ready to serve import requests
Import Worker Mode flag is 0x00
Begin MonoManager ReloadAssembly
[Licensing::Module] Licensing is not yet initialized.
[Licensing::Client] Handshaking with LicensingClient:
  Version:                 1.18.1+9fbee8e
  Session Id:              9bc3cc469b8448ce9cfebcb84236bd5f
  Correlation Id:          498924d18a6d73af3ce3764996f6e254
  External correlation Id: 5125770861895114025
  Machine Id:              FmvuUOVJH7MiGQAp1/hAZogbUYs=
[Licensing::Module] Successfully connected to LicensingClient on channel: "LicenseClient-Administrator-6000.3.13" (connect: 0.00s, validation: 0.00s, handshake: 1.10s)
[Licensing::IpcConnector] Successfully connected to: "LicenseClient-Administrator-6000.3.13-notifications" at "2026-04-17T13:23:33.035996Z"
[Licensing::Module] Licensing Background thread has ended after 2.49s
[Licensing::Module] Licensing is initialized (took 0.66s).
[Licensing::Client] Successfully resolved entitlement details
[Licensing::Module] License group:
  Id: F4-BXM4-VMG8-FPK6-3WUH-XXXX
  Product: Unity Personal
  Type: ULF
  Expiration: 2026-05-25T13:34:02Z
[Licensing::Module] License group:
  Id: 14569718489684-UnityPersXXXX
  Product: Unity Personal
  Type: Assigned
  Expiration: Unlimited
- Loaded All Assemblies, in  1.498 seconds
Refreshing native plugins compatible for Editor in 3.23 ms, found 5 plugins.
Native extension for WindowsStandalone target not found
[Package Manager] Failed to launch server process. Reason: Unity was launched with the -noUpm command-line argument
[Package Manager] Unable to send message (not connected to server process).
[Package Manager] Cannot connect to Unity Package Manager local server
Refreshing native plugins compatible for Editor in 3.61 ms, found 5 plugins.
[Package Manager] Failed to launch server process. Reason: Unity was launched with the -noUpm command-line argument
[Package Manager] Unable to send message (not connected to server process).
[Package Manager] Cannot connect to Unity Package Manager local server
ScheduleIndexationOnStartup MainProcess:False IndexOnStartup:True
Mono: successfully reloaded assembly
- Finished resetting the current domain, in  0.793 seconds
Domain Reload Profiling: 2290ms
	BeginReloadAssembly (872ms)
		ExecutionOrderSort (0ms)
		DisableScriptedObjects (5ms)
		BackupInstance (0ms)
		ReleaseScriptingObjects (0ms)
		CreateAndSetChildDomain (27ms)
	RebuildCommonClasses (35ms)
	RebuildNativeTypeToScriptingClass (10ms)
	initialDomainReloadingComplete (34ms)
	LoadAllAssembliesAndSetupDomain (545ms)
		LoadAssemblies (432ms)
		RebuildTransferFunctionScriptingTraits (0ms)
		AnalyzeDomain (259ms)
			TypeCache.Refresh (183ms)
				TypeCache.ScanAssembly (169ms)
			BuildScriptInfoCaches (63ms)
			ResolveRequiredComponents (8ms)
	FinalizeReload (793ms)
		ReleaseScriptCaches (0ms)
		RebuildScriptCaches (0ms)
		SetupLoadedEditorAssemblies (656ms)
			LogAssemblyErrors (0ms)
			InitializePlatformSupportModulesInManaged (1ms)
			SetLoadedEditorAssemblies (3ms)
			BeforeProcessingInitializeOnLoad (118ms)
			ProcessInitializeOnLoadAttributes (418ms)
			ProcessInitializeOnLoadMethodAttributes (114ms)
			AfterProcessingInitializeOnLoad (2ms)
			EditorAssembliesLoaded (0ms)
		ExecutionOrderSort2 (0ms)
		AwakeInstancesAfterBackupRestoration (11ms)
Launched and connected shader compiler UnityShaderCompiler.exe after 0.02 seconds
Refreshing native plugins compatible for Editor in 3.86 ms, found 5 plugins.
Preloading 0 native plugins for Editor in 0.00 ms.
Unloading 16 Unused Serialized files (Serialized files now loaded: 0)
Unloading 7168 unused Assets / (4.2 MB). Loaded Objects now: 7993.
Memory consumption went from 156.5 MB to 152.3 MB.
Total: 9.427000 ms (FindLiveObjects: 0.800700 ms CreateObjectMapping: 0.864600 ms MarkObjects: 5.531100 ms  DeleteObjects: 2.230100 ms)

========================================================================
Received Import Request.
  Time since last request: 38781.558409 seconds.
  path: Assets/Resources/Platformer/Tiles/tile_0015.png
  artifactKey: Guid(efe6fc6895ae3914f8fdbe577e632a93) Importer(815301076,1909f56bfc062723c751e8b465ee728b)
Start importing Assets/Resources/Platformer/Tiles/tile_0015.png using Guid(efe6fc6895ae3914f8fdbe577e632a93) Importer(815301076,1909f56bfc062723c751e8b465ee728b) (PreviewImporter) -> (artifact id: 'a2f2d2afc0cf598e20d34f78a863b309') in 0.0839895 seconds
Number of updated asset objects reloaded before import = 0Number of asset objects unloaded after import = 3

========================================================================
Received Import Request.
  Time since last request: 0.000020 seconds.
  path: Assets/Resources/Platformer/Tiles/tile_0020.png
  artifactKey: Guid(c8b8e2bdd1c78ec47846160482564e60) Importer(815301076,1909f56bfc062723c751e8b465ee728b)
Start importing Assets/Resources/Platformer/Tiles/tile_0020.png using Guid(c8b8e2bdd1c78ec47846160482564e60) Importer(815301076,1909f56bfc062723c751e8b465ee728b) (PreviewImporter) -> (artifact id: '2fd3f99bd8ed4ecbe372bcd136d5054d') in 0.0155807 seconds
Number of updated asset objects reloaded before import = 0Number of asset objects unloaded after import = 3

========================================================================
Received Import Request.
  Time since last request: 0.000026 seconds.
  path: Assets/Resources/Platformer/Tiles/tile_0019.png
  artifactKey: Guid(1a80d0b853f4b9a4cb89c2e0ba2571d5) Importer(815301076,1909f56bfc062723c751e8b465ee728b)
Start importing Assets/Resources/Platformer/Tiles/tile_0019.png using Guid(1a80d0b853f4b9a4cb89c2e0ba2571d5) Importer(815301076,1909f56bfc062723c751e8b465ee728b) (PreviewImporter) -> (artifact id: '86ea0e445e05ff79ddb009177488f290') in 0.0158513 seconds
Number of updated asset objects reloaded before import = 0Number of asset objects unloaded after import = 3

========================================================================
Received Import Request.
  Time since last request: 185.473558 seconds.
  path: Assets/Resources/Platformer/Tilemap/characters_packed.png
  artifactKey: Guid(41a9322460fea8d43a473f6977b31b7e) Importer(815301076,1909f56bfc062723c751e8b465ee728b)
Start importing Assets/Resources/Platformer/Tilemap/characters_packed.png using Guid(41a9322460fea8d43a473f6977b31b7e) Importer(815301076,1909f56bfc062723c751e8b465ee728b) (PreviewImporter) -> (artifact id: '54caa46f5dcbb5f852c1e076014d41be') in 0.0882596 seconds
Number of updated asset objects reloaded before import = 0Number of asset objects unloaded after import = 27

========================================================================
Received Import Request.
  Time since last request: 0.000017 seconds.
  path: Assets/Resources/Platformer/Tilemap/tiles.png
  artifactKey: Guid(85ae1bc982946f14badf1c73ff342d4b) Importer(815301076,1909f56bfc062723c751e8b465ee728b)
Start importing Assets/Resources/Platformer/Tilemap/tiles.png using Guid(85ae1bc982946f14badf1c73ff342d4b) Importer(815301076,1909f56bfc062723c751e8b465ee728b) (PreviewImporter) -> (artifact id: '06364021047a4ae068908a8e7b71f4aa') in 0.3066286 seconds
Number of updated asset objects reloaded before import = 0Number of asset objects unloaded after import = 182

========================================================================
Received Import Request.
  Time since last request: 549.271068 seconds.
  path: Assets/Resources/Platformer/Tiles/tile_0026.png
  artifactKey: Guid(4ad1452fca0258d46873c0ea2e65af19) Importer(815301076,1909f56bfc062723c751e8b465ee728b)
Start importing Assets/Resources/Platformer/Tiles/tile_0026.png using Guid(4ad1452fca0258d46873c0ea2e65af19) Importer(815301076,1909f56bfc062723c751e8b465ee728b) (PreviewImporter) -> (artifact id: 'f33d458d4bd2f95b12a1e10c4fb8240d') in 0.0148264 seconds
Number of updated asset objects reloaded before import = 0Number of asset objects unloaded after import = 3

========================================================================
Received Import Request.
  Time since last request: 0.168218 seconds.
  path: Assets/Resources/Platformer/Tiles/tile_0028.png
  artifactKey: Guid(e85bc3294ded8f044aed18bc4c4be4fa) Importer(815301076,1909f56bfc062723c751e8b465ee728b)
Start importing Assets/Resources/Platformer/Tiles/tile_0028.png using Guid(e85bc3294ded8f044aed18bc4c4be4fa) Importer(815301076,1909f56bfc062723c751e8b465ee728b) (PreviewImporter) -> (artifact id: '745a525982d878e43f6f6ed187536a55') in 0.0190443 seconds
Number of updated asset objects reloaded before import = 0Number of asset objects unloaded after import = 3

========================================================================
Received Import Request.
  Time since last request: 0.000024 seconds.
  path: Assets/Resources/Platformer/Tiles/tile_0029.png
  artifactKey: Guid(2d536026986601a4d969a87aad248e9c) Importer(815301076,1909f56bfc062723c751e8b465ee728b)
Start importing Assets/Resources/Platformer/Tiles/tile_0029.png using Guid(2d536026986601a4d969a87aad248e9c) Importer(815301076,1909f56bfc062723c751e8b465ee728b) (PreviewImporter) -> (artifact id: 'f46d0060ea68b2ef762c58e2dd0a514e') in 0.0147843 seconds
Number of updated asset objects reloaded before import = 0Number of asset objects unloaded after import = 3

========================================================================
Received Import Request.
  Time since last request: 0.000026 seconds.
  path: Assets/Resources/Platformer/Tiles/tile_0034.png
  artifactKey: Guid(fab3edc7afe7c5d4fb48bd462cc55e7a) Importer(815301076,1909f56bfc062723c751e8b465ee728b)
Start importing Assets/Resources/Platformer/Tiles/tile_0034.png using Guid(fab3edc7afe7c5d4fb48bd462cc55e7a) Importer(815301076,1909f56bfc062723c751e8b465ee728b) (PreviewImporter) -> (artifact id: '4d65b8d92f104e47cbd0a27ebf63746a') in 0.0156065 seconds
Number of updated asset objects reloaded before import = 0Number of asset objects unloaded after import = 3

========================================================================
Received Import Request.
  Time since last request: 0.000017 seconds.
  path: Assets/Resources/Platformer/Tiles/tile_0031.png
  artifactKey: Guid(93e248a8a96636b4aa19054939c21895) Importer(815301076,1909f56bfc062723c751e8b465ee728b)
Start importing Assets/Resources/Platformer/Tiles/tile_0031.png using Guid(93e248a8a96636b4aa19054939c21895) Importer(815301076,1909f56bfc062723c751e8b465ee728b) (PreviewImporter) -> (artifact id: '47dd140a401e5797fe7dde6f7eb983fa') in 0.0143168 seconds
Number of updated asset objects reloaded before import = 0Number of asset objects unloaded after import = 3

========================================================================
Received Import Request.
  Time since last request: 0.012083 seconds.
  path: Assets/Resources/Platformer/Tiles/tile_0036.png
  artifactKey: Guid(e90a6605e26640b44a995fc512ff1117) Importer(815301076,1909f56bfc062723c751e8b465ee728b)
Start importing Assets/Resources/Platformer/Tiles/tile_0036.png using Guid(e90a6605e26640b44a995fc512ff1117) Importer(815301076,1909f56bfc062723c751e8b465ee728b) (PreviewImporter) -> (artifact id: '1b7f2879ce36a305b5d63fddd6f1e5a1') in 0.014988 seconds
Number of updated asset objects reloaded before import = 0Number of asset objects unloaded after import = 3

========================================================================
Received Import Request.
  Time since last request: 0.000016 seconds.
  path: Assets/Resources/Platformer/Tiles/tile_0038.png
  artifactKey: Guid(cbfd3961c9fd77c44a3cd7fd1fd4de89) Importer(815301076,1909f56bfc062723c751e8b465ee728b)
Start importing Assets/Resources/Platformer/Tiles/tile_0038.png using Guid(cbfd3961c9fd77c44a3cd7fd1fd4de89) Importer(815301076,1909f56bfc062723c751e8b465ee728b) (PreviewImporter) -> (artifact id: '7c0500a2f0e06247afdb63153713afa7') in 0.0145782 seconds
Number of updated asset objects reloaded before import = 0Number of asset objects unloaded after import = 3

========================================================================
Received Import Request.
  Time since last request: 0.000026 seconds.
  path: Assets/Resources/Platformer/Tiles/tile_0039.png
  artifactKey: Guid(4e7a178f171ec08479365cd843821c9c) Importer(815301076,1909f56bfc062723c751e8b465ee728b)
Start importing Assets/Resources/Platformer/Tiles/tile_0039.png using Guid(4e7a178f171ec08479365cd843821c9c) Importer(815301076,1909f56bfc062723c751e8b465ee728b) (PreviewImporter) -> (artifact id: '0628fc3838e9242248eb1e73ba36322a') in 0.0142177 seconds
Number of updated asset objects reloaded before import = 0Number of asset objects unloaded after import = 3

========================================================================
Received Import Request.
  Time since last request: 0.000020 seconds.
  path: Assets/Resources/Platformer/Tiles/tile_0042.png
  artifactKey: Guid(c7bf05ce3163b564795ba7985f908cac) Importer(815301076,1909f56bfc062723c751e8b465ee728b)
Start importing Assets/Resources/Platformer/Tiles/tile_0042.png using Guid(c7bf05ce3163b564795ba7985f908cac) Importer(815301076,1909f56bfc062723c751e8b465ee728b) (PreviewImporter) -> (artifact id: '53445681eec814e853b30d9b8812ecdb') in 0.0160052 seconds
Number of updated asset objects reloaded before import = 0Number of asset objects unloaded after import = 3

========================================================================
Received Import Request.
  Time since last request: 0.018065 seconds.
  path: Assets/Resources/Platformer/Tiles/tile_0044.png
  artifactKey: Guid(9386fa49ce6efd146bdd5b9608f80acb) Importer(815301076,1909f56bfc062723c751e8b465ee728b)
Start importing Assets/Resources/Platformer/Tiles/tile_0044.png using Guid(9386fa49ce6efd146bdd5b9608f80acb) Importer(815301076,1909f56bfc062723c751e8b465ee728b) (PreviewImporter) -> (artifact id: 'a1e7148e92f30a1c7b26197882bb64d8') in 0.0133129 seconds
Number of updated asset objects reloaded before import = 0Number of asset objects unloaded after import = 3

========================================================================
Received Import Request.
  Time since last request: 0.000021 seconds.
  path: Assets/Resources/Platformer/Tiles/tile_0046.png
  artifactKey: Guid(d011bbc006312904a96f382fd46a00c9) Importer(815301076,1909f56bfc062723c751e8b465ee728b)
Start importing Assets/Resources/Platformer/Tiles/tile_0046.png using Guid(d011bbc006312904a96f382fd46a00c9) Importer(815301076,1909f56bfc062723c751e8b465ee728b) (PreviewImporter) -> (artifact id: '488fadfe1ee4f0c026d4f9a919d42767') in 0.0183792 seconds
Number of updated asset objects reloaded before import = 0Number of asset objects unloaded after import = 3

========================================================================
Received Import Request.
  Time since last request: 0.000024 seconds.
  path: Assets/Resources/Platformer/Tiles/tile_0052.png
  artifactKey: Guid(ccb7168f522a64f41b1730e2223f6688) Importer(815301076,1909f56bfc062723c751e8b465ee728b)
Start importing Assets/Resources/Platformer/Tiles/tile_0052.png using Guid(ccb7168f522a64f41b1730e2223f6688) Importer(815301076,1909f56bfc062723c751e8b465ee728b) (PreviewImporter) -> (artifact id: '3784e589a17364a46e0e2e697f1edde1') in 0.0149578 seconds
Number of updated asset objects reloaded before import = 0Number of asset objects unloaded after import = 3

========================================================================
Received Import Request.
  Time since last request: 0.000016 seconds.
  path: Assets/Resources/Platformer/Tiles/tile_0050.png
  artifactKey: Guid(edd809e0f4809ef488207b029a3ef150) Importer(815301076,1909f56bfc062723c751e8b465ee728b)
Start importing Assets/Resources/Platformer/Tiles/tile_0050.png using Guid(edd809e0f4809ef488207b029a3ef150) Importer(815301076,1909f56bfc062723c751e8b465ee728b) (PreviewImporter) -> (artifact id: '99e74b610ef0d872915978a0adb5a58a') in 0.0135299 seconds
Number of updated asset objects reloaded before import = 0Number of asset objects unloaded after import = 3

========================================================================
Received Import Request.
  Time since last request: 0.000015 seconds.
  path: Assets/Resources/Platformer/Tiles/tile_0048.png
  artifactKey: Guid(3a91d08db364b8545be457e909215d84) Importer(815301076,1909f56bfc062723c751e8b465ee728b)
Start importing Assets/Resources/Platformer/Tiles/tile_0048.png using Guid(3a91d08db364b8545be457e909215d84) Importer(815301076,1909f56bfc062723c751e8b465ee728b) (PreviewImporter) -> (artifact id: '1355518a2d2d92bb1e438389a108a80b') in 0.0144106 seconds
Number of updated asset objects reloaded before import = 0Number of asset objects unloaded after import = 3

========================================================================
Received Import Request.
  Time since last request: 0.000018 seconds.
  path: Assets/Resources/Platformer/Tiles/tile_0056.png
  artifactKey: Guid(cd2871547ec01cb419f4525b383c4d41) Importer(815301076,1909f56bfc062723c751e8b465ee728b)
Start importing Assets/Resources/Platformer/Tiles/tile_0056.png using Guid(cd2871547ec01cb419f4525b383c4d41) Importer(815301076,1909f56bfc062723c751e8b465ee728b) (PreviewImporter) -> (artifact id: 'b279a389b4e945d67dc24c4d3e698062') in 0.0153286 seconds
Number of updated asset objects reloaded before import = 0Number of asset objects unloaded after import = 3

========================================================================
Received Import Request.
  Time since last request: 0.000029 seconds.
  path: Assets/Resources/Platformer/Tiles/tile_0060.png
  artifactKey: Guid(7d92bc8d03ba8804ca3bc575b52f56cd) Importer(815301076,1909f56bfc062723c751e8b465ee728b)
Start importing Assets/Resources/Platformer/Tiles/tile_0060.png using Guid(7d92bc8d03ba8804ca3bc575b52f56cd) Importer(815301076,1909f56bfc062723c751e8b465ee728b) (PreviewImporter) -> (artifact id: '66f123922d549528c2317e730ac2ecc8') in 0.0138639 seconds
Number of updated asset objects reloaded before import = 0Number of asset objects unloaded after import = 3

========================================================================
Received Import Request.
  Time since last request: 0.000014 seconds.
  path: Assets/Resources/Platformer/Tiles/tile_0057.png
  artifactKey: Guid(ecd5ee8daab73a944b4c6b77dd98396b) Importer(815301076,1909f56bfc062723c751e8b465ee728b)
Start importing Assets/Resources/Platformer/Tiles/tile_0057.png using Guid(ecd5ee8daab73a944b4c6b77dd98396b) Importer(815301076,1909f56bfc062723c751e8b465ee728b) (PreviewImporter) -> (artifact id: '05d4647ea917e6cebd22d03f88c59515') in 0.013235 seconds
Number of updated asset objects reloaded before import = 0Number of asset objects unloaded after import = 3

========================================================================
Received Import Request.
  Time since last request: 0.000016 seconds.
  path: Assets/Resources/Platformer/Tiles/tile_0059.png
  artifactKey: Guid(86ccb0061d18988489cb2cc5270cd740) Importer(815301076,1909f56bfc062723c751e8b465ee728b)
Start importing Assets/Resources/Platformer/Tiles/tile_0059.png using Guid(86ccb0061d18988489cb2cc5270cd740) Importer(815301076,1909f56bfc062723c751e8b465ee728b) (PreviewImporter) -> (artifact id: 'c2c66c45135cfc5c88ff83c0eecebdeb') in 0.0144394 seconds
Number of updated asset objects reloaded before import = 0Number of asset objects unloaded after import = 3

========================================================================
Received Import Request.
  Time since last request: 0.094223 seconds.
  path: Assets/Resources/Platformer/Tiles/tile_0062.png
  artifactKey: Guid(119037e02f9112c4694d95792bf1cc65) Importer(815301076,1909f56bfc062723c751e8b465ee728b)
Start importing Assets/Resources/Platformer/Tiles/tile_0062.png using Guid(119037e02f9112c4694d95792bf1cc65) Importer(815301076,1909f56bfc062723c751e8b465ee728b) (PreviewImporter) -> (artifact id: 'bb139aa3eb4061c0d60788f3445b8f3d') in 0.0152339 seconds
Number of updated asset objects reloaded before import = 0Number of asset objects unloaded after import = 3

========================================================================
Received Import Request.
  Time since last request: 0.000016 seconds.
  path: Assets/Resources/Platformer/Tiles/tile_0064.png
  artifactKey: Guid(9e6dcd83a6d8f104d84392aea6fab21d) Importer(815301076,1909f56bfc062723c751e8b465ee728b)
Start importing Assets/Resources/Platformer/Tiles/tile_0064.png using Guid(9e6dcd83a6d8f104d84392aea6fab21d) Importer(815301076,1909f56bfc062723c751e8b465ee728b) (PreviewImporter) -> (artifact id: '80dab2d50d624dd5627356eda232eb81') in 0.0154823 seconds
Number of updated asset objects reloaded before import = 0Number of asset objects unloaded after import = 3

========================================================================
Received Import Request.
  Time since last request: 0.352103 seconds.
  path: Assets/Resources/Platformer/Tiles/tile_0066.png
  artifactKey: Guid(46d215c49c0f3ea4ca3b3d38fbcaefd8) Importer(815301076,1909f56bfc062723c751e8b465ee728b)
Start importing Assets/Resources/Platformer/Tiles/tile_0066.png using Guid(46d215c49c0f3ea4ca3b3d38fbcaefd8) Importer(815301076,1909f56bfc062723c751e8b465ee728b) (PreviewImporter) -> (artifact id: '588a1bcbdd9c6d2b9e8c0f3f3fbc0c95') in 0.0493289 seconds
Number of updated asset objects reloaded before import = 0Number of asset objects unloaded after import = 3

========================================================================
Received Import Request.
  Time since last request: 0.000018 seconds.
  path: Assets/Resources/Platformer/Tiles/tile_0072.png
  artifactKey: Guid(5df15800dd8ed184eae1d47af663f257) Importer(815301076,1909f56bfc062723c751e8b465ee728b)
Start importing Assets/Resources/Platformer/Tiles/tile_0072.png using Guid(5df15800dd8ed184eae1d47af663f257) Importer(815301076,1909f56bfc062723c751e8b465ee728b) (PreviewImporter) -> (artifact id: '9d3f79fb083adeaf682b0b0ce3d5cd3d') in 0.0158619 seconds
Number of updated asset objects reloaded before import = 0Number of asset objects unloaded after import = 3

========================================================================
Received Import Request.
  Time since last request: 0.000029 seconds.
  path: Assets/Resources/Platformer/Tiles/tile_0074.png
  artifactKey: Guid(e7c7a3e6b94561b4681f4557c658c79f) Importer(815301076,1909f56bfc062723c751e8b465ee728b)
Start importing Assets/Resources/Platformer/Tiles/tile_0074.png using Guid(e7c7a3e6b94561b4681f4557c658c79f) Importer(815301076,1909f56bfc062723c751e8b465ee728b) (PreviewImporter) -> (artifact id: 'a1453697efd07d64ee4f7049f9559ecf') in 0.0974244 seconds
Number of updated asset objects reloaded before import = 0Number of asset objects unloaded after import = 3

========================================================================
Received Import Request.
  Time since last request: 0.000013 seconds.
  path: Assets/Resources/Platformer/Tiles/tile_0068.png
  artifactKey: Guid(8561043d707ac494fb09105b0ed54938) Importer(815301076,1909f56bfc062723c751e8b465ee728b)
Start importing Assets/Resources/Platformer/Tiles/tile_0068.png using Guid(8561043d707ac494fb09105b0ed54938) Importer(815301076,1909f56bfc062723c751e8b465ee728b) (PreviewImporter) -> (artifact id: '40594b93570dcbfb6b9701fd3dd9fbcc') in 0.0219872 seconds
Number of updated asset objects reloaded before import = 0Number of asset objects unloaded after import = 3

========================================================================
Received Import Request.
  Time since last request: 0.000015 seconds.
  path: Assets/Resources/Platformer/Tiles/tile_0067.png
  artifactKey: Guid(33453ba9e72c616468fdb13dfe97cb1e) Importer(815301076,1909f56bfc062723c751e8b465ee728b)
Start importing Assets/Resources/Platformer/Tiles/tile_0067.png using Guid(33453ba9e72c616468fdb13dfe97cb1e) Importer(815301076,1909f56bfc062723c751e8b465ee728b) (PreviewImporter) -> (artifact id: '7c1dd30bfc177ffbbbeaf05289bdede4') in 0.1122195 seconds
Number of updated asset objects reloaded before import = 0Number of asset objects unloaded after import = 3

========================================================================
Received Import Request.
  Time since last request: 31.145890 seconds.
  path: Assets/New Folder/tile_0150.png
  artifactKey: Guid(628dfb10c58ed7843a81566e8afdfbb9) Importer(2089858483,b0f066a214c2f5e87bad3c948f4d605d)
Start importing Assets/New Folder/tile_0150.png using Guid(628dfb10c58ed7843a81566e8afdfbb9) Importer(2089858483,b0f066a214c2f5e87bad3c948f4d605d) (ScriptedImporter) -> (artifact id: '52143ba9a7f19bf8cb5bee5f2968705e') in 0.159705 seconds
Number of updated asset objects reloaded before import = 0Number of asset objects unloaded after import = 3

========================================================================
Received Import Request.
  Time since last request: 0.000028 seconds.
  path: Assets/New Folder/tile_0014.png
  artifactKey: Guid(9fbada141703f5346a973bef61306133) Importer(2089858483,b0f066a214c2f5e87bad3c948f4d605d)
Start importing Assets/New Folder/tile_0014.png using Guid(9fbada141703f5346a973bef61306133) Importer(2089858483,b0f066a214c2f5e87bad3c948f4d605d) (ScriptedImporter) -> (artifact id: '0764cbd9e2614bc86acd78ff1c962fc0') in 0.0133301 seconds
Number of updated asset objects reloaded before import = 0Number of asset objects unloaded after import = 3

========================================================================
Received Import Request.
  Time since last request: 0.000028 seconds.
  path: Assets/New Folder/tile_0040.png
  artifactKey: Guid(f19367ebb42ff8b4cb2741313904ca8d) Importer(2089858483,b0f066a214c2f5e87bad3c948f4d605d)
Start importing Assets/New Folder/tile_0040.png using Guid(f19367ebb42ff8b4cb2741313904ca8d) Importer(2089858483,b0f066a214c2f5e87bad3c948f4d605d) (ScriptedImporter) -> (artifact id: '8f15d9cd632ce9d1db61618a0eecb543') in 0.0193447 seconds
Number of updated asset objects reloaded before import = 0Number of asset objects unloaded after import = 3

========================================================================
Received Import Request.
  Time since last request: 0.000018 seconds.
  path: Assets/New Folder/tile_0163.png
  artifactKey: Guid(251a24c45c30bee4b85e23878aeeeb6a) Importer(2089858483,b0f066a214c2f5e87bad3c948f4d605d)
Start importing Assets/New Folder/tile_0163.png using Guid(251a24c45c30bee4b85e23878aeeeb6a) Importer(2089858483,b0f066a214c2f5e87bad3c948f4d605d) (ScriptedImporter) -> (artifact id: '3c5e0ab1b1d1113d5227d9984b63b0a3') in 0.022517 seconds
Number of updated asset objects reloaded before import = 0Number of asset objects unloaded after import = 3

========================================================================
Received Import Request.
  Time since last request: 0.000015 seconds.
  path: Assets/New Folder/tile_0025.png
  artifactKey: Guid(2b15ef365cd7af14ea20d6ef290dfc7b) Importer(2089858483,b0f066a214c2f5e87bad3c948f4d605d)
Start importing Assets/New Folder/tile_0025.png using Guid(2b15ef365cd7af14ea20d6ef290dfc7b) Importer(2089858483,b0f066a214c2f5e87bad3c948f4d605d) (ScriptedImporter) -> (artifact id: '31ca2faffa320cf4b12f1c4b9793077c') in 0.1271711 seconds
Number of updated asset objects reloaded before import = 0Number of asset objects unloaded after import = 3

========================================================================
Received Import Request.
  Time since last request: 0.000026 seconds.
  path: Assets/New Folder/tile_0131.png
  artifactKey: Guid(0e7b03c014fd3b748ba712a32d08f8e8) Importer(2089858483,b0f066a214c2f5e87bad3c948f4d605d)
Start importing Assets/New Folder/tile_0131.png using Guid(0e7b03c014fd3b748ba712a32d08f8e8) Importer(2089858483,b0f066a214c2f5e87bad3c948f4d605d) (ScriptedImporter) -> (artifact id: 'b1d9160955cc47f7329639a4c1e8e57c') in 0.0192395 seconds
Number of updated asset objects reloaded before import = 0Number of asset objects unloaded after import = 3

========================================================================
Received Import Request.
  Time since last request: 0.000026 seconds.
  path: Assets/New Folder/tile_0085.png
  artifactKey: Guid(187e97e9c877c0943b8fe651f6559580) Importer(2089858483,b0f066a214c2f5e87bad3c948f4d605d)
Start importing Assets/New Folder/tile_0085.png using Guid(187e97e9c877c0943b8fe651f6559580) Importer(2089858483,b0f066a214c2f5e87bad3c948f4d605d) (ScriptedImporter) -> (artifact id: '809653b721f9e65680ce41db124c113b') in 0.0276052 seconds
Number of updated asset objects reloaded before import = 0Number of asset objects unloaded after import = 3

========================================================================
Received Import Request.
  Time since last request: 0.000015 seconds.
  path: Assets/New Folder/tile_0066.png
  artifactKey: Guid(46d215c49c0f3ea4ca3b3d38fbcaefd8) Importer(2089858483,b0f066a214c2f5e87bad3c948f4d605d)
Start importing Assets/New Folder/tile_0066.png using Guid(46d215c49c0f3ea4ca3b3d38fbcaefd8) Importer(2089858483,b0f066a214c2f5e87bad3c948f4d605d) (ScriptedImporter) -> (artifact id: '0922b50a3175cb0d42ad6282fffc20bf') in 0.0169058 seconds
Number of updated asset objects reloaded before import = 0Number of asset objects unloaded after import = 3

========================================================================
Received Import Request.
  Time since last request: 0.000021 seconds.
  path: Assets/New Folder/tile_0127.png
  artifactKey: Guid(0a73cf4bf4cbd424bb6c3c5a73a1fc7a) Importer(2089858483,b0f066a214c2f5e87bad3c948f4d605d)
Start importing Assets/New Folder/tile_0127.png using Guid(0a73cf4bf4cbd424bb6c3c5a73a1fc7a) Importer(2089858483,b0f066a214c2f5e87bad3c948f4d605d) (ScriptedImporter) -> (artifact id: 'ef02ea7a59966dbfca3630ca6d77d9bb') in 0.0437615 seconds
Number of updated asset objects reloaded before import = 0Number of asset objects unloaded after import = 3

========================================================================
Received Import Request.
  Time since last request: 0.000024 seconds.
  path: Assets/New Folder/tile_0101.png
  artifactKey: Guid(78338a08f4d875f498cd90b5a5f151d5) Importer(2089858483,b0f066a214c2f5e87bad3c948f4d605d)
Start importing Assets/New Folder/tile_0101.png using Guid(78338a08f4d875f498cd90b5a5f151d5) Importer(2089858483,b0f066a214c2f5e87bad3c948f4d605d) (ScriptedImporter) -> (artifact id: 'e799283890348e04168b48fd81f188ba') in 0.0189907 seconds
Number of updated asset objects reloaded before import = 0Number of asset objects unloaded after import = 3

========================================================================
Received Import Request.
  Time since last request: 0.000023 seconds.
  path: Assets/New Folder/tile_0144.png
  artifactKey: Guid(3d8c0d47b77348944817bbd571c8af7d) Importer(2089858483,b0f066a214c2f5e87bad3c948f4d605d)
Start importing Assets/New Folder/tile_0144.png using Guid(3d8c0d47b77348944817bbd571c8af7d) Importer(2089858483,b0f066a214c2f5e87bad3c948f4d605d) (ScriptedImporter) -> (artifact id: 'fd57462381c4278f221fc99f22f498eb') in 0.0360451 seconds
Number of updated asset objects reloaded before import = 0Number of asset objects unloaded after import = 3

========================================================================
Received Import Request.
  Time since last request: 0.000017 seconds.
  path: Assets/New Folder/tile_0149.png
  artifactKey: Guid(789f1bc8c9c334d48aaeb42ba79ec61d) Importer(2089858483,b0f066a214c2f5e87bad3c948f4d605d)
Start importing Assets/New Folder/tile_0149.png using Guid(789f1bc8c9c334d48aaeb42ba79ec61d) Importer(2089858483,b0f066a214c2f5e87bad3c948f4d605d) (ScriptedImporter) -> (artifact id: 'a0ac8dfd993db8c0e35616d5148164f6') in 0.0717745 seconds
Number of updated asset objects reloaded before import = 0Number of asset objects unloaded after import = 3

========================================================================
Received Import Request.
  Time since last request: 0.000016 seconds.
  path: Assets/New Folder/tile_0062.png
  artifactKey: Guid(119037e02f9112c4694d95792bf1cc65) Importer(2089858483,b0f066a214c2f5e87bad3c948f4d605d)
Start importing Assets/New Folder/tile_0062.png using Guid(119037e02f9112c4694d95792bf1cc65) Importer(2089858483,b0f066a214c2f5e87bad3c948f4d605d) (ScriptedImporter) -> (artifact id: 'b14132081b8b702e72f853978a95acf6') in 0.0148805 seconds
Number of updated asset objects reloaded before import = 0Number of asset objects unloaded after import = 3

========================================================================
Received Import Request.
  Time since last request: 0.000034 seconds.
  path: Assets/New Folder/tile_0139.png
  artifactKey: Guid(fcf26a9152f631b4b816e59a99adc154) Importer(2089858483,b0f066a214c2f5e87bad3c948f4d605d)
Start importing Assets/New Folder/tile_0139.png using Guid(fcf26a9152f631b4b816e59a99adc154) Importer(2089858483,b0f066a214c2f5e87bad3c948f4d605d) (ScriptedImporter) -> (artifact id: '39f05951461563994beca5c67c93072a') in 0.022143 seconds
Number of updated asset objects reloaded before import = 0Number of asset objects unloaded after import = 3

========================================================================
Received Import Request.
  Time since last request: 0.000015 seconds.
  path: Assets/New Folder/tile_0133.png
  artifactKey: Guid(9dbdd4d1b224a594990a9c3469c9776b) Importer(2089858483,b0f066a214c2f5e87bad3c948f4d605d)
Start importing Assets/New Folder/tile_0133.png using Guid(9dbdd4d1b224a594990a9c3469c9776b) Importer(2089858483,b0f066a214c2f5e87bad3c948f4d605d) (ScriptedImporter) -> (artifact id: 'eb4f5871b3966dfbba29ca463b915cec') in 0.0209494 seconds
Number of updated asset objects reloaded before import = 0Number of asset objects unloaded after import = 3

========================================================================
Received Import Request.
  Time since last request: 0.000026 seconds.
  path: Assets/New Folder/tile_0081.png
  artifactKey: Guid(06926c8d35b5d994786bbc251d57def6) Importer(2089858483,b0f066a214c2f5e87bad3c948f4d605d)
Start importing Assets/New Folder/tile_0081.png using Guid(06926c8d35b5d994786bbc251d57def6) Importer(2089858483,b0f066a214c2f5e87bad3c948f4d605d) (ScriptedImporter) -> (artifact id: '7d05b6269658336a1dbfebc57d970d26') in 0.0215568 seconds
Number of updated asset objects reloaded before import = 0Number of asset objects unloaded after import = 3

========================================================================
Received Import Request.
  Time since last request: 0.000024 seconds.
  path: Assets/New Folder/tile_0098.png
  artifactKey: Guid(9fae0359261ecd5469f16a71c0c7bdcc) Importer(2089858483,b0f066a214c2f5e87bad3c948f4d605d)
Start importing Assets/New Folder/tile_0098.png using Guid(9fae0359261ecd5469f16a71c0c7bdcc) Importer(2089858483,b0f066a214c2f5e87bad3c948f4d605d) (ScriptedImporter) -> (artifact id: 'bc9f51d40d630eb5135e74605e15367e') in 0.2150477 seconds
Number of updated asset objects reloaded before import = 0Number of asset objects unloaded after import = 3

========================================================================
Received Import Request.
  Time since last request: 0.000027 seconds.
  path: Assets/New Folder/tile_0049.png
  artifactKey: Guid(7e1ae0328ae4a744e888fc4ffe3a6d4d) Importer(2089858483,b0f066a214c2f5e87bad3c948f4d605d)
Start importing Assets/New Folder/tile_0049.png using Guid(7e1ae0328ae4a744e888fc4ffe3a6d4d) Importer(2089858483,b0f066a214c2f5e87bad3c948f4d605d) (ScriptedImporter) -> (artifact id: 'b4257cf04f5c53baa81dc5d415b92a2a') in 0.01881 seconds
Number of updated asset objects reloaded before import = 0Number of asset objects unloaded after import = 3

========================================================================
Received Import Request.
  Time since last request: 0.000018 seconds.
  path: Assets/New Folder/tile_0161.png
  artifactKey: Guid(3834a8dd8005c264b96c1f0c54a0efcf) Importer(2089858483,b0f066a214c2f5e87bad3c948f4d605d)
Start importing Assets/New Folder/tile_0161.png using Guid(3834a8dd8005c264b96c1f0c54a0efcf) Importer(2089858483,b0f066a214c2f5e87bad3c948f4d605d) (ScriptedImporter) -> (artifact id: '08d6df54b09eb1a061f101dc772f01fa') in 0.0283051 seconds
Number of updated asset objects reloaded before import = 0Number of asset objects unloaded after import = 3

========================================================================
Received Import Request.
  Time since last request: 0.000016 seconds.
  path: Assets/New Folder/tile_0046.png
  artifactKey: Guid(d011bbc006312904a96f382fd46a00c9) Importer(2089858483,b0f066a214c2f5e87bad3c948f4d605d)
Start importing Assets/New Folder/tile_0046.png using Guid(d011bbc006312904a96f382fd46a00c9) Importer(2089858483,b0f066a214c2f5e87bad3c948f4d605d) (ScriptedImporter) -> (artifact id: 'e3b76a633990774797a2da7416f13997') in 0.0155268 seconds
Number of updated asset objects reloaded before import = 0Number of asset objects unloaded after import = 3

========================================================================
Received Import Request.
  Time since last request: 0.000017 seconds.
  path: Assets/New Folder/tile_0080.png
  artifactKey: Guid(a1fa13e8fcc779c48a9bf95c029b6112) Importer(2089858483,b0f066a214c2f5e87bad3c948f4d605d)
Start importing Assets/New Folder/tile_0080.png using Guid(a1fa13e8fcc779c48a9bf95c029b6112) Importer(2089858483,b0f066a214c2f5e87bad3c948f4d605d) (ScriptedImporter) -> (artifact id: '8446fcd83560801bfdad3bb71c44fc1f') in 0.0211801 seconds
Number of updated asset objects reloaded before import = 0Number of asset objects unloaded after import = 3

========================================================================
Received Import Request.
  Time since last request: 0.000025 seconds.
  path: Assets/New Folder/tile_0138.png
  artifactKey: Guid(2ad9b07e0a66e71448949ace030688fc) Importer(2089858483,b0f066a214c2f5e87bad3c948f4d605d)
Start importing Assets/New Folder/tile_0138.png using Guid(2ad9b07e0a66e71448949ace030688fc) Importer(2089858483,b0f066a214c2f5e87bad3c948f4d605d) (ScriptedImporter) -> (artifact id: '60cd51c83163260b9ccebb74ea38a048') in 0.1057504 seconds
Number of updated asset objects reloaded before import = 0Number of asset objects unloaded after import = 3

========================================================================
Received Import Request.
  Time since last request: 0.000013 seconds.
  path: Assets/New Folder/tile_0076.png
  artifactKey: Guid(11f02e08a67ccaa4cb958277cf8147e0) Importer(2089858483,b0f066a214c2f5e87bad3c948f4d605d)
Start importing Assets/New Folder/tile_0076.png using Guid(11f02e08a67ccaa4cb958277cf8147e0) Importer(2089858483,b0f066a214c2f5e87bad3c948f4d605d) (ScriptedImporter) -> (artifact id: '1671ad217767235cd99b7d3a91552184') in 0.2230014 seconds
Number of updated asset objects reloaded before import = 0Number of asset objects unloaded after import = 3

========================================================================
Received Import Request.
  Time since last request: 0.000019 seconds.
  path: Assets/New Folder/tile_0170.png
  artifactKey: Guid(2a959d4cf67a9ff44a00987049dccde3) Importer(2089858483,b0f066a214c2f5e87bad3c948f4d605d)
Start importing Assets/New Folder/tile_0170.png using Guid(2a959d4cf67a9ff44a00987049dccde3) Importer(2089858483,b0f066a214c2f5e87bad3c948f4d605d) (ScriptedImporter) -> (artifact id: 'dbb84088a999b394aae737958c915f06') in 0.0193429 seconds
Number of updated asset objects reloaded before import = 0Number of asset objects unloaded after import = 3

========================================================================
Received Import Request.
  Time since last request: 0.000028 seconds.
  path: Assets/New Folder/tile_0000.png
  artifactKey: Guid(38af2b50b6c73e94aa337d80b396ad50) Importer(2089858483,b0f066a214c2f5e87bad3c948f4d605d)
Start importing Assets/New Folder/tile_0000.png using Guid(38af2b50b6c73e94aa337d80b396ad50) Importer(2089858483,b0f066a214c2f5e87bad3c948f4d605d) (ScriptedImporter) -> (artifact id: '6f848f7328550dcfc5cb2b016abeb459') in 0.012637 seconds
Number of updated asset objects reloaded before import = 0Number of asset objects unloaded after import = 3

========================================================================
Received Import Request.
  Time since last request: 0.000014 seconds.
  path: Assets/New Folder/tile_0012.png
  artifactKey: Guid(93b5417c43201274fa9a8b7e225c590d) Importer(2089858483,b0f066a214c2f5e87bad3c948f4d605d)
Start importing Assets/New Folder/tile_0012.png using Guid(93b5417c43201274fa9a8b7e225c590d) Importer(2089858483,b0f066a214c2f5e87bad3c948f4d605d) (ScriptedImporter) -> (artifact id: '169ea51df3a832be7c9af2d96cce090c') in 0.0177421 seconds
Number of updated asset objects reloaded before import = 0Number of asset objects unloaded after import = 3

========================================================================
Received Import Request.
  Time since last request: 0.000018 seconds.
  path: Assets/New Folder/tile_0095.png
  artifactKey: Guid(9f6a0760c20143e43a48d9b3d7e0c0f7) Importer(2089858483,b0f066a214c2f5e87bad3c948f4d605d)
Start importing Assets/New Folder/tile_0095.png using Guid(9f6a0760c20143e43a48d9b3d7e0c0f7) Importer(2089858483,b0f066a214c2f5e87bad3c948f4d605d) (ScriptedImporter) -> (artifact id: '57dcc79d83540445bdc3200ad98a8efa') in 0.2949742 seconds
Number of updated asset objects reloaded before import = 0Number of asset objects unloaded after import = 3

========================================================================
Received Import Request.
  Time since last request: 0.000020 seconds.
  path: Assets/New Folder/tile_0157.png
  artifactKey: Guid(7d782f325b655ca46b95813328d0d5cf) Importer(2089858483,b0f066a214c2f5e87bad3c948f4d605d)
Start importing Assets/New Folder/tile_0157.png using Guid(7d782f325b655ca46b95813328d0d5cf) Importer(2089858483,b0f066a214c2f5e87bad3c948f4d605d) (ScriptedImporter) -> (artifact id: '6e24ef5465a6eb293ba8b323bde049ed') in 0.018331 seconds
Number of updated asset objects reloaded before import = 0Number of asset objects unloaded after import = 3

========================================================================
Received Import Request.
  Time since last request: 0.000025 seconds.
  path: Assets/New Folder/tile_0177.png
  artifactKey: Guid(75353e2ef73e586438f386cf500ec2b8) Importer(2089858483,b0f066a214c2f5e87bad3c948f4d605d)
Start importing Assets/New Folder/tile_0177.png using Guid(75353e2ef73e586438f386cf500ec2b8) Importer(2089858483,b0f066a214c2f5e87bad3c948f4d605d) (ScriptedImporter) -> (artifact id: '2c6aad0c09056e354ed31e02b0c9cec5') in 0.01822 seconds
Number of updated asset objects reloaded before import = 0Number of asset objects unloaded after import = 3

========================================================================
Received Import Request.
  Time since last request: 0.000018 seconds.
  path: Assets/New Folder/tile_0120.png
  artifactKey: Guid(e2e872a6ecaa5574eab41463031e1962) Importer(2089858483,b0f066a214c2f5e87bad3c948f4d605d)
Start importing Assets/New Folder/tile_0120.png using Guid(e2e872a6ecaa5574eab41463031e1962) Importer(2089858483,b0f066a214c2f5e87bad3c948f4d605d) (ScriptedImporter) -> (artifact id: 'd9d2d16433b0d5868e844bfbed6b1db6') in 0.0585605 seconds
Number of updated asset objects reloaded before import = 0Number of asset objects unloaded after import = 3

========================================================================
Received Import Request.
  Time since last request: 0.000016 seconds.
  path: Assets/New Folder/tile_0141.png
  artifactKey: Guid(527d6ac602a73ff44a2f63c9da443e0f) Importer(2089858483,b0f066a214c2f5e87bad3c948f4d605d)
Start importing Assets/New Folder/tile_0141.png using Guid(527d6ac602a73ff44a2f63c9da443e0f) Importer(2089858483,b0f066a214c2f5e87bad3c948f4d605d) (ScriptedImporter) -> (artifact id: '8624987a3b92e2f8322fa11c72755c6d') in 0.0377616 seconds
Number of updated asset objects reloaded before import = 0Number of asset objects unloaded after import = 3

========================================================================
Received Import Request.
  Time since last request: 0.000018 seconds.
  path: Assets/New Folder/tile_0047.png
  artifactKey: Guid(2e03dc488f37cd940b77a667b21cbf51) Importer(2089858483,b0f066a214c2f5e87bad3c948f4d605d)
Start importing Assets/New Folder/tile_0047.png using Guid(2e03dc488f37cd940b77a667b21cbf51) Importer(2089858483,b0f066a214c2f5e87bad3c948f4d605d) (ScriptedImporter) -> (artifact id: '13d04ce610b5eafa926686e5958cff7d') in 0.0150464 seconds
Number of updated asset objects reloaded before import = 0Number of asset objects unloaded after import = 3

========================================================================
Received Import Request.
  Time since last request: 0.000027 seconds.
  path: Assets/New Folder/tile_0013.png
  artifactKey: Guid(a1117ecaa93db6e4bba0f79a8835b5eb) Importer(2089858483,b0f066a214c2f5e87bad3c948f4d605d)
Start importing Assets/New Folder/tile_0013.png using Guid(a1117ecaa93db6e4bba0f79a8835b5eb) Importer(2089858483,b0f066a214c2f5e87bad3c948f4d605d) (ScriptedImporter) -> (artifact id: '0a871e3872667592379f83619f926bf4') in 0.0143858 seconds
Number of updated asset objects reloaded before import = 0Number of asset objects unloaded after import = 3

========================================================================
Received Import Request.
  Time since last request: 0.000017 seconds.
  path: Assets/New Folder/tile_0023.png
  artifactKey: Guid(3065fa3c5aa08174abf08a73fa7796cf) Importer(2089858483,b0f066a214c2f5e87bad3c948f4d605d)
Start importing Assets/New Folder/tile_0023.png using Guid(3065fa3c5aa08174abf08a73fa7796cf) Importer(2089858483,b0f066a214c2f5e87bad3c948f4d605d) (ScriptedImporter) -> (artifact id: '6b9a52476ca9013d9d6c52ba6c70b65c') in 0.0130807 seconds
Number of updated asset objects reloaded before import = 0Number of asset objects unloaded after import = 3

========================================================================
Received Import Request.
  Time since last request: 0.000015 seconds.
  path: Assets/New Folder/tile_0042.png
  artifactKey: Guid(c7bf05ce3163b564795ba7985f908cac) Importer(2089858483,b0f066a214c2f5e87bad3c948f4d605d)
Start importing Assets/New Folder/tile_0042.png using Guid(c7bf05ce3163b564795ba7985f908cac) Importer(2089858483,b0f066a214c2f5e87bad3c948f4d605d) (ScriptedImporter) -> (artifact id: 'c5c507f6a402e00856a1529138613b2e') in 0.0332574 seconds
Number of updated asset objects reloaded before import = 0Number of asset objects unloaded after import = 3

========================================================================
Received Import Request.
  Time since last request: 0.000016 seconds.
  path: Assets/New Folder/tile_0044.png
  artifactKey: Guid(9386fa49ce6efd146bdd5b9608f80acb) Importer(2089858483,b0f066a214c2f5e87bad3c948f4d605d)
Start importing Assets/New Folder/tile_0044.png using Guid(9386fa49ce6efd146bdd5b9608f80acb) Importer(2089858483,b0f066a214c2f5e87bad3c948f4d605d) (ScriptedImporter) -> (artifact id: 'b46b1970976acf158100b3650d2aec95') in 0.0136891 seconds
Number of updated asset objects reloaded before import = 0Number of asset objects unloaded after import = 3

========================================================================
Received Import Request.
  Time since last request: 0.000027 seconds.
  path: Assets/New Folder/tile_0086.png
  artifactKey: Guid(fa309a92edb6a5d4dbd799f08b29677d) Importer(2089858483,b0f066a214c2f5e87bad3c948f4d605d)
Start importing Assets/New Folder/tile_0086.png using Guid(fa309a92edb6a5d4dbd799f08b29677d) Importer(2089858483,b0f066a214c2f5e87bad3c948f4d605d) (ScriptedImporter) -> (artifact id: 'f0c6c97eddcb0688f4d613eb5da6b6fe') in 0.0399208 seconds
Number of updated asset objects reloaded before import = 0Number of asset objects unloaded after import = 3

========================================================================
Received Import Request.
  Time since last request: 0.000018 seconds.
  path: Assets/New Folder/tile_0128.png
  artifactKey: Guid(191f5d17b41ad524da43f4bb7dd4b0ea) Importer(2089858483,b0f066a214c2f5e87bad3c948f4d605d)
Start importing Assets/New Folder/tile_0128.png using Guid(191f5d17b41ad524da43f4bb7dd4b0ea) Importer(2089858483,b0f066a214c2f5e87bad3c948f4d605d) (ScriptedImporter) -> (artifact id: '246ddf0e1c9d4a6788f4f8f9da2eb351') in 0.7103834 seconds
Number of updated asset objects reloaded before import = 0Number of asset objects unloaded after import = 3

========================================================================
Received Import Request.
  Time since last request: 0.000025 seconds.
  path: Assets/New Folder/tile_0097.png
  artifactKey: Guid(2c9cba7b8cdec29408a300e4c336c0c8) Importer(2089858483,b0f066a214c2f5e87bad3c948f4d605d)
Start importing Assets/New Folder/tile_0097.png using Guid(2c9cba7b8cdec29408a300e4c336c0c8) Importer(2089858483,b0f066a214c2f5e87bad3c948f4d605d) (ScriptedImporter) -> (artifact id: 'e581a0cc364ead964b7f9ef0ab354bcc') in 0.0218293 seconds
Number of updated asset objects reloaded before import = 0Number of asset objects unloaded after import = 3

========================================================================
Received Import Request.
  Time since last request: 0.000022 seconds.
  path: Assets/New Folder/tile_0111.png
  artifactKey: Guid(e63e03d4dd38d7245a12007eaa092bdf) Importer(2089858483,b0f066a214c2f5e87bad3c948f4d605d)
Start importing Assets/New Folder/tile_0111.png using Guid(e63e03d4dd38d7245a12007eaa092bdf) Importer(2089858483,b0f066a214c2f5e87bad3c948f4d605d) (ScriptedImporter) -> (artifact id: '711166a5c05d105f59642477a899e555') in 0.0151237 seconds
Number of updated asset objects reloaded before import = 0Number of asset objects unloaded after import = 3

========================================================================
Received Import Request.
  Time since last request: 0.000013 seconds.
  path: Assets/New Folder/tile_0166.png
  artifactKey: Guid(115a4e6e0ac65c943b1b8d22f2101962) Importer(2089858483,b0f066a214c2f5e87bad3c948f4d605d)
Start importing Assets/New Folder/tile_0166.png using Guid(115a4e6e0ac65c943b1b8d22f2101962) Importer(2089858483,b0f066a214c2f5e87bad3c948f4d605d) (ScriptedImporter) -> (artifact id: 'a0fbb8907df3f7a00c4b2f1ffa86adfc') in 0.0210935 seconds
Number of updated asset objects reloaded before import = 0Number of asset objects unloaded after import = 3

========================================================================
Received Import Request.
  Time since last request: 0.000013 seconds.
  path: Assets/New Folder/tile_0158.png
  artifactKey: Guid(7df1d3a0385c95642b6053f7ca68e292) Importer(2089858483,b0f066a214c2f5e87bad3c948f4d605d)
Start importing Assets/New Folder/tile_0158.png using Guid(7df1d3a0385c95642b6053f7ca68e292) Importer(2089858483,b0f066a214c2f5e87bad3c948f4d605d) (ScriptedImporter) -> (artifact id: '121dbee82cd861a78006b55ed3429eed') in 0.0141162 seconds
Number of updated asset objects reloaded before import = 0Number of asset objects unloaded after import = 3

========================================================================
Received Import Request.
  Time since last request: 0.000014 seconds.
  path: Assets/New Folder/tile_0160.png
  artifactKey: Guid(ba98d5d30fa3bfc469968f5305708e04) Importer(2089858483,b0f066a214c2f5e87bad3c948f4d605d)
Start importing Assets/New Folder/tile_0160.png using Guid(ba98d5d30fa3bfc469968f5305708e04) Importer(2089858483,b0f066a214c2f5e87bad3c948f4d605d) (ScriptedImporter) -> (artifact id: '4f7efeee716d7d0919e0d21be306d858') in 0.0198466 seconds
Number of updated asset objects reloaded before import = 0Number of asset objects unloaded after import = 3

========================================================================
Received Import Request.
  Time since last request: 0.000019 seconds.
  path: Assets/New Folder/tile_0075.png
  artifactKey: Guid(efbd3535d84a2084aaba8b24c826d16b) Importer(2089858483,b0f066a214c2f5e87bad3c948f4d605d)
Start importing Assets/New Folder/tile_0075.png using Guid(efbd3535d84a2084aaba8b24c826d16b) Importer(2089858483,b0f066a214c2f5e87bad3c948f4d605d) (ScriptedImporter) -> (artifact id: '71163239f24b828a744a8b94542bf630') in 0.0139158 seconds
Number of updated asset objects reloaded before import = 0Number of asset objects unloaded after import = 3

========================================================================
Received Import Request.
  Time since last request: 0.000015 seconds.
  path: Assets/New Folder/tile_0033.png
  artifactKey: Guid(6568c387ba44d8d4498382904dcf4897) Importer(2089858483,b0f066a214c2f5e87bad3c948f4d605d)
Start importing Assets/New Folder/tile_0033.png using Guid(6568c387ba44d8d4498382904dcf4897) Importer(2089858483,b0f066a214c2f5e87bad3c948f4d605d) (ScriptedImporter) -> (artifact id: 'e72dca7e80143642df852db094caa108') in 0.0129528 seconds
Number of updated asset objects reloaded before import = 0Number of asset objects unloaded after import = 3

========================================================================
Received Import Request.
  Time since last request: 0.000016 seconds.
  path: Assets/New Folder/tile_0094.png
  artifactKey: Guid(9646f3c827c046640a4b976f75d553b4) Importer(2089858483,b0f066a214c2f5e87bad3c948f4d605d)
Start importing Assets/New Folder/tile_0094.png using Guid(9646f3c827c046640a4b976f75d553b4) Importer(2089858483,b0f066a214c2f5e87bad3c948f4d605d) (ScriptedImporter) -> (artifact id: '1e332ec2cb3fbf426cdc7deaa28b4eb0') in 0.022759 seconds
Number of updated asset objects reloaded before import = 0Number of asset objects unloaded after import = 3

========================================================================
Received Import Request.
  Time since last request: 0.000016 seconds.
  path: Assets/New Folder/tile_0168.png
  artifactKey: Guid(c0ab2fd5318233b46902d5f5763d04f2) Importer(2089858483,b0f066a214c2f5e87bad3c948f4d605d)
Start importing Assets/New Folder/tile_0168.png using Guid(c0ab2fd5318233b46902d5f5763d04f2) Importer(2089858483,b0f066a214c2f5e87bad3c948f4d605d) (ScriptedImporter) -> (artifact id: '2edf059a54bb4e38228e87adfead87d0') in 0.0220517 seconds
Number of updated asset objects reloaded before import = 0Number of asset objects unloaded after import = 3

========================================================================
Received Import Request.
  Time since last request: 0.000020 seconds.
  path: Assets/New Folder/tile_0028.png
  artifactKey: Guid(e85bc3294ded8f044aed18bc4c4be4fa) Importer(2089858483,b0f066a214c2f5e87bad3c948f4d605d)
Start importing Assets/New Folder/tile_0028.png using Guid(e85bc3294ded8f044aed18bc4c4be4fa) Importer(2089858483,b0f066a214c2f5e87bad3c948f4d605d) (ScriptedImporter) -> (artifact id: 'feee27208d1fcfa2244ae665ef88c3bd') in 0.015376 seconds
Number of updated asset objects reloaded before import = 0Number of asset objects unloaded after import = 3

========================================================================
Received Import Request.
  Time since last request: 0.000014 seconds.
  path: Assets/New Folder/tile_0147.png
  artifactKey: Guid(de8f9fdd26ca65043a2253d8b836889a) Importer(2089858483,b0f066a214c2f5e87bad3c948f4d605d)
Start importing Assets/New Folder/tile_0147.png using Guid(de8f9fdd26ca65043a2253d8b836889a) Importer(2089858483,b0f066a214c2f5e87bad3c948f4d605d) (ScriptedImporter) -> (artifact id: 'dd489bab1baca7f5237019be982494f6') in 0.0353169 seconds
Number of updated asset objects reloaded before import = 0Number of asset objects unloaded after import = 3

========================================================================
Received Import Request.
  Time since last request: 0.000018 seconds.
  path: Assets/New Folder/tile_0069.png
  artifactKey: Guid(8694d0bd84f154a41807fa22de6a47d4) Importer(2089858483,b0f066a214c2f5e87bad3c948f4d605d)
Start importing Assets/New Folder/tile_0069.png using Guid(8694d0bd84f154a41807fa22de6a47d4) Importer(2089858483,b0f066a214c2f5e87bad3c948f4d605d) (ScriptedImporter) -> (artifact id: '3a75c08847c5f93a1953093a97e0eec0') in 0.0559764 seconds
Number of updated asset objects reloaded before import = 0Number of asset objects unloaded after import = 3

========================================================================
Received Import Request.
  Time since last request: 0.000018 seconds.
  path: Assets/New Folder/tile_0135.png
  artifactKey: Guid(836772c39e48f694d9b335efed180d92) Importer(2089858483,b0f066a214c2f5e87bad3c948f4d605d)
Start importing Assets/New Folder/tile_0135.png using Guid(836772c39e48f694d9b335efed180d92) Importer(2089858483,b0f066a214c2f5e87bad3c948f4d605d) (ScriptedImporter) -> (artifact id: '972a3d513addb6738c15a0beee3b3032') in 0.0145907 seconds
Number of updated asset objects reloaded before import = 0Number of asset objects unloaded after import = 3

========================================================================
Received Import Request.
  Time since last request: 0.000026 seconds.
  path: Assets/New Folder/tile_0116.png
  artifactKey: Guid(ae1b3527d31ebc7419bb3bbddb4df0f9) Importer(2089858483,b0f066a214c2f5e87bad3c948f4d605d)
Start importing Assets/New Folder/tile_0116.png using Guid(ae1b3527d31ebc7419bb3bbddb4df0f9) Importer(2089858483,b0f066a214c2f5e87bad3c948f4d605d) (ScriptedImporter) -> (artifact id: 'ba6b3da3c4a6451ea9d9592b399fbdef') in 0.0139361 seconds
Number of updated asset objects reloaded before import = 0Number of asset objects unloaded after import = 3

========================================================================
Received Import Request.
  Time since last request: 0.000054 seconds.
  path: Assets/New Folder/tile_0146.png
  artifactKey: Guid(45f817846a1f31241b1560fe59283282) Importer(2089858483,b0f066a214c2f5e87bad3c948f4d605d)
Start importing Assets/New Folder/tile_0146.png using Guid(45f817846a1f31241b1560fe59283282) Importer(2089858483,b0f066a214c2f5e87bad3c948f4d605d) (ScriptedImporter) -> (artifact id: 'f06a5ded1997ff7583a0f87664bb2a73') in 0.0463826 seconds
Number of updated asset objects reloaded before import = 0Number of asset objects unloaded after import = 3

========================================================================
Received Import Request.
  Time since last request: 0.000013 seconds.
  path: Assets/New Folder/tile_0016.png
  artifactKey: Guid(d89e8e47cf01a3b4d9be4346e1f7340e) Importer(2089858483,b0f066a214c2f5e87bad3c948f4d605d)
Start importing Assets/New Folder/tile_0016.png using Guid(d89e8e47cf01a3b4d9be4346e1f7340e) Importer(2089858483,b0f066a214c2f5e87bad3c948f4d605d) (ScriptedImporter) -> (artifact id: 'cd49e8d772c387d8ce5192d41f2728ca') in 0.0133517 seconds
Number of updated asset objects reloaded before import = 0Number of asset objects unloaded after import = 3

========================================================================
Received Import Request.
  Time since last request: 0.000020 seconds.
  path: Assets/New Folder/tile_0078.png
  artifactKey: Guid(3aa2dba41cec4d54786ab0ba035162c4) Importer(2089858483,b0f066a214c2f5e87bad3c948f4d605d)
Start importing Assets/New Folder/tile_0078.png using Guid(3aa2dba41cec4d54786ab0ba035162c4) Importer(2089858483,b0f066a214c2f5e87bad3c948f4d605d) (ScriptedImporter) -> (artifact id: '70b59aec97ff08c8266a06864ec05be9') in 0.0252091 seconds
Number of updated asset objects reloaded before import = 0Number of asset objects unloaded after import = 3

========================================================================
Received Import Request.
  Time since last request: 0.000025 seconds.
  path: Assets/New Folder/tile_0096.png
  artifactKey: Guid(6923e79affe76aa489bd6c5c028b417e) Importer(2089858483,b0f066a214c2f5e87bad3c948f4d605d)
Start importing Assets/New Folder/tile_0096.png using Guid(6923e79affe76aa489bd6c5c028b417e) Importer(2089858483,b0f066a214c2f5e87bad3c948f4d605d) (ScriptedImporter) -> (artifact id: '1052dd93f425aa325485a7fa033d49b5') in 0.0184325 seconds
Number of updated asset objects reloaded before import = 0Number of asset objects unloaded after import = 3

========================================================================
Received Import Request.
  Time since last request: 0.000016 seconds.
  path: Assets/New Folder/tile_0109.png
  artifactKey: Guid(6b96a9b8ffab9aa4d940f4a847b6be16) Importer(2089858483,b0f066a214c2f5e87bad3c948f4d605d)
Start importing Assets/New Folder/tile_0109.png using Guid(6b96a9b8ffab9aa4d940f4a847b6be16) Importer(2089858483,b0f066a214c2f5e87bad3c948f4d605d) (ScriptedImporter) -> (artifact id: '1052239677c8f5d8aec64561922965eb') in 0.026685 seconds
Number of updated asset objects reloaded before import = 0Number of asset objects unloaded after import = 3

========================================================================
Received Import Request.
  Time since last request: 0.000015 seconds.
  path: Assets/New Folder/tile_0167.png
  artifactKey: Guid(c1b5a30b92080094fb4411819987642a) Importer(2089858483,b0f066a214c2f5e87bad3c948f4d605d)
Start importing Assets/New Folder/tile_0167.png using Guid(c1b5a30b92080094fb4411819987642a) Importer(2089858483,b0f066a214c2f5e87bad3c948f4d605d) (ScriptedImporter) -> (artifact id: 'f79a6d651b8249fbb37f09dc4923cf52') in 0.0203734 seconds
Number of updated asset objects reloaded before import = 0Number of asset objects unloaded after import = 3

========================================================================
Received Import Request.
  Time since last request: 0.000016 seconds.
  path: Assets/New Folder/tile_0007.png
  artifactKey: Guid(3c28e2a8792142942b936b7c56031da7) Importer(2089858483,b0f066a214c2f5e87bad3c948f4d605d)
Start importing Assets/New Folder/tile_0007.png using Guid(3c28e2a8792142942b936b7c56031da7) Importer(2089858483,b0f066a214c2f5e87bad3c948f4d605d) (ScriptedImporter) -> (artifact id: '4f061972b4e0941419b8be5f03a0638f') in 0.0141943 seconds
Number of updated asset objects reloaded before import = 0Number of asset objects unloaded after import = 3

========================================================================
Received Import Request.
  Time since last request: 0.000020 seconds.
  path: Assets/New Folder/tile_0104.png
  artifactKey: Guid(0e07cd59dcaec164e808a3e384cfe9b7) Importer(2089858483,b0f066a214c2f5e87bad3c948f4d605d)
Start importing Assets/New Folder/tile_0104.png using Guid(0e07cd59dcaec164e808a3e384cfe9b7) Importer(2089858483,b0f066a214c2f5e87bad3c948f4d605d) (ScriptedImporter) -> (artifact id: '0d7cb8ba11471fbc68b48fceda60fd39') in 0.0150771 seconds
Number of updated asset objects reloaded before import = 0Number of asset objects unloaded after import = 3

Editor requested this worker to shutdown with reason: Scaling down because of idle timeout
AssetImportWorker is now disconnected from the server
Process exiting
Exiting without the bug reporter. Application will terminate with return code 0