[Licensing::Module] Trying to connect to existing licensing client channel...
Built from '6000.3/staging' branch; Version is '6000.3.13f1 (8c4f11e4fb20) revision 9195281'; Using compiler version '194234433'; Build Type 'Release'
[Licensing::IpcConnector] Successfully connected to: "LicenseClient-Administrator" at "2026-04-20T14:30:08.9746467Z"
OS: 'Windows 11  (10.0.26200) Professional' Language: 'ko' Physical Memory: 32694 MB
BatchMode: 1, IsHumanControllingUs: 0, StartBugReporterOnCrash: 0, Is64bit: 1
System  architecture: x64
Process architecture: x64
Date: 2026-04-20T14:30:08Z

COMMAND LINE ARGUMENTS:
D:\unity\6000.3.13f1\Editor\Unity.exe
-adb2
-batchMode
-noUpm
-name
AssetImportWorker5
-projectPath
D:/UnityGame/UnityGame/My project
-logFile
Logs/AssetImportWorker5.log
-srvPort
8031
-licensingIpc
LicenseClient-Administrator
-job-worker-count
5
-background-job-worker-count
8
-gc-helper-count
1
-name
AssetImport
Successfully changed project path to: D:/UnityGame/UnityGame/My project
D:/UnityGame/UnityGame/My project
[UnityMemory] Configuration Parameters - Can be set up in boot.config
    "memorysetup-temp-allocator-size-nav-mesh-worker=65536"
    "memorysetup-temp-allocator-size-audio-worker=65536"
    "memorysetup-temp-allocator-size-gfx=262144"
    "memorysetup-allocator-temp-initial-block-size-main=262144"
    "memorysetup-allocator-temp-initial-block-size-worker=262144"
    "memorysetup-temp-allocator-size-background-worker=32768"
    "memorysetup-temp-allocator-size-job-worker=262144"
    "memorysetup-temp-allocator-size-preload-manager=33554432"
    "memorysetup-temp-allocator-size-gi-baking-worker=262144"
    "memorysetup-temp-allocator-size-gi-baking-worker=262144"
    "memorysetup-temp-allocator-size-gi-baking-worker=262144"
    "memorysetup-temp-allocator-size-gi-baking-worker=262144"
    "memorysetup-temp-allocator-size-gi-baking-worker=262144"
    "memorysetup-bucket-allocator-granularity=16"
    "memorysetup-bucket-allocator-bucket-count=8"
    "memorysetup-bucket-allocator-block-size=33554432"
    "memorysetup-bucket-allocator-block-count=8"
    "memorysetup-main-allocator-block-size=16777216"
    "memorysetup-thread-allocator-block-size=16777216"
    "memorysetup-gfx-main-allocator-block-size=16777216"
    "memorysetup-gfx-thread-allocator-block-size=16777216"
    "memorysetup-cache-allocator-block-size=4194304"
    "memorysetup-typetree-allocator-block-size=2097152"
    "memorysetup-profiler-bucket-allocator-granularity=16"
    "memorysetup-profiler-bucket-allocator-bucket-count=8"
    "memorysetup-profiler-bucket-allocator-block-size=33554432"
    "memorysetup-profiler-bucket-allocator-block-count=8"
    "memorysetup-profiler-allocator-block-size=16777216"
    "memorysetup-profiler-editor-allocator-block-size=1048576"
    "memorysetup-temp-allocator-size-main=16777216"
    "memorysetup-job-temp-allocator-block-size=2097152"
    "memorysetup-job-temp-allocator-block-size-background=1048576"
    "memorysetup-job-temp-allocator-reduction-small-platforms=262144"
    "memorysetup-temp-allocator-size-cloud-worker=32768"
Player connection [36672]  Target information:

Player connection [36672]  * "[IP] 192.168.219.123 [Port] 0 [Flags] 2 [Guid] 462702740 [EditorId] 462702740 [Version] 1048832 [Id] WindowsEditor(7,DESKTOP-L44KHL9) [Debug] 1 [PackageName] WindowsEditor [ProjectName] Editor" 

Player connection [36672]  * "[IP] 25.17.133.27 [Port] 0 [Flags] 2 [Guid] 462702740 [EditorId] 462702740 [Version] 1048832 [Id] WindowsEditor(7,DESKTOP-L44KHL9) [Debug] 1 [PackageName] WindowsEditor [ProjectName] Editor" 

Player connection [36672] Host joined multi-casting on [225.0.0.222:54997]...
Player connection [36672] Host joined alternative multi-casting on [225.0.0.222:34997]...
JobSystem: Creating JobQueue using job-worker-count value 5
Input System module state changed to: Initialized.
[Physics::Module] Initialized fallback backend.
[Physics::Module] Id: 0xdecafbad
Library Redirect Path: Library/
[Physics::Module] Selected backend.
[Physics::Module] Name: PhysX
[Physics::Module] Id: 0xf2b8ea05
[Physics::Module] SDK Version: 4.1.2
[Physics::Module] Integration Version: 1.0.0
[Physics::Module] Threading Mode: Multi-Threaded
Refreshing native plugins compatible for Editor in 8.50 ms, found 5 plugins.
Preloading 0 native plugins for Editor in 0.00 ms.
Initialize engine version: 6000.3.13f1 (8c4f11e4fb20)
[Subsystems] Discovering subsystems at path D:/unity/6000.3.13f1/Editor/Data/Resources/UnitySubsystems
[Subsystems] Discovering subsystems at path D:/UnityGame/UnityGame/My project/Assets
GfxDevice: creating device client; kGfxThreadingModeNonThreaded
Direct3D:
    Version:  Direct3D 11.0 [level 11.1]
    Renderer: NVIDIA GeForce GTX 1060 6GB (ID=0x1c03)
    Vendor:   NVIDIA
    VRAM:     6029 MB
    Driver:   32.0.15.6094
Initialize mono
Mono path[0] = 'D:/unity/6000.3.13f1/Editor/Data/Managed'
Mono path[1] = 'D:/unity/6000.3.13f1/Editor/Data/MonoBleedingEdge/lib/mono/unityjit-win32'
Mono config path = 'D:/unity/6000.3.13f1/Editor/Data/MonoBleedingEdge/etc'
Using monoOptions --debugger-agent=transport=dt_socket,embedding=1,server=y,suspend=n,address=127.0.0.1:56432
Begin MonoManager ReloadAssembly
Registering precompiled unity dll's ...
Register platform support module: D:/unity/6000.3.13f1/Editor/Data/PlaybackEngines/WindowsStandaloneSupport/UnityEditor.WindowsStandalone.Extensions.dll
Registered in 0.002346 seconds.
- Loaded All Assemblies, in  0.519 seconds
Native extension for WindowsStandalone target not found
[Licensing::Client] Error: HandshakeResponse reported an error:
	ResponseCode: 505
	ResponseStatus: Unsupported protocol version '1.18.1'.
[Licensing::Module] Error: Failed to handshake to channel: "LicenseClient-Administrator"
[Licensing::IpcConnector] LicenseClient-Administrator channel disconnected successfully.
[Licensing::IpcConnector] Successfully connected to: "LicenseClient-Administrator-6000.3.13" at "2026-04-20T14:30:10.4436994Z"
Package Manager log level set to [2]
[Package Manager] Failed to launch server process. Reason: Unity was launched with the -noUpm command-line argument
[Package Manager] Unable to send message (not connected to server process).
[Package Manager] Cannot connect to Unity Package Manager local server
ScheduleIndexationOnStartup MainProcess:False IndexOnStartup:True
Mono: successfully reloaded assembly
- Finished resetting the current domain, in  0.430 seconds
Domain Reload Profiling: 949ms
	BeginReloadAssembly (220ms)
		ExecutionOrderSort (0ms)
		DisableScriptedObjects (0ms)
		BackupInstance (0ms)
		ReleaseScriptingObjects (0ms)
		CreateAndSetChildDomain (1ms)
	RebuildCommonClasses (41ms)
	RebuildNativeTypeToScriptingClass (14ms)
	initialDomainReloadingComplete (52ms)
	LoadAllAssembliesAndSetupDomain (192ms)
		LoadAssemblies (219ms)
		RebuildTransferFunctionScriptingTraits (0ms)
		AnalyzeDomain (188ms)
			TypeCache.Refresh (186ms)
				TypeCache.ScanAssembly (172ms)
			BuildScriptInfoCaches (0ms)
			ResolveRequiredComponents (0ms)
	FinalizeReload (430ms)
		ReleaseScriptCaches (0ms)
		RebuildScriptCaches (0ms)
		SetupLoadedEditorAssemblies (371ms)
			LogAssemblyErrors (0ms)
			InitializePlatformSupportModulesInManaged (65ms)
			SetLoadedEditorAssemblies (3ms)
			BeforeProcessingInitializeOnLoad (79ms)
			ProcessInitializeOnLoadAttributes (146ms)
			ProcessInitializeOnLoadMethodAttributes (78ms)
			AfterProcessingInitializeOnLoad (0ms)
			EditorAssembliesLoaded (0ms)
		ExecutionOrderSort2 (0ms)
		AwakeInstancesAfterBackupRestoration (0ms)
========================================================================
Worker process is ready to serve import requests
Import Worker Mode flag is 0x00
Begin MonoManager ReloadAssembly
[Licensing::Module] Licensing is not yet initialized.
[Licensing::Client] Handshaking with LicensingClient:
  Version:                 1.18.1+9fbee8e
  Session Id:              c92a2248d5a74236a149b6db88907a59
  Correlation Id:          a4d537091b3b0e314779dfe46d735f54
  External correlation Id: 208944515776645567
  Machine Id:              FmvuUOVJH7MiGQAp1/hAZogbUYs=
[Licensing::Module] Successfully connected to LicensingClient on channel: "LicenseClient-Administrator-6000.3.13" (connect: 0.00s, validation: 0.00s, handshake: 1.32s)
[Licensing::IpcConnector] Successfully connected to: "LicenseClient-Administrator-6000.3.13-notifications" at "2026-04-20T14:30:11.765023Z"
[Licensing::Module] Licensing Background thread has ended after 2.79s
[Licensing::Module] Licensing is initialized (took 0.83s).
[Licensing::Client] Successfully resolved entitlement details
[Licensing::Module] License group:
  Id: F4-BXM4-VMG8-FPK6-3WUH-XXXX
  Product: Unity Personal
  Type: ULF
  Expiration: 2026-05-27T11:57:23Z
[Licensing::Module] License group:
  Id: 14569718489684-UnityPersXXXX
  Product: Unity Personal
  Type: Assigned
  Expiration: Unlimited
- Loaded All Assemblies, in  1.763 seconds
Refreshing native plugins compatible for Editor in 3.45 ms, found 5 plugins.
Native extension for WindowsStandalone target not found
[Package Manager] Failed to launch server process. Reason: Unity was launched with the -noUpm command-line argument
[Package Manager] Unable to send message (not connected to server process).
[Package Manager] Cannot connect to Unity Package Manager local server
Refreshing native plugins compatible for Editor in 3.55 ms, found 5 plugins.
[Package Manager] Failed to launch server process. Reason: Unity was launched with the -noUpm command-line argument
[Package Manager] Unable to send message (not connected to server process).
[Package Manager] Cannot connect to Unity Package Manager local server
ScheduleIndexationOnStartup MainProcess:False IndexOnStartup:True
Mono: successfully reloaded assembly
- Finished resetting the current domain, in  0.929 seconds
Domain Reload Profiling: 2689ms
	BeginReloadAssembly (1086ms)
		ExecutionOrderSort (0ms)
		DisableScriptedObjects (7ms)
		BackupInstance (0ms)
		ReleaseScriptingObjects (0ms)
		CreateAndSetChildDomain (34ms)
	RebuildCommonClasses (40ms)
	RebuildNativeTypeToScriptingClass (13ms)
	initialDomainReloadingComplete (37ms)
	LoadAllAssembliesAndSetupDomain (584ms)
		LoadAssemblies (480ms)
		RebuildTransferFunctionScriptingTraits (0ms)
		AnalyzeDomain (273ms)
			TypeCache.Refresh (190ms)
				TypeCache.ScanAssembly (175ms)
			BuildScriptInfoCaches (70ms)
			ResolveRequiredComponents (9ms)
	FinalizeReload (929ms)
		ReleaseScriptCaches (0ms)
		RebuildScriptCaches (0ms)
		SetupLoadedEditorAssemblies (774ms)
			LogAssemblyErrors (0ms)
			InitializePlatformSupportModulesInManaged (1ms)
			SetLoadedEditorAssemblies (3ms)
			BeforeProcessingInitializeOnLoad (136ms)
			ProcessInitializeOnLoadAttributes (495ms)
			ProcessInitializeOnLoadMethodAttributes (136ms)
			AfterProcessingInitializeOnLoad (3ms)
			EditorAssembliesLoaded (0ms)
		ExecutionOrderSort2 (0ms)
		AwakeInstancesAfterBackupRestoration (16ms)
Launched and connected shader compiler UnityShaderCompiler.exe after 0.02 seconds
Refreshing native plugins compatible for Editor in 5.05 ms, found 5 plugins.
Preloading 0 native plugins for Editor in 0.00 ms.
Unloading 16 Unused Serialized files (Serialized files now loaded: 0)
Unloading 7175 unused Assets / (6.9 MB). Loaded Objects now: 8000.
Memory consumption went from 158.9 MB to 152.0 MB.
Total: 28.867500 ms (FindLiveObjects: 1.474300 ms CreateObjectMapping: 2.905600 ms MarkObjects: 12.202600 ms  DeleteObjects: 12.283600 ms)

========================================================================
Received Import Request.
  Time since last request: 20901.183677 seconds.
  path: Assets/Resources/Platformer/Tiles/tile_0072.png
  artifactKey: Guid(89cdb0ac7deebba49bcb7065bdebdebc) Importer(815301076,1909f56bfc062723c751e8b465ee728b)
Start importing Assets/Resources/Platformer/Tiles/tile_0072.png using Guid(89cdb0ac7deebba49bcb7065bdebdebc) Importer(815301076,1909f56bfc062723c751e8b465ee728b) (PreviewImporter) -> (artifact id: '911eb62062328b6909bdb635d95d393b') in 0.0834 seconds
Number of updated asset objects reloaded before import = 0Number of asset objects unloaded after import = 3

========================================================================
Received Import Request.
  Time since last request: 0.000014 seconds.
  path: Assets/Resources/Platformer/Tiles/tile_0161.png
  artifactKey: Guid(40ac651dcaf65c747af67da9061b11fa) Importer(815301076,1909f56bfc062723c751e8b465ee728b)
Start importing Assets/Resources/Platformer/Tiles/tile_0161.png using Guid(40ac651dcaf65c747af67da9061b11fa) Importer(815301076,1909f56bfc062723c751e8b465ee728b) (PreviewImporter) -> (artifact id: '91bbfb2e110abf88626f6d62dab08aee') in 0.019766 seconds
Number of updated asset objects reloaded before import = 0Number of asset objects unloaded after import = 3

========================================================================
Received Import Request.
  Time since last request: 0.000017 seconds.
  path: Assets/Resources/Platformer/Tiles/tile_0154.png
  artifactKey: Guid(53c290fbb52502d4993c868390c5e820) Importer(815301076,1909f56bfc062723c751e8b465ee728b)
Start importing Assets/Resources/Platformer/Tiles/tile_0154.png using Guid(53c290fbb52502d4993c868390c5e820) Importer(815301076,1909f56bfc062723c751e8b465ee728b) (PreviewImporter) -> (artifact id: 'b716f6a16b4b5a976ab36ac079ed2be6') in 0.0308022 seconds
Number of updated asset objects reloaded before import = 0Number of asset objects unloaded after import = 3

========================================================================
Received Import Request.
  Time since last request: 0.000022 seconds.
  path: Assets/Resources/Platformer/Tiles/tile_0085.png
  artifactKey: Guid(adf57657e4a445b4391b316bf95d8048) Importer(815301076,1909f56bfc062723c751e8b465ee728b)
Start importing Assets/Resources/Platformer/Tiles/tile_0085.png using Guid(adf57657e4a445b4391b316bf95d8048) Importer(815301076,1909f56bfc062723c751e8b465ee728b) (PreviewImporter) -> (artifact id: '68bb5f9765e8b400f2ed9bd2f465b372') in 0.0204485 seconds
Number of updated asset objects reloaded before import = 0Number of asset objects unloaded after import = 3

========================================================================
Received Import Request.
  Time since last request: 0.000016 seconds.
  path: Assets/Resources/Platformer/Tiles/tile_0139.png
  artifactKey: Guid(e0471dd3c6e4f26439a4bc828136dcc5) Importer(815301076,1909f56bfc062723c751e8b465ee728b)
Start importing Assets/Resources/Platformer/Tiles/tile_0139.png using Guid(e0471dd3c6e4f26439a4bc828136dcc5) Importer(815301076,1909f56bfc062723c751e8b465ee728b) (PreviewImporter) -> (artifact id: 'a72f019b4c9ef1529040c5c142099d79') in 0.0276517 seconds
Number of updated asset objects reloaded before import = 0Number of asset objects unloaded after import = 3

========================================================================
Received Import Request.
  Time since last request: 0.000018 seconds.
  path: Assets/Resources/Platformer/Tiles/tile_0045.png
  artifactKey: Guid(d75425286a1c8304b890e0a054db099a) Importer(815301076,1909f56bfc062723c751e8b465ee728b)
Start importing Assets/Resources/Platformer/Tiles/tile_0045.png using Guid(d75425286a1c8304b890e0a054db099a) Importer(815301076,1909f56bfc062723c751e8b465ee728b) (PreviewImporter) -> (artifact id: '92b1283e0bd786f2323347d71255c193') in 0.0182807 seconds
Number of updated asset objects reloaded before import = 0Number of asset objects unloaded after import = 3

========================================================================
Received Import Request.
  Time since last request: 0.000017 seconds.
  path: Assets/Resources/Platformer/Tiles/tile_0026.png
  artifactKey: Guid(25389cb812af84d4d8def2c93fa76381) Importer(815301076,1909f56bfc062723c751e8b465ee728b)
Start importing Assets/Resources/Platformer/Tiles/tile_0026.png using Guid(25389cb812af84d4d8def2c93fa76381) Importer(815301076,1909f56bfc062723c751e8b465ee728b) (PreviewImporter) -> (artifact id: 'd8111ab3aa1e6fe20c9fabfd87be5d15') in 0.0202708 seconds
Number of updated asset objects reloaded before import = 0Number of asset objects unloaded after import = 3

========================================================================
Received Import Request.
  Time since last request: 0.000030 seconds.
  path: Assets/Resources/Platformer/Tiles/tile_0040.png
  artifactKey: Guid(5cce7cbb3d6f30241b74183e2b38e2b4) Importer(815301076,1909f56bfc062723c751e8b465ee728b)
Start importing Assets/Resources/Platformer/Tiles/tile_0040.png using Guid(5cce7cbb3d6f30241b74183e2b38e2b4) Importer(815301076,1909f56bfc062723c751e8b465ee728b) (PreviewImporter) -> (artifact id: 'c93966496efbc9934de2013ed5db9161') in 0.0185172 seconds
Number of updated asset objects reloaded before import = 0Number of asset objects unloaded after import = 3

========================================================================
Received Import Request.
  Time since last request: 0.000018 seconds.
  path: Assets/Resources/Platformer/Tiles/tile_0143.png
  artifactKey: Guid(96a20063a5f345e47a8cab3528680368) Importer(815301076,1909f56bfc062723c751e8b465ee728b)
Start importing Assets/Resources/Platformer/Tiles/tile_0143.png using Guid(96a20063a5f345e47a8cab3528680368) Importer(815301076,1909f56bfc062723c751e8b465ee728b) (PreviewImporter) -> (artifact id: '6728bcf4e56f5fe3bdc0b29fee38087d') in 0.0206024 seconds
Number of updated asset objects reloaded before import = 0Number of asset objects unloaded after import = 3

========================================================================
Received Import Request.
  Time since last request: 0.000024 seconds.
  path: Assets/Resources/Platformer/Tiles/tile_0088.png
  artifactKey: Guid(233fb3773fe20dc428e4467060fc955b) Importer(815301076,1909f56bfc062723c751e8b465ee728b)
Start importing Assets/Resources/Platformer/Tiles/tile_0088.png using Guid(233fb3773fe20dc428e4467060fc955b) Importer(815301076,1909f56bfc062723c751e8b465ee728b) (PreviewImporter) -> (artifact id: '203c5a0a5ea40673b4cbc3ed6f889921') in 0.0810666 seconds
Number of updated asset objects reloaded before import = 0Number of asset objects unloaded after import = 3

========================================================================
Received Import Request.
  Time since last request: 0.000020 seconds.
  path: Assets/Resources/Platformer/Tiles/tile_0001.png
  artifactKey: Guid(a2227610b217ff24da49876a9fcde410) Importer(815301076,1909f56bfc062723c751e8b465ee728b)
Start importing Assets/Resources/Platformer/Tiles/tile_0001.png using Guid(a2227610b217ff24da49876a9fcde410) Importer(815301076,1909f56bfc062723c751e8b465ee728b) (PreviewImporter) -> (artifact id: '41aea3c5db54aabcaec352fd10752123') in 0.0223483 seconds
Number of updated asset objects reloaded before import = 0Number of asset objects unloaded after import = 3

========================================================================
Received Import Request.
  Time since last request: 0.000023 seconds.
  path: Assets/Resources/Platformer/Tiles/tile_0080.png
  artifactKey: Guid(b18310ac5f684cd40a7b6f618d52d0cf) Importer(815301076,1909f56bfc062723c751e8b465ee728b)
Start importing Assets/Resources/Platformer/Tiles/tile_0080.png using Guid(b18310ac5f684cd40a7b6f618d52d0cf) Importer(815301076,1909f56bfc062723c751e8b465ee728b) (PreviewImporter) -> (artifact id: 'cf6996feb69fecd5091866c727a5f036') in 0.0223801 seconds
Number of updated asset objects reloaded before import = 0Number of asset objects unloaded after import = 3

========================================================================
Received Import Request.
  Time since last request: 0.000013 seconds.
  path: Assets/Resources/Platformer/Tiles/tile_0038.png
  artifactKey: Guid(46f6a3adb84ba914787ee78c5d17a709) Importer(815301076,1909f56bfc062723c751e8b465ee728b)
Start importing Assets/Resources/Platformer/Tiles/tile_0038.png using Guid(46f6a3adb84ba914787ee78c5d17a709) Importer(815301076,1909f56bfc062723c751e8b465ee728b) (PreviewImporter) -> (artifact id: 'e8559a032637e4fe21f281d54951f182') in 0.0195379 seconds
Number of updated asset objects reloaded before import = 0Number of asset objects unloaded after import = 3

========================================================================
Received Import Request.
  Time since last request: 0.000014 seconds.
  path: Assets/Resources/Platformer/Tiles/tile_0141.png
  artifactKey: Guid(4b0b40051dddf3948b91a3c8439889b7) Importer(815301076,1909f56bfc062723c751e8b465ee728b)
Start importing Assets/Resources/Platformer/Tiles/tile_0141.png using Guid(4b0b40051dddf3948b91a3c8439889b7) Importer(815301076,1909f56bfc062723c751e8b465ee728b) (PreviewImporter) -> (artifact id: '90f2630a25eaf0fceae0b1faee5c71c4') in 0.0176874 seconds
Number of updated asset objects reloaded before import = 0Number of asset objects unloaded after import = 3

========================================================================
Received Import Request.
  Time since last request: 0.000016 seconds.
  path: Assets/Resources/Platformer/Tiles/tile_0042.png
  artifactKey: Guid(fe59f2cd1212caf4eb91ef573dc790bc) Importer(815301076,1909f56bfc062723c751e8b465ee728b)
Start importing Assets/Resources/Platformer/Tiles/tile_0042.png using Guid(fe59f2cd1212caf4eb91ef573dc790bc) Importer(815301076,1909f56bfc062723c751e8b465ee728b) (PreviewImporter) -> (artifact id: '9dd962513486fa052d875cf6ab098397') in 0.0170242 seconds
Number of updated asset objects reloaded before import = 0Number of asset objects unloaded after import = 3

========================================================================
Received Prepare
Begin MonoManager ReloadAssembly
[Licensing::Client] Successfully resolved entitlement details
[Licensing::Module] License group:
  Id: F4-BXM4-VMG8-FPK6-3WUH-XXXX
  Product: Unity Personal
  Type: ULF
  Expiration: 2026-05-27T11:57:23Z
[Licensing::Module] License group:
  Id: 14569718489684-UnityPersXXXX
  Product: Unity Personal
  Type: Assigned
  Expiration: Unlimited
- Loaded All Assemblies, in  0.810 seconds
Refreshing native plugins compatible for Editor in 3.88 ms, found 5 plugins.
Native extension for WindowsStandalone target not found
[Package Manager] Failed to launch server process. Reason: Unity was launched with the -noUpm command-line argument
[Package Manager] Unable to send message (not connected to server process).
[Package Manager] Cannot connect to Unity Package Manager local server
[Package Manager] Failed to launch server process. Reason: Unity was launched with the -noUpm command-line argument
[Package Manager] Unable to send message (not connected to server process).
[Package Manager] Cannot connect to Unity Package Manager local server
ScheduleIndexationOnStartup MainProcess:False IndexOnStartup:True
Mono: successfully reloaded assembly
- Finished resetting the current domain, in  0.747 seconds
Domain Reload Profiling: 1558ms
	BeginReloadAssembly (280ms)
		ExecutionOrderSort (0ms)
		DisableScriptedObjects (17ms)
		BackupInstance (0ms)
		ReleaseScriptingObjects (0ms)
		CreateAndSetChildDomain (56ms)
	RebuildCommonClasses (33ms)
	RebuildNativeTypeToScriptingClass (11ms)
	initialDomainReloadingComplete (25ms)
	LoadAllAssembliesAndSetupDomain (461ms)
		LoadAssemblies (432ms)
		RebuildTransferFunctionScriptingTraits (0ms)
		AnalyzeDomain (186ms)
			TypeCache.Refresh (7ms)
				TypeCache.ScanAssembly (0ms)
			BuildScriptInfoCaches (166ms)
			ResolveRequiredComponents (8ms)
	FinalizeReload (747ms)
		ReleaseScriptCaches (0ms)
		RebuildScriptCaches (0ms)
		SetupLoadedEditorAssemblies (596ms)
			LogAssemblyErrors (0ms)
			InitializePlatformSupportModulesInManaged (2ms)
			SetLoadedEditorAssemblies (3ms)
			BeforeProcessingInitializeOnLoad (121ms)
			ProcessInitializeOnLoadAttributes (398ms)
			ProcessInitializeOnLoadMethodAttributes (70ms)
			AfterProcessingInitializeOnLoad (2ms)
			EditorAssembliesLoaded (0ms)
		ExecutionOrderSort2 (0ms)
		AwakeInstancesAfterBackupRestoration (18ms)
Refreshing native plugins compatible for Editor in 3.26 ms, found 5 plugins.
Preloading 0 native plugins for Editor in 0.00 ms.
Unloading 16 Unused Serialized files (Serialized files now loaded: 0)
Unloading 7173 unused Assets / (4.5 MB). Loaded Objects now: 8020.
Memory consumption went from 160.4 MB to 155.9 MB.
Total: 8.481100 ms (FindLiveObjects: 0.707400 ms CreateObjectMapping: 0.656000 ms MarkObjects: 5.185000 ms  DeleteObjects: 1.932000 ms)

Prepare: number of updated asset objects reloaded= 0
========================================================================
Received Prepare
Begin MonoManager ReloadAssembly
- Loaded All Assemblies, in  0.824 seconds
Refreshing native plugins compatible for Editor in 3.45 ms, found 5 plugins.
Native extension for WindowsStandalone target not found
[Package Manager] Failed to launch server process. Reason: Unity was launched with the -noUpm command-line argument
[Package Manager] Unable to send message (not connected to server process).
[Package Manager] Cannot connect to Unity Package Manager local server
[Package Manager] Failed to launch server process. Reason: Unity was launched with the -noUpm command-line argument
[Package Manager] Unable to send message (not connected to server process).
[Package Manager] Cannot connect to Unity Package Manager local server
ScheduleIndexationOnStartup MainProcess:False IndexOnStartup:True
Mono: successfully reloaded assembly
- Finished resetting the current domain, in  0.742 seconds
Domain Reload Profiling: 1568ms
	BeginReloadAssembly (272ms)
		ExecutionOrderSort (0ms)
		DisableScriptedObjects (13ms)
		BackupInstance (0ms)
		ReleaseScriptingObjects (0ms)
		CreateAndSetChildDomain (50ms)
	RebuildCommonClasses (34ms)
	RebuildNativeTypeToScriptingClass (11ms)
	initialDomainReloadingComplete (25ms)
	LoadAllAssembliesAndSetupDomain (484ms)
		LoadAssemblies (442ms)
		RebuildTransferFunctionScriptingTraits (0ms)
		AnalyzeDomain (200ms)
			TypeCache.Refresh (7ms)
				TypeCache.ScanAssembly (0ms)
			BuildScriptInfoCaches (180ms)
			ResolveRequiredComponents (9ms)
	FinalizeReload (742ms)
		ReleaseScriptCaches (0ms)
		RebuildScriptCaches (0ms)
		SetupLoadedEditorAssemblies (600ms)
			LogAssemblyErrors (0ms)
			InitializePlatformSupportModulesInManaged (2ms)
			SetLoadedEditorAssemblies (3ms)
			BeforeProcessingInitializeOnLoad (122ms)
			ProcessInitializeOnLoadAttributes (407ms)
			ProcessInitializeOnLoadMethodAttributes (65ms)
			AfterProcessingInitializeOnLoad (2ms)
			EditorAssembliesLoaded (0ms)
		ExecutionOrderSort2 (0ms)
		AwakeInstancesAfterBackupRestoration (17ms)
Refreshing native plugins compatible for Editor in 3.19 ms, found 5 plugins.
Preloading 0 native plugins for Editor in 0.00 ms.
Unloading 16 Unused Serialized files (Serialized files now loaded: 0)
Unloading 7173 unused Assets / (4.2 MB). Loaded Objects now: 8023.
Memory consumption went from 160.4 MB to 156.3 MB.
Total: 8.919900 ms (FindLiveObjects: 0.692700 ms CreateObjectMapping: 0.814700 ms MarkObjects: 5.483800 ms  DeleteObjects: 1.928100 ms)

Prepare: number of updated asset objects reloaded= 0
========================================================================
Received Prepare
Begin MonoManager ReloadAssembly
[Licensing::Client] Successfully resolved entitlement details
[Licensing::Module] License group:
  Id: F4-BXM4-VMG8-FPK6-3WUH-XXXX
  Product: Unity Personal
  Type: ULF
  Expiration: 2026-05-27T11:57:23Z
[Licensing::Module] License group:
  Id: 14569718489684-UnityPersXXXX
  Product: Unity Personal
  Type: Assigned
  Expiration: Unlimited
- Loaded All Assemblies, in  0.811 seconds
Refreshing native plugins compatible for Editor in 3.51 ms, found 5 plugins.
Native extension for WindowsStandalone target not found
[Package Manager] Failed to launch server process. Reason: Unity was launched with the -noUpm command-line argument
[Package Manager] Unable to send message (not connected to server process).
[Package Manager] Cannot connect to Unity Package Manager local server
[Package Manager] Failed to launch server process. Reason: Unity was launched with the -noUpm command-line argument
[Package Manager] Unable to send message (not connected to server process).
[Package Manager] Cannot connect to Unity Package Manager local server
ScheduleIndexationOnStartup MainProcess:False IndexOnStartup:True
Mono: successfully reloaded assembly
- Finished resetting the current domain, in  0.733 seconds
Domain Reload Profiling: 1548ms
	BeginReloadAssembly (268ms)
		ExecutionOrderSort (0ms)
		DisableScriptedObjects (15ms)
		BackupInstance (0ms)
		ReleaseScriptingObjects (0ms)
		CreateAndSetChildDomain (46ms)
	RebuildCommonClasses (34ms)
	RebuildNativeTypeToScriptingClass (11ms)
	initialDomainReloadingComplete (25ms)
	LoadAllAssembliesAndSetupDomain (477ms)
		LoadAssemblies (434ms)
		RebuildTransferFunctionScriptingTraits (0ms)
		AnalyzeDomain (196ms)
			TypeCache.Refresh (7ms)
				TypeCache.ScanAssembly (0ms)
			BuildScriptInfoCaches (176ms)
			ResolveRequiredComponents (8ms)
	FinalizeReload (734ms)
		ReleaseScriptCaches (0ms)
		RebuildScriptCaches (0ms)
		SetupLoadedEditorAssemblies (592ms)
			LogAssemblyErrors (0ms)
			InitializePlatformSupportModulesInManaged (2ms)
			SetLoadedEditorAssemblies (3ms)
			BeforeProcessingInitializeOnLoad (123ms)
			ProcessInitializeOnLoadAttributes (396ms)
			ProcessInitializeOnLoadMethodAttributes (65ms)
			AfterProcessingInitializeOnLoad (3ms)
			EditorAssembliesLoaded (0ms)
		ExecutionOrderSort2 (0ms)
		AwakeInstancesAfterBackupRestoration (17ms)
Refreshing native plugins compatible for Editor in 3.49 ms, found 5 plugins.
Preloading 0 native plugins for Editor in 0.00 ms.
Unloading 16 Unused Serialized files (Serialized files now loaded: 0)
Unloading 7173 unused Assets / (4.7 MB). Loaded Objects now: 8026.
Memory consumption went from 160.5 MB to 155.8 MB.
Total: 9.752700 ms (FindLiveObjects: 0.727000 ms CreateObjectMapping: 0.879300 ms MarkObjects: 5.891600 ms  DeleteObjects: 2.254100 ms)

Prepare: number of updated asset objects reloaded= 0
========================================================================
Received Prepare
Begin MonoManager ReloadAssembly
[Licensing::Client] Successfully resolved entitlement details
[Licensing::Module] License group:
  Id: F4-BXM4-VMG8-FPK6-3WUH-XXXX
  Product: Unity Personal
  Type: ULF
  Expiration: 2026-05-27T11:57:23Z
[Licensing::Module] License group:
  Id: 14569718489684-UnityPersXXXX
  Product: Unity Personal
  Type: Assigned
  Expiration: Unlimited
- Loaded All Assemblies, in  0.793 seconds
Refreshing native plugins compatible for Editor in 3.46 ms, found 5 plugins.
Native extension for WindowsStandalone target not found
[Package Manager] Failed to launch server process. Reason: Unity was launched with the -noUpm command-line argument
[Package Manager] Unable to send message (not connected to server process).
[Package Manager] Cannot connect to Unity Package Manager local server
[Package Manager] Failed to launch server process. Reason: Unity was launched with the -noUpm command-line argument
[Package Manager] Unable to send message (not connected to server process).
[Package Manager] Cannot connect to Unity Package Manager local server
ScheduleIndexationOnStartup MainProcess:False IndexOnStartup:True
Mono: successfully reloaded assembly
- Finished resetting the current domain, in  0.773 seconds
Domain Reload Profiling: 1568ms
	BeginReloadAssembly (262ms)
		ExecutionOrderSort (0ms)
		DisableScriptedObjects (13ms)
		BackupInstance (0ms)
		ReleaseScriptingObjects (0ms)
		CreateAndSetChildDomain (46ms)
	RebuildCommonClasses (35ms)
	RebuildNativeTypeToScriptingClass (11ms)
	initialDomainReloadingComplete (26ms)
	LoadAllAssembliesAndSetupDomain (461ms)
		LoadAssemblies (424ms)
		RebuildTransferFunctionScriptingTraits (0ms)
		AnalyzeDomain (189ms)
			TypeCache.Refresh (7ms)
				TypeCache.ScanAssembly (0ms)
			BuildScriptInfoCaches (170ms)
			ResolveRequiredComponents (8ms)
	FinalizeReload (773ms)
		ReleaseScriptCaches (0ms)
		RebuildScriptCaches (0ms)
		SetupLoadedEditorAssemblies (617ms)
			LogAssemblyErrors (0ms)
			InitializePlatformSupportModulesInManaged (2ms)
			SetLoadedEditorAssemblies (3ms)
			BeforeProcessingInitializeOnLoad (122ms)
			ProcessInitializeOnLoadAttributes (412ms)
			ProcessInitializeOnLoadMethodAttributes (74ms)
			AfterProcessingInitializeOnLoad (3ms)
			EditorAssembliesLoaded (0ms)
		ExecutionOrderSort2 (0ms)
		AwakeInstancesAfterBackupRestoration (22ms)
Refreshing native plugins compatible for Editor in 3.99 ms, found 5 plugins.
Preloading 0 native plugins for Editor in 0.00 ms.
Unloading 16 Unused Serialized files (Serialized files now loaded: 0)
Unloading 7173 unused Assets / (4.1 MB). Loaded Objects now: 8029.
Memory consumption went from 160.6 MB to 156.4 MB.
Total: 9.196000 ms (FindLiveObjects: 0.791800 ms CreateObjectMapping: 1.009400 ms MarkObjects: 5.589900 ms  DeleteObjects: 1.804500 ms)

Prepare: number of updated asset objects reloaded= 0
========================================================================
Received Prepare
Begin MonoManager ReloadAssembly
[Licensing::Client] Successfully resolved entitlement details
[Licensing::Module] License group:
  Id: F4-BXM4-VMG8-FPK6-3WUH-XXXX
  Product: Unity Personal
  Type: ULF
  Expiration: 2026-05-27T11:57:23Z
[Licensing::Module] License group:
  Id: 14569718489684-UnityPersXXXX
  Product: Unity Personal
  Type: Assigned
  Expiration: Unlimited
- Loaded All Assemblies, in  0.796 seconds
Refreshing native plugins compatible for Editor in 3.41 ms, found 5 plugins.
Native extension for WindowsStandalone target not found
[Package Manager] Failed to launch server process. Reason: Unity was launched with the -noUpm command-line argument
[Package Manager] Unable to send message (not connected to server process).
[Package Manager] Cannot connect to Unity Package Manager local server
[Package Manager] Failed to launch server process. Reason: Unity was launched with the -noUpm command-line argument
[Package Manager] Unable to send message (not connected to server process).
[Package Manager] Cannot connect to Unity Package Manager local server
ScheduleIndexationOnStartup MainProcess:False IndexOnStartup:True
Mono: successfully reloaded assembly
- Finished resetting the current domain, in  0.786 seconds
Domain Reload Profiling: 1586ms
	BeginReloadAssembly (261ms)
		ExecutionOrderSort (0ms)
		DisableScriptedObjects (14ms)
		BackupInstance (0ms)
		ReleaseScriptingObjects (0ms)
		CreateAndSetChildDomain (48ms)
	RebuildCommonClasses (33ms)
	RebuildNativeTypeToScriptingClass (12ms)
	initialDomainReloadingComplete (26ms)
	LoadAllAssembliesAndSetupDomain (468ms)
		LoadAssemblies (421ms)
		RebuildTransferFunctionScriptingTraits (0ms)
		AnalyzeDomain (194ms)
			TypeCache.Refresh (7ms)
				TypeCache.ScanAssembly (0ms)
			BuildScriptInfoCaches (173ms)
			ResolveRequiredComponents (8ms)
	FinalizeReload (786ms)
		ReleaseScriptCaches (0ms)
		RebuildScriptCaches (0ms)
		SetupLoadedEditorAssemblies (646ms)
			LogAssemblyErrors (0ms)
			InitializePlatformSupportModulesInManaged (2ms)
			SetLoadedEditorAssemblies (5ms)
			BeforeProcessingInitializeOnLoad (158ms)
			ProcessInitializeOnLoadAttributes (406ms)
			ProcessInitializeOnLoadMethodAttributes (71ms)
			AfterProcessingInitializeOnLoad (2ms)
			EditorAssembliesLoaded (0ms)
		ExecutionOrderSort2 (0ms)
		AwakeInstancesAfterBackupRestoration (18ms)
Refreshing native plugins compatible for Editor in 3.35 ms, found 5 plugins.
Preloading 0 native plugins for Editor in 0.00 ms.
Unloading 16 Unused Serialized files (Serialized files now loaded: 0)
Unloading 7173 unused Assets / (4.1 MB). Loaded Objects now: 8032.
Memory consumption went from 160.6 MB to 156.5 MB.
Total: 8.721400 ms (FindLiveObjects: 0.710100 ms CreateObjectMapping: 0.889000 ms MarkObjects: 5.357000 ms  DeleteObjects: 1.764600 ms)

Prepare: number of updated asset objects reloaded= 0
========================================================================
Received Prepare
Begin MonoManager ReloadAssembly
[Licensing::Client] Successfully resolved entitlement details
[Licensing::Module] License group:
  Id: F4-BXM4-VMG8-FPK6-3WUH-XXXX
  Product: Unity Personal
  Type: ULF
  Expiration: 2026-05-27T11:57:23Z
[Licensing::Module] License group:
  Id: 14569718489684-UnityPersXXXX
  Product: Unity Personal
  Type: Assigned
  Expiration: Unlimited
- Loaded All Assemblies, in  0.808 seconds
Refreshing native plugins compatible for Editor in 3.50 ms, found 5 plugins.
Native extension for WindowsStandalone target not found
[Package Manager] Failed to launch server process. Reason: Unity was launched with the -noUpm command-line argument
[Package Manager] Unable to send message (not connected to server process).
[Package Manager] Cannot connect to Unity Package Manager local server
[Package Manager] Failed to launch server process. Reason: Unity was launched with the -noUpm command-line argument
[Package Manager] Unable to send message (not connected to server process).
[Package Manager] Cannot connect to Unity Package Manager local server
ScheduleIndexationOnStartup MainProcess:False IndexOnStartup:True
Mono: successfully reloaded assembly
- Finished resetting the current domain, in  0.778 seconds
Domain Reload Profiling: 1590ms
	BeginReloadAssembly (266ms)
		ExecutionOrderSort (0ms)
		DisableScriptedObjects (12ms)
		BackupInstance (0ms)
		ReleaseScriptingObjects (0ms)
		CreateAndSetChildDomain (48ms)
	RebuildCommonClasses (33ms)
	RebuildNativeTypeToScriptingClass (13ms)
	initialDomainReloadingComplete (25ms)
	LoadAllAssembliesAndSetupDomain (473ms)
		LoadAssemblies (434ms)
		RebuildTransferFunctionScriptingTraits (0ms)
		AnalyzeDomain (190ms)
			TypeCache.Refresh (6ms)
				TypeCache.ScanAssembly (0ms)
			BuildScriptInfoCaches (170ms)
			ResolveRequiredComponents (10ms)
	FinalizeReload (779ms)
		ReleaseScriptCaches (0ms)
		RebuildScriptCaches (0ms)
		SetupLoadedEditorAssemblies (630ms)
			LogAssemblyErrors (0ms)
			InitializePlatformSupportModulesInManaged (2ms)
			SetLoadedEditorAssemblies (3ms)
			BeforeProcessingInitializeOnLoad (150ms)
			ProcessInitializeOnLoadAttributes (405ms)
			ProcessInitializeOnLoadMethodAttributes (67ms)
			AfterProcessingInitializeOnLoad (2ms)
			EditorAssembliesLoaded (0ms)
		ExecutionOrderSort2 (0ms)
		AwakeInstancesAfterBackupRestoration (18ms)
Refreshing native plugins compatible for Editor in 3.56 ms, found 5 plugins.
Preloading 0 native plugins for Editor in 0.00 ms.
Unloading 16 Unused Serialized files (Serialized files now loaded: 0)
Unloading 7173 unused Assets / (4.1 MB). Loaded Objects now: 8035.
Memory consumption went from 160.6 MB to 156.6 MB.
Total: 8.727000 ms (FindLiveObjects: 0.696600 ms CreateObjectMapping: 0.824400 ms MarkObjects: 5.436900 ms  DeleteObjects: 1.768500 ms)

Prepare: number of updated asset objects reloaded= 0
========================================================================
Received Prepare
Begin MonoManager ReloadAssembly
- Loaded All Assemblies, in  0.795 seconds
Refreshing native plugins compatible for Editor in 3.31 ms, found 5 plugins.
Native extension for WindowsStandalone target not found
[Package Manager] Failed to launch server process. Reason: Unity was launched with the -noUpm command-line argument
[Package Manager] Unable to send message (not connected to server process).
[Package Manager] Cannot connect to Unity Package Manager local server
[Package Manager] Failed to launch server process. Reason: Unity was launched with the -noUpm command-line argument
[Package Manager] Unable to send message (not connected to server process).
[Package Manager] Cannot connect to Unity Package Manager local server
ScheduleIndexationOnStartup MainProcess:False IndexOnStartup:True
Mono: successfully reloaded assembly
- Finished resetting the current domain, in  0.742 seconds
Domain Reload Profiling: 1541ms
	BeginReloadAssembly (260ms)
		ExecutionOrderSort (0ms)
		DisableScriptedObjects (13ms)
		BackupInstance (0ms)
		ReleaseScriptingObjects (0ms)
		CreateAndSetChildDomain (44ms)
	RebuildCommonClasses (34ms)
	RebuildNativeTypeToScriptingClass (11ms)
	initialDomainReloadingComplete (26ms)
	LoadAllAssembliesAndSetupDomain (467ms)
		LoadAssemblies (429ms)
		RebuildTransferFunctionScriptingTraits (0ms)
		AnalyzeDomain (188ms)
			TypeCache.Refresh (7ms)
				TypeCache.ScanAssembly (0ms)
			BuildScriptInfoCaches (169ms)
			ResolveRequiredComponents (8ms)
	FinalizeReload (743ms)
		ReleaseScriptCaches (0ms)
		RebuildScriptCaches (0ms)
		SetupLoadedEditorAssemblies (593ms)
			LogAssemblyErrors (0ms)
			InitializePlatformSupportModulesInManaged (2ms)
			SetLoadedEditorAssemblies (3ms)
			BeforeProcessingInitializeOnLoad (127ms)
			ProcessInitializeOnLoadAttributes (395ms)
			ProcessInitializeOnLoadMethodAttributes (63ms)
			AfterProcessingInitializeOnLoad (2ms)
			EditorAssembliesLoaded (0ms)
		ExecutionOrderSort2 (0ms)
		AwakeInstancesAfterBackupRestoration (18ms)
Refreshing native plugins compatible for Editor in 3.24 ms, found 5 plugins.
Preloading 0 native plugins for Editor in 0.00 ms.
Unloading 16 Unused Serialized files (Serialized files now loaded: 0)
Unloading 7173 unused Assets / (4.6 MB). Loaded Objects now: 8038.
Memory consumption went from 160.7 MB to 156.1 MB.
Total: 8.837500 ms (FindLiveObjects: 0.698900 ms CreateObjectMapping: 0.819100 ms MarkObjects: 5.181400 ms  DeleteObjects: 2.137200 ms)

Prepare: number of updated asset objects reloaded= 0
========================================================================
Received Prepare
Begin MonoManager ReloadAssembly
[Licensing::Client] Successfully resolved entitlement details
[Licensing::Module] License group:
  Id: F4-BXM4-VMG8-FPK6-3WUH-XXXX
  Product: Unity Personal
  Type: ULF
  Expiration: 2026-05-27T11:57:23Z
[Licensing::Module] License group:
  Id: 14569718489684-UnityPersXXXX
  Product: Unity Personal
  Type: Assigned
  Expiration: Unlimited
- Loaded All Assemblies, in  0.826 seconds
Refreshing native plugins compatible for Editor in 3.29 ms, found 5 plugins.
Native extension for WindowsStandalone target not found
[Package Manager] Failed to launch server process. Reason: Unity was launched with the -noUpm command-line argument
[Package Manager] Unable to send message (not connected to server process).
[Package Manager] Cannot connect to Unity Package Manager local server
[Package Manager] Failed to launch server process. Reason: Unity was launched with the -noUpm command-line argument
[Package Manager] Unable to send message (not connected to server process).
[Package Manager] Cannot connect to Unity Package Manager local server
ScheduleIndexationOnStartup MainProcess:False IndexOnStartup:True
Mono: successfully reloaded assembly
- Finished resetting the current domain, in  0.824 seconds
Domain Reload Profiling: 1652ms
	BeginReloadAssembly (287ms)
		ExecutionOrderSort (0ms)
		DisableScriptedObjects (15ms)
		BackupInstance (0ms)
		ReleaseScriptingObjects (0ms)
		CreateAndSetChildDomain (47ms)
	RebuildCommonClasses (38ms)
	RebuildNativeTypeToScriptingClass (12ms)
	initialDomainReloadingComplete (27ms)
	LoadAllAssembliesAndSetupDomain (464ms)
		LoadAssemblies (447ms)
		RebuildTransferFunctionScriptingTraits (0ms)
		AnalyzeDomain (192ms)
			TypeCache.Refresh (7ms)
				TypeCache.ScanAssembly (0ms)
			BuildScriptInfoCaches (172ms)
			ResolveRequiredComponents (8ms)
	FinalizeReload (824ms)
		ReleaseScriptCaches (0ms)
		RebuildScriptCaches (0ms)
		SetupLoadedEditorAssemblies (656ms)
			LogAssemblyErrors (0ms)
			InitializePlatformSupportModulesInManaged (2ms)
			SetLoadedEditorAssemblies (3ms)
			BeforeProcessingInitializeOnLoad (154ms)
			ProcessInitializeOnLoadAttributes (426ms)
			ProcessInitializeOnLoadMethodAttributes (67ms)
			AfterProcessingInitializeOnLoad (2ms)
			EditorAssembliesLoaded (0ms)
		ExecutionOrderSort2 (0ms)
		AwakeInstancesAfterBackupRestoration (24ms)
Refreshing native plugins compatible for Editor in 3.30 ms, found 5 plugins.
Preloading 0 native plugins for Editor in 0.00 ms.
Unloading 16 Unused Serialized files (Serialized files now loaded: 0)
Unloading 7173 unused Assets / (4.4 MB). Loaded Objects now: 8041.
Memory consumption went from 160.7 MB to 156.3 MB.
Total: 9.122000 ms (FindLiveObjects: 0.717000 ms CreateObjectMapping: 0.827200 ms MarkObjects: 5.577500 ms  DeleteObjects: 1.999700 ms)

Prepare: number of updated asset objects reloaded= 0
========================================================================
Received Prepare
Begin MonoManager ReloadAssembly
- Loaded All Assemblies, in  0.824 seconds
Refreshing native plugins compatible for Editor in 3.37 ms, found 5 plugins.
Native extension for WindowsStandalone target not found
[Package Manager] Failed to launch server process. Reason: Unity was launched with the -noUpm command-line argument
[Package Manager] Unable to send message (not connected to server process).
[Package Manager] Cannot connect to Unity Package Manager local server
[Package Manager] Failed to launch server process. Reason: Unity was launched with the -noUpm command-line argument
[Package Manager] Unable to send message (not connected to server process).
[Package Manager] Cannot connect to Unity Package Manager local server
ScheduleIndexationOnStartup MainProcess:False IndexOnStartup:True
Mono: successfully reloaded assembly
- Finished resetting the current domain, in  0.740 seconds
Domain Reload Profiling: 1569ms
	BeginReloadAssembly (266ms)
		ExecutionOrderSort (0ms)
		DisableScriptedObjects (13ms)
		BackupInstance (0ms)
		ReleaseScriptingObjects (0ms)
		CreateAndSetChildDomain (46ms)
	RebuildCommonClasses (34ms)
	RebuildNativeTypeToScriptingClass (12ms)
	initialDomainReloadingComplete (27ms)
	LoadAllAssembliesAndSetupDomain (490ms)
		LoadAssemblies (439ms)
		RebuildTransferFunctionScriptingTraits (0ms)
		AnalyzeDomain (208ms)
			TypeCache.Refresh (7ms)
				TypeCache.ScanAssembly (0ms)
			BuildScriptInfoCaches (187ms)
			ResolveRequiredComponents (9ms)
	FinalizeReload (740ms)
		ReleaseScriptCaches (0ms)
		RebuildScriptCaches (0ms)
		SetupLoadedEditorAssemblies (601ms)
			LogAssemblyErrors (0ms)
			InitializePlatformSupportModulesInManaged (2ms)
			SetLoadedEditorAssemblies (5ms)
			BeforeProcessingInitializeOnLoad (130ms)
			ProcessInitializeOnLoadAttributes (399ms)
			ProcessInitializeOnLoadMethodAttributes (62ms)
			AfterProcessingInitializeOnLoad (2ms)
			EditorAssembliesLoaded (0ms)
		ExecutionOrderSort2 (0ms)
		AwakeInstancesAfterBackupRestoration (18ms)
Refreshing native plugins compatible for Editor in 3.49 ms, found 5 plugins.
Preloading 0 native plugins for Editor in 0.00 ms.
Unloading 16 Unused Serialized files (Serialized files now loaded: 0)
Unloading 7173 unused Assets / (5.1 MB). Loaded Objects now: 8044.
Memory consumption went from 160.8 MB to 155.7 MB.
Total: 11.967500 ms (FindLiveObjects: 0.749500 ms CreateObjectMapping: 0.898200 ms MarkObjects: 7.210800 ms  DeleteObjects: 3.108100 ms)

Prepare: number of updated asset objects reloaded= 0
========================================================================
Received Prepare
Begin MonoManager ReloadAssembly
[Licensing::Client] Successfully resolved entitlement details
[Licensing::Module] License group:
  Id: F4-BXM4-VMG8-FPK6-3WUH-XXXX
  Product: Unity Personal
  Type: ULF
  Expiration: 2026-05-27T11:57:23Z
[Licensing::Module] License group:
  Id: 14569718489684-UnityPersXXXX
  Product: Unity Personal
  Type: Assigned
  Expiration: Unlimited
- Loaded All Assemblies, in  0.822 seconds
Refreshing native plugins compatible for Editor in 3.95 ms, found 5 plugins.
Native extension for WindowsStandalone target not found
[Package Manager] Failed to launch server process. Reason: Unity was launched with the -noUpm command-line argument
[Package Manager] Unable to send message (not connected to server process).
[Package Manager] Cannot connect to Unity Package Manager local server
[Package Manager] Failed to launch server process. Reason: Unity was launched with the -noUpm command-line argument
[Package Manager] Unable to send message (not connected to server process).
[Package Manager] Cannot connect to Unity Package Manager local server
ScheduleIndexationOnStartup MainProcess:False IndexOnStartup:True
Mono: successfully reloaded assembly
- Finished resetting the current domain, in  0.768 seconds
Domain Reload Profiling: 1594ms
	BeginReloadAssembly (268ms)
		ExecutionOrderSort (0ms)
		DisableScriptedObjects (14ms)
		BackupInstance (0ms)
		ReleaseScriptingObjects (0ms)
		CreateAndSetChildDomain (47ms)
	RebuildCommonClasses (33ms)
	RebuildNativeTypeToScriptingClass (12ms)
	initialDomainReloadingComplete (25ms)
	LoadAllAssembliesAndSetupDomain (487ms)
		LoadAssemblies (432ms)
		RebuildTransferFunctionScriptingTraits (0ms)
		AnalyzeDomain (209ms)
			TypeCache.Refresh (7ms)
				TypeCache.ScanAssembly (0ms)
			BuildScriptInfoCaches (187ms)
			ResolveRequiredComponents (9ms)
	FinalizeReload (768ms)
		ReleaseScriptCaches (0ms)
		RebuildScriptCaches (0ms)
		SetupLoadedEditorAssemblies (621ms)
			LogAssemblyErrors (0ms)
			InitializePlatformSupportModulesInManaged (3ms)
			SetLoadedEditorAssemblies (6ms)
			BeforeProcessingInitializeOnLoad (136ms)
			ProcessInitializeOnLoadAttributes (409ms)
			ProcessInitializeOnLoadMethodAttributes (65ms)
			AfterProcessingInitializeOnLoad (2ms)
			EditorAssembliesLoaded (0ms)
		ExecutionOrderSort2 (0ms)
		AwakeInstancesAfterBackupRestoration (17ms)
Refreshing native plugins compatible for Editor in 3.44 ms, found 5 plugins.
Preloading 0 native plugins for Editor in 0.00 ms.
Unloading 16 Unused Serialized files (Serialized files now loaded: 0)
Unloading 7173 unused Assets / (4.0 MB). Loaded Objects now: 8047.
Memory consumption went from 160.8 MB to 156.8 MB.
Total: 8.877000 ms (FindLiveObjects: 0.767800 ms CreateObjectMapping: 0.864500 ms MarkObjects: 5.427700 ms  DeleteObjects: 1.816200 ms)

Prepare: number of updated asset objects reloaded= 0
========================================================================
Received Prepare
Begin MonoManager ReloadAssembly
- Loaded All Assemblies, in  0.829 seconds
Refreshing native plugins compatible for Editor in 3.37 ms, found 5 plugins.
Native extension for WindowsStandalone target not found
[Package Manager] Failed to launch server process. Reason: Unity was launched with the -noUpm command-line argument
[Package Manager] Unable to send message (not connected to server process).
[Package Manager] Cannot connect to Unity Package Manager local server
[Package Manager] Failed to launch server process. Reason: Unity was launched with the -noUpm command-line argument
[Package Manager] Unable to send message (not connected to server process).
[Package Manager] Cannot connect to Unity Package Manager local server
ScheduleIndexationOnStartup MainProcess:False IndexOnStartup:True
Mono: successfully reloaded assembly
- Finished resetting the current domain, in  0.763 seconds
Domain Reload Profiling: 1596ms
	BeginReloadAssembly (279ms)
		ExecutionOrderSort (0ms)
		DisableScriptedObjects (17ms)
		BackupInstance (0ms)
		ReleaseScriptingObjects (0ms)
		CreateAndSetChildDomain (51ms)
	RebuildCommonClasses (33ms)
	RebuildNativeTypeToScriptingClass (11ms)
	initialDomainReloadingComplete (27ms)
	LoadAllAssembliesAndSetupDomain (482ms)
		LoadAssemblies (431ms)
		RebuildTransferFunctionScriptingTraits (0ms)
		AnalyzeDomain (205ms)
			TypeCache.Refresh (7ms)
				TypeCache.ScanAssembly (0ms)
			BuildScriptInfoCaches (184ms)
			ResolveRequiredComponents (8ms)
	FinalizeReload (764ms)
		ReleaseScriptCaches (0ms)
		RebuildScriptCaches (0ms)
		SetupLoadedEditorAssemblies (619ms)
			LogAssemblyErrors (0ms)
			InitializePlatformSupportModulesInManaged (2ms)
			SetLoadedEditorAssemblies (5ms)
			BeforeProcessingInitializeOnLoad (133ms)
			ProcessInitializeOnLoadAttributes (405ms)
			ProcessInitializeOnLoadMethodAttributes (72ms)
			AfterProcessingInitializeOnLoad (2ms)
			EditorAssembliesLoaded (0ms)
		ExecutionOrderSort2 (0ms)
		AwakeInstancesAfterBackupRestoration (19ms)
Refreshing native plugins compatible for Editor in 3.39 ms, found 5 plugins.
Preloading 0 native plugins for Editor in 0.00 ms.
Unloading 16 Unused Serialized files (Serialized files now loaded: 0)
Unloading 7173 unused Assets / (3.9 MB). Loaded Objects now: 8050.
Memory consumption went from 160.8 MB to 156.9 MB.
Total: 7.722900 ms (FindLiveObjects: 0.734800 ms CreateObjectMapping: 0.390500 ms MarkObjects: 4.990500 ms  DeleteObjects: 1.606500 ms)

Prepare: number of updated asset objects reloaded= 0
========================================================================
Received Prepare
Begin MonoManager ReloadAssembly
[Licensing::Client] Successfully resolved entitlement details
[Licensing::Module] License group:
  Id: F4-BXM4-VMG8-FPK6-3WUH-XXXX
  Product: Unity Personal
  Type: ULF
  Expiration: 2026-05-27T11:57:23Z
[Licensing::Module] License group:
  Id: 14569718489684-UnityPersXXXX
  Product: Unity Personal
  Type: Assigned
  Expiration: Unlimited
- Loaded All Assemblies, in  0.808 seconds
Refreshing native plugins compatible for Editor in 3.16 ms, found 5 plugins.
Native extension for WindowsStandalone target not found
[Package Manager] Failed to launch server process. Reason: Unity was launched with the -noUpm command-line argument
[Package Manager] Unable to send message (not connected to server process).
[Package Manager] Cannot connect to Unity Package Manager local server
[Package Manager] Failed to launch server process. Reason: Unity was launched with the -noUpm command-line argument
[Package Manager] Unable to send message (not connected to server process).
[Package Manager] Cannot connect to Unity Package Manager local server
ScheduleIndexationOnStartup MainProcess:False IndexOnStartup:True
Mono: successfully reloaded assembly
- Finished resetting the current domain, in  0.769 seconds
Domain Reload Profiling: 1581ms
	BeginReloadAssembly (265ms)
		ExecutionOrderSort (0ms)
		DisableScriptedObjects (14ms)
		BackupInstance (0ms)
		ReleaseScriptingObjects (0ms)
		CreateAndSetChildDomain (47ms)
	RebuildCommonClasses (38ms)
	RebuildNativeTypeToScriptingClass (12ms)
	initialDomainReloadingComplete (24ms)
	LoadAllAssembliesAndSetupDomain (472ms)
		LoadAssemblies (425ms)
		RebuildTransferFunctionScriptingTraits (0ms)
		AnalyzeDomain (199ms)
			TypeCache.Refresh (7ms)
				TypeCache.ScanAssembly (0ms)
			BuildScriptInfoCaches (178ms)
			ResolveRequiredComponents (8ms)
	FinalizeReload (770ms)
		ReleaseScriptCaches (0ms)
		RebuildScriptCaches (0ms)
		SetupLoadedEditorAssemblies (623ms)
			LogAssemblyErrors (0ms)
			InitializePlatformSupportModulesInManaged (2ms)
			SetLoadedEditorAssemblies (6ms)
			BeforeProcessingInitializeOnLoad (136ms)
			ProcessInitializeOnLoadAttributes (408ms)
			ProcessInitializeOnLoadMethodAttributes (68ms)
			AfterProcessingInitializeOnLoad (2ms)
			EditorAssembliesLoaded (0ms)
		ExecutionOrderSort2 (0ms)
		AwakeInstancesAfterBackupRestoration (19ms)
Refreshing native plugins compatible for Editor in 3.33 ms, found 5 plugins.
Preloading 0 native plugins for Editor in 0.00 ms.
Unloading 16 Unused Serialized files (Serialized files now loaded: 0)
Unloading 7173 unused Assets / (4.6 MB). Loaded Objects now: 8053.
Memory consumption went from 160.9 MB to 156.3 MB.
Total: 9.530100 ms (FindLiveObjects: 0.700400 ms CreateObjectMapping: 0.828200 ms MarkObjects: 5.677300 ms  DeleteObjects: 2.323500 ms)

Prepare: number of updated asset objects reloaded= 0
========================================================================
Received Prepare
Begin MonoManager ReloadAssembly
[Licensing::Client] Successfully resolved entitlement details
[Licensing::Module] License group:
  Id: F4-BXM4-VMG8-FPK6-3WUH-XXXX
  Product: Unity Personal
  Type: ULF
  Expiration: 2026-05-27T11:57:23Z
[Licensing::Module] License group:
  Id: 14569718489684-UnityPersXXXX
  Product: Unity Personal
  Type: Assigned
  Expiration: Unlimited
- Loaded All Assemblies, in  0.843 seconds
Refreshing native plugins compatible for Editor in 3.64 ms, found 5 plugins.
Native extension for WindowsStandalone target not found
[Package Manager] Failed to launch server process. Reason: Unity was launched with the -noUpm command-line argument
[Package Manager] Unable to send message (not connected to server process).
[Package Manager] Cannot connect to Unity Package Manager local server
[Package Manager] Failed to launch server process. Reason: Unity was launched with the -noUpm command-line argument
[Package Manager] Unable to send message (not connected to server process).
[Package Manager] Cannot connect to Unity Package Manager local server
ScheduleIndexationOnStartup MainProcess:False IndexOnStartup:True
Mono: successfully reloaded assembly
- Finished resetting the current domain, in  0.758 seconds
Domain Reload Profiling: 1604ms
	BeginReloadAssembly (266ms)
		ExecutionOrderSort (0ms)
		DisableScriptedObjects (15ms)
		BackupInstance (0ms)
		ReleaseScriptingObjects (0ms)
		CreateAndSetChildDomain (47ms)
	RebuildCommonClasses (35ms)
	RebuildNativeTypeToScriptingClass (12ms)
	initialDomainReloadingComplete (29ms)
	LoadAllAssembliesAndSetupDomain (505ms)
		LoadAssemblies (456ms)
		RebuildTransferFunctionScriptingTraits (0ms)
		AnalyzeDomain (202ms)
			TypeCache.Refresh (7ms)
				TypeCache.ScanAssembly (0ms)
			BuildScriptInfoCaches (180ms)
			ResolveRequiredComponents (8ms)
	FinalizeReload (759ms)
		ReleaseScriptCaches (0ms)
		RebuildScriptCaches (0ms)
		SetupLoadedEditorAssemblies (611ms)
			LogAssemblyErrors (0ms)
			InitializePlatformSupportModulesInManaged (2ms)
			SetLoadedEditorAssemblies (5ms)
			BeforeProcessingInitializeOnLoad (130ms)
			ProcessInitializeOnLoadAttributes (408ms)
			ProcessInitializeOnLoadMethodAttributes (63ms)
			AfterProcessingInitializeOnLoad (2ms)
			EditorAssembliesLoaded (0ms)
		ExecutionOrderSort2 (0ms)
		AwakeInstancesAfterBackupRestoration (19ms)
Refreshing native plugins compatible for Editor in 3.50 ms, found 5 plugins.
Preloading 0 native plugins for Editor in 0.00 ms.
Unloading 16 Unused Serialized files (Serialized files now loaded: 0)
Unloading 7173 unused Assets / (4.4 MB). Loaded Objects now: 8056.
Memory consumption went from 161.0 MB to 156.6 MB.
Total: 9.227700 ms (FindLiveObjects: 0.732700 ms CreateObjectMapping: 0.826700 ms MarkObjects: 5.586900 ms  DeleteObjects: 2.080700 ms)

Prepare: number of updated asset objects reloaded= 0
========================================================================
Received Prepare
Begin MonoManager ReloadAssembly
[Licensing::Client] Successfully resolved entitlement details
[Licensing::Module] License group:
  Id: F4-BXM4-VMG8-FPK6-3WUH-XXXX
  Product: Unity Personal
  Type: ULF
  Expiration: 2026-05-27T11:57:23Z
[Licensing::Module] License group:
  Id: 14569718489684-UnityPersXXXX
  Product: Unity Personal
  Type: Assigned
  Expiration: Unlimited
- Loaded All Assemblies, in  0.833 seconds
Refreshing native plugins compatible for Editor in 3.44 ms, found 5 plugins.
Native extension for WindowsStandalone target not found
[Package Manager] Failed to launch server process. Reason: Unity was launched with the -noUpm command-line argument
[Package Manager] Unable to send message (not connected to server process).
[Package Manager] Cannot connect to Unity Package Manager local server
[Package Manager] Failed to launch server process. Reason: Unity was launched with the -noUpm command-line argument
[Package Manager] Unable to send message (not connected to server process).
[Package Manager] Cannot connect to Unity Package Manager local server
ScheduleIndexationOnStartup MainProcess:False IndexOnStartup:True
Mono: successfully reloaded assembly
- Finished resetting the current domain, in  0.768 seconds
Domain Reload Profiling: 1606ms
	BeginReloadAssembly (271ms)
		ExecutionOrderSort (0ms)
		DisableScriptedObjects (13ms)
		BackupInstance (0ms)
		ReleaseScriptingObjects (0ms)
		CreateAndSetChildDomain (50ms)
	RebuildCommonClasses (34ms)
	RebuildNativeTypeToScriptingClass (15ms)
	initialDomainReloadingComplete (24ms)
	LoadAllAssembliesAndSetupDomain (493ms)
		LoadAssemblies (432ms)
		RebuildTransferFunctionScriptingTraits (0ms)
		AnalyzeDomain (213ms)
			TypeCache.Refresh (7ms)
				TypeCache.ScanAssembly (0ms)
			BuildScriptInfoCaches (191ms)
			ResolveRequiredComponents (9ms)
	FinalizeReload (769ms)
		ReleaseScriptCaches (0ms)
		RebuildScriptCaches (0ms)
		SetupLoadedEditorAssemblies (616ms)
			LogAssemblyErrors (0ms)
			InitializePlatformSupportModulesInManaged (3ms)
			SetLoadedEditorAssemblies (6ms)
			BeforeProcessingInitializeOnLoad (130ms)
			ProcessInitializeOnLoadAttributes (410ms)
			ProcessInitializeOnLoadMethodAttributes (66ms)
			AfterProcessingInitializeOnLoad (2ms)
			EditorAssembliesLoaded (0ms)
		ExecutionOrderSort2 (0ms)
		AwakeInstancesAfterBackupRestoration (18ms)
Refreshing native plugins compatible for Editor in 4.09 ms, found 5 plugins.
Preloading 0 native plugins for Editor in 0.00 ms.
Unloading 16 Unused Serialized files (Serialized files now loaded: 0)
Unloading 7173 unused Assets / (4.5 MB). Loaded Objects now: 8059.
Memory consumption went from 161.0 MB to 156.5 MB.
Total: 10.402500 ms (FindLiveObjects: 0.743000 ms CreateObjectMapping: 1.052500 ms MarkObjects: 5.898700 ms  DeleteObjects: 2.707400 ms)

Prepare: number of updated asset objects reloaded= 0
========================================================================
Received Import Request.
  Time since last request: 1373.350141 seconds.
  path: Assets/Resources/Platformer/Background/background_0001.png
  artifactKey: Guid(afd3a93cde44876439bb8463b244b590) Importer(815301076,1909f56bfc062723c751e8b465ee728b)
Start importing Assets/Resources/Platformer/Background/background_0001.png using Guid(afd3a93cde44876439bb8463b244b590) Importer(815301076,1909f56bfc062723c751e8b465ee728b) (PreviewImporter) -> (artifact id: '31c413c15a0a7d4ae04afb7e6f117407') in 0.1723602 seconds
Number of updated asset objects reloaded before import = 0Number of asset objects unloaded after import = 3

========================================================================
Received Import Request.
  Time since last request: 0.000021 seconds.
  path: Assets/Resources/Platformer/Background/background_0009.png
  artifactKey: Guid(56b31538636f459429ed5d30b44a3f97) Importer(815301076,1909f56bfc062723c751e8b465ee728b)
Start importing Assets/Resources/Platformer/Background/background_0009.png using Guid(56b31538636f459429ed5d30b44a3f97) Importer(815301076,1909f56bfc062723c751e8b465ee728b) (PreviewImporter) -> (artifact id: 'a594efc82b73a617c9a7647c4d950cfb') in 0.0153151 seconds
Number of updated asset objects reloaded before import = 0Number of asset objects unloaded after import = 3

========================================================================
Received Import Request.
  Time since last request: 0.000024 seconds.
  path: Assets/Resources/Platformer/Background/background_0008.png
  artifactKey: Guid(fd839b0ef6296114dac0db071b578607) Importer(815301076,1909f56bfc062723c751e8b465ee728b)
Start importing Assets/Resources/Platformer/Background/background_0008.png using Guid(fd839b0ef6296114dac0db071b578607) Importer(815301076,1909f56bfc062723c751e8b465ee728b) (PreviewImporter) -> (artifact id: 'a0bc1f818315f2d44ebe432658b14128') in 0.0149408 seconds
Number of updated asset objects reloaded before import = 0Number of asset objects unloaded after import = 3

========================================================================
Received Import Request.
  Time since last request: 0.000016 seconds.
  path: Assets/Resources/Platformer/Background/background_0010.png
  artifactKey: Guid(9ec590eaa5f35d140bb9faf325a85d34) Importer(815301076,1909f56bfc062723c751e8b465ee728b)
Start importing Assets/Resources/Platformer/Background/background_0010.png using Guid(9ec590eaa5f35d140bb9faf325a85d34) Importer(815301076,1909f56bfc062723c751e8b465ee728b) (PreviewImporter) -> (artifact id: '4dc2dfd1408d63d455887fab36e98cbe') in 0.0153829 seconds
Number of updated asset objects reloaded before import = 0Number of asset objects unloaded after import = 3

========================================================================
Received Import Request.
  Time since last request: 0.000022 seconds.
  path: Assets/Resources/Platformer/Background/background_0002.png
  artifactKey: Guid(aeb700b2d4cbe6f4c9aa4e4048e3070d) Importer(815301076,1909f56bfc062723c751e8b465ee728b)
Start importing Assets/Resources/Platformer/Background/background_0002.png using Guid(aeb700b2d4cbe6f4c9aa4e4048e3070d) Importer(815301076,1909f56bfc062723c751e8b465ee728b) (PreviewImporter) -> (artifact id: '5f8c5cd393d61aef8248e79b8638cad1') in 0.0158683 seconds
Number of updated asset objects reloaded before import = 0Number of asset objects unloaded after import = 3

========================================================================
Received Import Request.
  Time since last request: 0.000021 seconds.
  path: Assets/Resources/Platformer/Background/tilemap.png
  artifactKey: Guid(70af55d3dd32a104ca61babceed03827) Importer(815301076,1909f56bfc062723c751e8b465ee728b)
Start importing Assets/Resources/Platformer/Background/tilemap.png using Guid(70af55d3dd32a104ca61babceed03827) Importer(815301076,1909f56bfc062723c751e8b465ee728b) (PreviewImporter) -> (artifact id: 'ee3ef600e1e0026d6c6e2d491600227d') in 0.0332817 seconds
Number of updated asset objects reloaded before import = 0Number of asset objects unloaded after import = 14

========================================================================
Received Import Request.
  Time since last request: 0.000032 seconds.
  path: Assets/Resources/Platformer/Background/background_0005.png
  artifactKey: Guid(1d7b29a0faa8fdf439d50832b3bd1c2b) Importer(815301076,1909f56bfc062723c751e8b465ee728b)
Start importing Assets/Resources/Platformer/Background/background_0005.png using Guid(1d7b29a0faa8fdf439d50832b3bd1c2b) Importer(815301076,1909f56bfc062723c751e8b465ee728b) (PreviewImporter) -> (artifact id: '4cd56e84f00f85791bdd0b28dd880211') in 0.014972 seconds
Number of updated asset objects reloaded before import = 0Number of asset objects unloaded after import = 3

========================================================================
Received Import Request.
  Time since last request: 33.370780 seconds.
  path: Assets/Asset1/CodeRedCat/4kVectorLandscape/Night/DeciduousTreesNBGMain.png
  artifactKey: Guid(55aeb4103f1937743888f60f2c5eec27) Importer(815301076,1909f56bfc062723c751e8b465ee728b)
Start importing Assets/Asset1/CodeRedCat/4kVectorLandscape/Night/DeciduousTreesNBGMain.png using Guid(55aeb4103f1937743888f60f2c5eec27) Importer(815301076,1909f56bfc062723c751e8b465ee728b) (PreviewImporter) -> (artifact id: '4207da8327585d99a244f7922a9328f7') in 0.0251689 seconds
Number of updated asset objects reloaded before import = 0Number of asset objects unloaded after import = 3

========================================================================
Received Import Request.
  Time since last request: 0.000019 seconds.
  path: Assets/Asset1/CodeRedCat/4kVectorLandscape/Night/GroundN1BGMain.png
  artifactKey: Guid(c3d0f796cc3b2c74fbd8b02107b1970b) Importer(815301076,1909f56bfc062723c751e8b465ee728b)
Start importing Assets/Asset1/CodeRedCat/4kVectorLandscape/Night/GroundN1BGMain.png using Guid(c3d0f796cc3b2c74fbd8b02107b1970b) Importer(815301076,1909f56bfc062723c751e8b465ee728b) (PreviewImporter) -> (artifact id: '5b9e5416e1a5e1f50ebae4583429bc0b') in 0.0806163 seconds
Number of updated asset objects reloaded before import = 0Number of asset objects unloaded after import = 3

========================================================================
Received Import Request.
  Time since last request: 0.000020 seconds.
  path: Assets/Asset1/CodeRedCat/4kVectorLandscape/Night/Moon3.png
  artifactKey: Guid(3d366c5089871f64a9f23287ccd5b0c3) Importer(815301076,1909f56bfc062723c751e8b465ee728b)
Start importing Assets/Asset1/CodeRedCat/4kVectorLandscape/Night/Moon3.png using Guid(3d366c5089871f64a9f23287ccd5b0c3) Importer(815301076,1909f56bfc062723c751e8b465ee728b) (PreviewImporter) -> (artifact id: '6902bbefb6e695786db390930576022c') in 0.0191834 seconds
Number of updated asset objects reloaded before import = 0Number of asset objects unloaded after import = 3

========================================================================
Received Import Request.
  Time since last request: 0.000014 seconds.
  path: Assets/Asset1/CodeRedCat/4kVectorLandscape/Night/HillsNBGMain.png
  artifactKey: Guid(a664a8ad04d219c48bb249f60be13c32) Importer(815301076,1909f56bfc062723c751e8b465ee728b)
Start importing Assets/Asset1/CodeRedCat/4kVectorLandscape/Night/HillsNBGMain.png using Guid(a664a8ad04d219c48bb249f60be13c32) Importer(815301076,1909f56bfc062723c751e8b465ee728b) (PreviewImporter) -> (artifact id: 'c10451468a5746720c28264b693b786c') in 0.017175 seconds
Number of updated asset objects reloaded before import = 0Number of asset objects unloaded after import = 3

========================================================================
Received Import Request.
  Time since last request: 0.000016 seconds.
  path: Assets/Asset1/CodeRedCat/4kVectorLandscape/Night/HillsNBGMain.prefab
  artifactKey: Guid(2258296b0e4571f42824ede086c1574b) Importer(815301076,1909f56bfc062723c751e8b465ee728b)
Start importing Assets/Asset1/CodeRedCat/4kVectorLandscape/Night/HillsNBGMain.prefab using Guid(2258296b0e4571f42824ede086c1574b) Importer(815301076,1909f56bfc062723c751e8b465ee728b) (PreviewImporter) -> (artifact id: '37e7eb54302262a3c14f152963ca0a0b') in 0.3581294 seconds
Number of updated asset objects reloaded before import = 0Number of asset objects unloaded after import = 7

========================================================================
Received Import Request.
  Time since last request: 173.010542 seconds.
  path: Assets/Asset1/CodeRedCat/4kVectorLandscape/Night/PinetreesNBGMain 1.png
  artifactKey: Guid(83602277e6a17264a984c5dea826a87f) Importer(2089858483,b0f066a214c2f5e87bad3c948f4d605d)
Start importing Assets/Asset1/CodeRedCat/4kVectorLandscape/Night/PinetreesNBGMain 1.png using Guid(83602277e6a17264a984c5dea826a87f) Importer(2089858483,b0f066a214c2f5e87bad3c948f4d605d) (ScriptedImporter) -> (artifact id: 'a46ae94557e07e546c47c8be9f2efad9') in 0.118887 seconds
Number of updated asset objects reloaded before import = 0Number of asset objects unloaded after import = 3

========================================================================
Received Import Request.
  Time since last request: 4.746627 seconds.
  path: Assets/Asset1/CodeRedCat/4kVectorLandscape/Morning/CloudsM2BGMain.png
  artifactKey: Guid(318708e6ca2175b4c8d106fd9f02fb79) Importer(815301076,1909f56bfc062723c751e8b465ee728b)
Start importing Assets/Asset1/CodeRedCat/4kVectorLandscape/Morning/CloudsM2BGMain.png using Guid(318708e6ca2175b4c8d106fd9f02fb79) Importer(815301076,1909f56bfc062723c751e8b465ee728b) (PreviewImporter) -> (artifact id: '5d3845a6ed517267ccd0a74d709f4142') in 0.0197637 seconds
Number of updated asset objects reloaded before import = 0Number of asset objects unloaded after import = 3

========================================================================
Received Import Request.
  Time since last request: 0.000038 seconds.
  path: Assets/Asset1/CodeRedCat/4kVectorLandscape/Morning/GroundM1BGMain.png
  artifactKey: Guid(685b9f08fa8bac048990d0989c4ca350) Importer(815301076,1909f56bfc062723c751e8b465ee728b)
Start importing Assets/Asset1/CodeRedCat/4kVectorLandscape/Morning/GroundM1BGMain.png using Guid(685b9f08fa8bac048990d0989c4ca350) Importer(815301076,1909f56bfc062723c751e8b465ee728b) (PreviewImporter) -> (artifact id: '1616d3f78805b559bd2f623eaec57f67') in 0.0178033 seconds
Number of updated asset objects reloaded before import = 0Number of asset objects unloaded after import = 3

========================================================================
Received Import Request.
  Time since last request: 0.000028 seconds.
  path: Assets/Asset1/CodeRedCat/4kVectorLandscape/Morning/MorningSkyBG.png
  artifactKey: Guid(60a2ba0f97e025742a533428383491c3) Importer(815301076,1909f56bfc062723c751e8b465ee728b)
Start importing Assets/Asset1/CodeRedCat/4kVectorLandscape/Morning/MorningSkyBG.png using Guid(60a2ba0f97e025742a533428383491c3) Importer(815301076,1909f56bfc062723c751e8b465ee728b) (PreviewImporter) -> (artifact id: '95df3a61138a085eb870900c0d3aff37') in 0.0187655 seconds
Number of updated asset objects reloaded before import = 0Number of asset objects unloaded after import = 3

========================================================================
Received Import Request.
  Time since last request: 0.000037 seconds.
  path: Assets/Asset1/CodeRedCat/4kVectorLandscape/Morning/PinetreesMBGTop.png
  artifactKey: Guid(d708b528d8a36584ea39127e24b041d8) Importer(815301076,1909f56bfc062723c751e8b465ee728b)
Start importing Assets/Asset1/CodeRedCat/4kVectorLandscape/Morning/PinetreesMBGTop.png using Guid(d708b528d8a36584ea39127e24b041d8) Importer(815301076,1909f56bfc062723c751e8b465ee728b) (PreviewImporter) -> (artifact id: '0a110f72f56171c944c7929108ab79ee') in 0.0194636 seconds
Number of updated asset objects reloaded before import = 0Number of asset objects unloaded after import = 3

========================================================================
Received Import Request.
  Time since last request: 0.000032 seconds.
  path: Assets/Asset1/CodeRedCat/4kVectorLandscape/Morning/GroundM2BGMain.png
  artifactKey: Guid(e8c2ccaffdb4e444abdd83a9c0e54bcc) Importer(815301076,1909f56bfc062723c751e8b465ee728b)
Start importing Assets/Asset1/CodeRedCat/4kVectorLandscape/Morning/GroundM2BGMain.png using Guid(e8c2ccaffdb4e444abdd83a9c0e54bcc) Importer(815301076,1909f56bfc062723c751e8b465ee728b) (PreviewImporter) -> (artifact id: 'f5b1440c9ef3bdf21cd2dd64d5432f76') in 0.0196242 seconds
Number of updated asset objects reloaded before import = 0Number of asset objects unloaded after import = 3

========================================================================
Received Import Request.
  Time since last request: 0.000027 seconds.
  path: Assets/Asset1/CodeRedCat/4kVectorLandscape/Morning/PinetreesMBGMain.png
  artifactKey: Guid(13780fe8027561141bcfb1fc44f363e3) Importer(815301076,1909f56bfc062723c751e8b465ee728b)
Start importing Assets/Asset1/CodeRedCat/4kVectorLandscape/Morning/PinetreesMBGMain.png using Guid(13780fe8027561141bcfb1fc44f363e3) Importer(815301076,1909f56bfc062723c751e8b465ee728b) (PreviewImporter) -> (artifact id: 'f944a794633f073ea2f2fe3225a7b9b9') in 0.0206134 seconds
Number of updated asset objects reloaded before import = 0Number of asset objects unloaded after import = 3

========================================================================
Received Import Request.
  Time since last request: 0.000029 seconds.
  path: Assets/Asset1/CodeRedCat/4kVectorLandscape/Morning/HillsMBGTop.png
  artifactKey: Guid(375d6044033998143809f78ea21075c7) Importer(815301076,1909f56bfc062723c751e8b465ee728b)
Start importing Assets/Asset1/CodeRedCat/4kVectorLandscape/Morning/HillsMBGTop.png using Guid(375d6044033998143809f78ea21075c7) Importer(815301076,1909f56bfc062723c751e8b465ee728b) (PreviewImporter) -> (artifact id: 'ff441beaee8d8514b4b7bdfd39b953e1') in 0.0220334 seconds
Number of updated asset objects reloaded before import = 0Number of asset objects unloaded after import = 3

========================================================================
Received Import Request.
  Time since last request: 0.000025 seconds.
  path: Assets/Asset1/CodeRedCat/4kVectorLandscape/Morning/MorningSun2BG.png
  artifactKey: Guid(493d02360b10e264ab4449996a94dd6a) Importer(815301076,1909f56bfc062723c751e8b465ee728b)
Start importing Assets/Asset1/CodeRedCat/4kVectorLandscape/Morning/MorningSun2BG.png using Guid(493d02360b10e264ab4449996a94dd6a) Importer(815301076,1909f56bfc062723c751e8b465ee728b) (PreviewImporter) -> (artifact id: 'd2303b06df74805874b7c1c3213d87e5') in 0.0208217 seconds
Number of updated asset objects reloaded before import = 0Number of asset objects unloaded after import = 3

========================================================================
Received Import Request.
  Time since last request: 0.000036 seconds.
  path: Assets/Asset1/CodeRedCat/4kVectorLandscape/Morning/MountainM2BGTop.png
  artifactKey: Guid(dc1896fea3de8e54192dc3f6b589dc80) Importer(815301076,1909f56bfc062723c751e8b465ee728b)
Start importing Assets/Asset1/CodeRedCat/4kVectorLandscape/Morning/MountainM2BGTop.png using Guid(dc1896fea3de8e54192dc3f6b589dc80) Importer(815301076,1909f56bfc062723c751e8b465ee728b) (PreviewImporter) -> (artifact id: '5a8c609144b2d3e724eebe35e10b0523') in 0.0239663 seconds
Number of updated asset objects reloaded before import = 0Number of asset objects unloaded after import = 3

========================================================================
Received Import Request.
  Time since last request: 0.000023 seconds.
  path: Assets/Asset1/CodeRedCat/4kVectorLandscape/Morning/MountainM1BGTop.png
  artifactKey: Guid(064cb4c798762ab45a12b45cf21180e8) Importer(815301076,1909f56bfc062723c751e8b465ee728b)
Start importing Assets/Asset1/CodeRedCat/4kVectorLandscape/Morning/MountainM1BGTop.png using Guid(064cb4c798762ab45a12b45cf21180e8) Importer(815301076,1909f56bfc062723c751e8b465ee728b) (PreviewImporter) -> (artifact id: 'f3922055c6b648e28699f3de15e2e54e') in 0.0188174 seconds
Number of updated asset objects reloaded before import = 0Number of asset objects unloaded after import = 3

========================================================================
Received Import Request.
  Time since last request: 0.000019 seconds.
  path: Assets/Asset1/CodeRedCat/4kVectorLandscape/Morning/GroundM1BGTop.png
  artifactKey: Guid(73d87d76a5a44014483a5fe4369d96cc) Importer(815301076,1909f56bfc062723c751e8b465ee728b)
Start importing Assets/Asset1/CodeRedCat/4kVectorLandscape/Morning/GroundM1BGTop.png using Guid(73d87d76a5a44014483a5fe4369d96cc) Importer(815301076,1909f56bfc062723c751e8b465ee728b) (PreviewImporter) -> (artifact id: 'aed52a2934b8373d95c40fa05390f879') in 0.0173973 seconds
Number of updated asset objects reloaded before import = 0Number of asset objects unloaded after import = 3

========================================================================
Received Import Request.
  Time since last request: 0.000031 seconds.
  path: Assets/Asset1/CodeRedCat/4kVectorLandscape/Morning/MountainM1BGMain.png
  artifactKey: Guid(744351ce9fec13a40b171e1c5435f845) Importer(815301076,1909f56bfc062723c751e8b465ee728b)
Start importing Assets/Asset1/CodeRedCat/4kVectorLandscape/Morning/MountainM1BGMain.png using Guid(744351ce9fec13a40b171e1c5435f845) Importer(815301076,1909f56bfc062723c751e8b465ee728b) (PreviewImporter) -> (artifact id: '17e5815602d60e7322316fb4cfa2b63c') in 0.0181277 seconds
Number of updated asset objects reloaded before import = 0Number of asset objects unloaded after import = 3

========================================================================
Received Import Request.
  Time since last request: 2.528760 seconds.
  path: Assets/Asset1/CodeRedCat/4kVectorLandscape/NormalDay/Clouds2BGMain.png
  artifactKey: Guid(abbd688b7427b5e43b7084f2ff1b3bb2) Importer(815301076,1909f56bfc062723c751e8b465ee728b)
Start importing Assets/Asset1/CodeRedCat/4kVectorLandscape/NormalDay/Clouds2BGMain.png using Guid(abbd688b7427b5e43b7084f2ff1b3bb2) Importer(815301076,1909f56bfc062723c751e8b465ee728b) (PreviewImporter) -> (artifact id: '0fedd6f01ad3563278b947b82972ea1a') in 0.0154339 seconds
Number of updated asset objects reloaded before import = 0Number of asset objects unloaded after import = 3

========================================================================
Received Import Request.
  Time since last request: 0.000020 seconds.
  path: Assets/Asset1/CodeRedCat/4kVectorLandscape/NormalDay/DeciduousTreesBGMain.png
  artifactKey: Guid(3c63fc1301ec3d54d9ee0a9ffcedce6e) Importer(815301076,1909f56bfc062723c751e8b465ee728b)
Start importing Assets/Asset1/CodeRedCat/4kVectorLandscape/NormalDay/DeciduousTreesBGMain.png using Guid(3c63fc1301ec3d54d9ee0a9ffcedce6e) Importer(815301076,1909f56bfc062723c751e8b465ee728b) (PreviewImporter) -> (artifact id: '4860a98e7dbe86d9a554e7836b49a5ab') in 0.0138892 seconds
Number of updated asset objects reloaded before import = 0Number of asset objects unloaded after import = 3

========================================================================
Received Import Request.
  Time since last request: 0.000022 seconds.
  path: Assets/Asset1/CodeRedCat/4kVectorLandscape/NormalDay/Ground2BGMain.png
  artifactKey: Guid(7a1acaf8d6aa12141b6d962ce07c3285) Importer(815301076,1909f56bfc062723c751e8b465ee728b)
Start importing Assets/Asset1/CodeRedCat/4kVectorLandscape/NormalDay/Ground2BGMain.png using Guid(7a1acaf8d6aa12141b6d962ce07c3285) Importer(815301076,1909f56bfc062723c751e8b465ee728b) (PreviewImporter) -> (artifact id: '73eb8b88a358f72a133bc89b406838f1') in 0.0176927 seconds
Number of updated asset objects reloaded before import = 0Number of asset objects unloaded after import = 3

========================================================================
Received Import Request.
  Time since last request: 0.000020 seconds.
  path: Assets/Asset1/CodeRedCat/4kVectorLandscape/NormalDay/Mountains2BGTop.png
  artifactKey: Guid(89c09007444c7c84d97bb2f691356fa2) Importer(815301076,1909f56bfc062723c751e8b465ee728b)
Start importing Assets/Asset1/CodeRedCat/4kVectorLandscape/NormalDay/Mountains2BGTop.png using Guid(89c09007444c7c84d97bb2f691356fa2) Importer(815301076,1909f56bfc062723c751e8b465ee728b) (PreviewImporter) -> (artifact id: '83e84fab5eda4f774a28b3514fca33ea') in 0.0174931 seconds
Number of updated asset objects reloaded before import = 0Number of asset objects unloaded after import = 3

========================================================================
Received Import Request.
  Time since last request: 0.000030 seconds.
  path: Assets/Asset1/CodeRedCat/4kVectorLandscape/NormalDay/Ground1BGTop.png
  artifactKey: Guid(5fa3fc0a97b6624489138fd10789f37c) Importer(815301076,1909f56bfc062723c751e8b465ee728b)
Start importing Assets/Asset1/CodeRedCat/4kVectorLandscape/NormalDay/Ground1BGTop.png using Guid(5fa3fc0a97b6624489138fd10789f37c) Importer(815301076,1909f56bfc062723c751e8b465ee728b) (PreviewImporter) -> (artifact id: 'dc4c236d1ea00d7c1988fd2c78c31ee6') in 0.0171229 seconds
Number of updated asset objects reloaded before import = 0Number of asset objects unloaded after import = 3

========================================================================
Received Import Request.
  Time since last request: 0.000019 seconds.
  path: Assets/Asset1/CodeRedCat/4kVectorLandscape/NormalDay/Sun1BG.png
  artifactKey: Guid(32043080811bf6f45a6e2345ef35d544) Importer(815301076,1909f56bfc062723c751e8b465ee728b)
Start importing Assets/Asset1/CodeRedCat/4kVectorLandscape/NormalDay/Sun1BG.png using Guid(32043080811bf6f45a6e2345ef35d544) Importer(815301076,1909f56bfc062723c751e8b465ee728b) (PreviewImporter) -> (artifact id: '4644204f28b3c6b71028932c4da98a63') in 0.0161236 seconds
Number of updated asset objects reloaded before import = 0Number of asset objects unloaded after import = 3

========================================================================
Received Import Request.
  Time since last request: 0.000019 seconds.
  path: Assets/Asset1/CodeRedCat/4kVectorLandscape/NormalDay/PinetreesBGMain.png
  artifactKey: Guid(0da37853f5b778f44be3678e01748ff7) Importer(815301076,1909f56bfc062723c751e8b465ee728b)
Start importing Assets/Asset1/CodeRedCat/4kVectorLandscape/NormalDay/PinetreesBGMain.png using Guid(0da37853f5b778f44be3678e01748ff7) Importer(815301076,1909f56bfc062723c751e8b465ee728b) (PreviewImporter) -> (artifact id: 'd4503608773637d5bff8fa92d326f351') in 0.0148478 seconds
Number of updated asset objects reloaded before import = 0Number of asset objects unloaded after import = 3

========================================================================
Received Import Request.
  Time since last request: 0.000021 seconds.
  path: Assets/Asset1/CodeRedCat/4kVectorLandscape/NormalDay/Ground1BGMain.png
  artifactKey: Guid(2a6ae71d198fa4a44962a221e6dc9760) Importer(815301076,1909f56bfc062723c751e8b465ee728b)
Start importing Assets/Asset1/CodeRedCat/4kVectorLandscape/NormalDay/Ground1BGMain.png using Guid(2a6ae71d198fa4a44962a221e6dc9760) Importer(815301076,1909f56bfc062723c751e8b465ee728b) (PreviewImporter) -> (artifact id: '4af884077f8b2f3898499a9d0f5f62a5') in 0.0168717 seconds
Number of updated asset objects reloaded before import = 0Number of asset objects unloaded after import = 3

========================================================================
Received Import Request.
  Time since last request: 0.000032 seconds.
  path: Assets/Asset1/CodeRedCat/4kVectorLandscape/NormalDay/Mountains1BGMain.png
  artifactKey: Guid(cef539b624f16ef4a85775908375d3cd) Importer(815301076,1909f56bfc062723c751e8b465ee728b)
Start importing Assets/Asset1/CodeRedCat/4kVectorLandscape/NormalDay/Mountains1BGMain.png using Guid(cef539b624f16ef4a85775908375d3cd) Importer(815301076,1909f56bfc062723c751e8b465ee728b) (PreviewImporter) -> (artifact id: '66fc0d1e13ee82009942e82fbdbd3e2a') in 0.017997 seconds
Number of updated asset objects reloaded before import = 0Number of asset objects unloaded after import = 3

========================================================================
Received Import Request.
  Time since last request: 8.219094 seconds.
  path: Assets/Asset1/CodeRedCat/4kVectorLandscape/Winter/CloudsW2BGMain.png
  artifactKey: Guid(0fae47f655e663f42ace93f28964ea65) Importer(815301076,1909f56bfc062723c751e8b465ee728b)
Start importing Assets/Asset1/CodeRedCat/4kVectorLandscape/Winter/CloudsW2BGMain.png using Guid(0fae47f655e663f42ace93f28964ea65) Importer(815301076,1909f56bfc062723c751e8b465ee728b) (PreviewImporter) -> (artifact id: '4ded4fc093e8cd1fdca4902dd38bf8a9') in 0.0178109 seconds
Number of updated asset objects reloaded before import = 0Number of asset objects unloaded after import = 3

========================================================================
Received Import Request.
  Time since last request: 0.000021 seconds.
  path: Assets/Asset1/CodeRedCat/4kVectorLandscape/Winter/GroundW1BGMain.png
  artifactKey: Guid(f0ae8ff15928b2f4d8dc25ca2c14cf9c) Importer(815301076,1909f56bfc062723c751e8b465ee728b)
Start importing Assets/Asset1/CodeRedCat/4kVectorLandscape/Winter/GroundW1BGMain.png using Guid(f0ae8ff15928b2f4d8dc25ca2c14cf9c) Importer(815301076,1909f56bfc062723c751e8b465ee728b) (PreviewImporter) -> (artifact id: '3f0254b10d93d5231e0258daf50f0593') in 0.0163925 seconds
Number of updated asset objects reloaded before import = 0Number of asset objects unloaded after import = 3

========================================================================
Received Import Request.
  Time since last request: 0.000021 seconds.
  path: Assets/Asset1/CodeRedCat/4kVectorLandscape/Winter/GroundW1BGTop.png
  artifactKey: Guid(783489e232b9cca4e9d43305c8d0997f) Importer(815301076,1909f56bfc062723c751e8b465ee728b)
Start importing Assets/Asset1/CodeRedCat/4kVectorLandscape/Winter/GroundW1BGTop.png using Guid(783489e232b9cca4e9d43305c8d0997f) Importer(815301076,1909f56bfc062723c751e8b465ee728b) (PreviewImporter) -> (artifact id: '2fd8ab986dfab190dc6daa753c0cc59b') in 0.0226643 seconds
Number of updated asset objects reloaded before import = 0Number of asset objects unloaded after import = 3

========================================================================
Received Import Request.
  Time since last request: 0.000027 seconds.
  path: Assets/Asset1/CodeRedCat/4kVectorLandscape/Winter/MountainW1BGTop.png
  artifactKey: Guid(1f192510c5074c2409cd525ffd2dda3c) Importer(815301076,1909f56bfc062723c751e8b465ee728b)
Start importing Assets/Asset1/CodeRedCat/4kVectorLandscape/Winter/MountainW1BGTop.png using Guid(1f192510c5074c2409cd525ffd2dda3c) Importer(815301076,1909f56bfc062723c751e8b465ee728b) (PreviewImporter) -> (artifact id: '9d949bcb33eac48915d0dc313d9fe9d2') in 0.0192483 seconds
Number of updated asset objects reloaded before import = 0Number of asset objects unloaded after import = 3

========================================================================
Received Import Request.
  Time since last request: 0.000019 seconds.
  path: Assets/Asset1/CodeRedCat/4kVectorLandscape/Winter/WinterSun1BG.png
  artifactKey: Guid(96c6b93a3b6ec1d4580cb3cc29483327) Importer(815301076,1909f56bfc062723c751e8b465ee728b)
Start importing Assets/Asset1/CodeRedCat/4kVectorLandscape/Winter/WinterSun1BG.png using Guid(96c6b93a3b6ec1d4580cb3cc29483327) Importer(815301076,1909f56bfc062723c751e8b465ee728b) (PreviewImporter) -> (artifact id: '91be3253d37afe3f39113e9927e7a917') in 0.0192713 seconds
Number of updated asset objects reloaded before import = 0Number of asset objects unloaded after import = 3

========================================================================
Received Import Request.
  Time since last request: 0.000021 seconds.
  path: Assets/Asset1/CodeRedCat/4kVectorLandscape/Winter/MountainW2BGMain.png
  artifactKey: Guid(478b3c1b421418d4bbc12be7c508eae7) Importer(815301076,1909f56bfc062723c751e8b465ee728b)
Start importing Assets/Asset1/CodeRedCat/4kVectorLandscape/Winter/MountainW2BGMain.png using Guid(478b3c1b421418d4bbc12be7c508eae7) Importer(815301076,1909f56bfc062723c751e8b465ee728b) (PreviewImporter) -> (artifact id: '3220e1af40b51568b1c10bcda9062910') in 0.017922 seconds
Number of updated asset objects reloaded before import = 0Number of asset objects unloaded after import = 3

========================================================================
Received Import Request.
  Time since last request: 0.000029 seconds.
  path: Assets/Asset1/CodeRedCat/4kVectorLandscape/Winter/GroundW2BGMain.png
  artifactKey: Guid(48cc9b74a8611e94e96ec33fa9d2c06a) Importer(815301076,1909f56bfc062723c751e8b465ee728b)
Start importing Assets/Asset1/CodeRedCat/4kVectorLandscape/Winter/GroundW2BGMain.png using Guid(48cc9b74a8611e94e96ec33fa9d2c06a) Importer(815301076,1909f56bfc062723c751e8b465ee728b) (PreviewImporter) -> (artifact id: 'c51e9e0a2af2a6a3322f0ea5ce98c586') in 0.0183584 seconds
Number of updated asset objects reloaded before import = 0Number of asset objects unloaded after import = 3

